[       732 us][INFO ] logger initialised: scenario=keymismatch seed=12648430 out=/home/user/computer_engineering_project/integrated_simulation_env/results/20260419T043003Z/raw git=ise
[       843 us][INFO ] running scenario 'keymismatch' (Wrong-key rejection (SWS_SecOC_00046))
[      2255 us][INFO ] bus[0] kind=1 bitrate=5000000 MTU=64 ber=0.00e+00 prop_ns=3000
[      5403 us][INFO ] ecu[tx-keymm] stack initialised (protection=2)
[      5504 us][INFO ] ecu[rx-keymm] stack initialised (protection=2)
[      5810 us][INFO ] PQC handshake complete: keygen+encaps+decaps+HKDF = 244.4 us
[     99326 us][INFO ] =========== keymismatch_shared summary ===========
[     99389 us][INFO ] messages   success=50  verify_fail=0  drop=0
[     99426 us][INFO ] e2e latency p50/p95/p99 = 1597.5 / 3250.7 / 3421.3 us
[     99448 us][INFO ] SecOC auth   mean=148.6 us  verify mean=45.9 us
[     99461 us][INFO ] [shared] attempted=50 accepted=50 rejected=0 (expected accepted = 100%)
[    100202 us][INFO ] bus[0] kind=1 bitrate=5000000 MTU=64 ber=0.00e+00 prop_ns=3000
[    100423 us][INFO ] ecu[tx-keymm] stack initialised (protection=2)
[    100526 us][INFO ] ecu[rx-keymm] stack initialised (protection=2)
[    183151 us][INFO ] =========== keymismatch_mismatch summary ===========
[    183251 us][INFO ] messages   success=0  verify_fail=50  drop=0
[    183282 us][INFO ] SecOC auth   mean=137.9 us  verify mean=43.1 us
[    183308 us][INFO ] attacks injected=50 detected=50 delivered=0
[    183347 us][INFO ] [mismatch] attempted=50 accepted=0 rejected=50 (expected accepted = 0%)
[    184396 us][INFO ] =========== keymismatch_aggregate summary ===========
[    184436 us][INFO ] messages   success=50  verify_fail=50  drop=0
[    184447 us][INFO ] attacks injected=50 detected=50 delivered=0
[    184457 us][INFO ] keymismatch summary: shared=success, mismatch=100% rejection (SWS_SecOC_00046 binding proven)
