[       909 us][INFO ] logger initialised: scenario=persistence seed=12648430 out=/home/user/computer_engineering_project/integrated_simulation_env/results/20260419T043003Z/raw git=ise
[      1121 us][INFO ] running scenario 'persistence' (NvM freshness persistence across reboot)
[      2314 us][INFO ] bus[0] kind=1 bitrate=5000000 MTU=64 ber=0.00e+00 prop_ns=3000
[      2382 us][INFO ] ecu[tx-persist] stack initialised (protection=1)
[      2400 us][INFO ] ecu[rx-persist] stack initialised (protection=1)
[    112529 us][INFO ] [no_nvm] phase1 done: freshness_tx=50 freshness_rx=50
[    112616 us][INFO ] ecu[rx-persist] stack initialised (protection=1)
[    112670 us][WARN ] [no_nvm] no NvM restore: freshness_rx resets to 0 (SWS_SecOC_00194 violation)
[    168157 us][INFO ] [no_nvm] phase2 replays: injected=25 detected=0 delivered=25
[    275341 us][INFO ] =========== persistence_no_nvm summary ===========
[    275483 us][INFO ] messages   success=125  verify_fail=0  drop=0
[    275537 us][INFO ] e2e latency p50/p95/p99 = 2315.0 / 2432.2 / 2452.0 us
[    275581 us][INFO ] SecOC auth   mean=17.5 us  verify mean=13.8 us
[    275607 us][INFO ] attacks injected=25 detected=0 delivered=25
[    276093 us][INFO ] bus[0] kind=1 bitrate=5000000 MTU=64 ber=0.00e+00 prop_ns=3000
[    276161 us][INFO ] ecu[tx-persist] stack initialised (protection=1)
[    276184 us][INFO ] ecu[rx-persist] stack initialised (protection=1)
[    381443 us][INFO ] [with_nvm] phase1 done: freshness_tx=50 freshness_rx=50
[    381516 us][INFO ] ecu[rx-persist] stack initialised (protection=1)
[    381534 us][INFO ] [with_nvm] NvM restore applied: freshness_rx=50
[    439881 us][INFO ] [with_nvm] phase2 replays: injected=25 detected=25 delivered=0
[    545086 us][INFO ] =========== persistence_with_nvm summary ===========
[    545133 us][INFO ] messages   success=100  verify_fail=25  drop=0
[    545230 us][INFO ] e2e latency p50/p95/p99 = 2362.8 / 2467.2 / 2487.4 us
[    545249 us][INFO ] SecOC auth   mean=5.1 us  verify mean=13.4 us
[    545333 us][INFO ] attacks injected=25 detected=25 delivered=0
[    545862 us][INFO ] =========== persistence_aggregate summary ===========
[    545900 us][INFO ] messages   success=225  verify_fail=25  drop=0
[    545915 us][INFO ] attacks injected=50 detected=25 delivered=25
[    545934 us][INFO ] persistence summary: replay_delivered_without_nvm_vs_with_nvm verifies SWS_SecOC_00194
