[       781 us][INFO ] logger initialised: scenario=persistence seed=12648430 out=/home/user/computer_engineering_project/integrated_simulation_env/results/20260419T043003Z/raw git=ise
[      1027 us][INFO ] running scenario 'persistence' (NvM freshness persistence across reboot)
[      2311 us][INFO ] bus[0] kind=1 bitrate=5000000 MTU=64 ber=0.00e+00 prop_ns=3000
[      5035 us][INFO ] ecu[tx-persist] stack initialised (protection=2)
[      5133 us][INFO ] ecu[rx-persist] stack initialised (protection=2)
[      5402 us][INFO ] PQC handshake complete: keygen+encaps+decaps+HKDF = 221.5 us
[     90614 us][INFO ] [no_nvm] phase1 done: freshness_tx=50 freshness_rx=50
[     90799 us][INFO ] ecu[rx-persist] stack initialised (protection=2)
[     90938 us][WARN ] [no_nvm] no NvM restore: freshness_rx resets to 0 (SWS_SecOC_00194 violation)
[    134612 us][INFO ] [no_nvm] phase2 replays: injected=25 detected=0 delivered=25
[    223109 us][INFO ] =========== persistence_no_nvm summary ===========
[    223157 us][INFO ] messages   success=125  verify_fail=0  drop=0
[    223254 us][INFO ] e2e latency p50/p95/p99 = 1517.8 / 2330.8 / 3356.1 us
[    223361 us][INFO ] SecOC auth   mean=140.1 us  verify mean=43.0 us
[    223437 us][INFO ] attacks injected=25 detected=0 delivered=25
[    225118 us][INFO ] bus[0] kind=1 bitrate=5000000 MTU=64 ber=0.00e+00 prop_ns=3000
[    225264 us][INFO ] ecu[tx-persist] stack initialised (protection=2)
[    225381 us][INFO ] ecu[rx-persist] stack initialised (protection=2)
[    225504 us][INFO ] PQC handshake complete: keygen+encaps+decaps+HKDF = 95.6 us
[    308309 us][INFO ] [with_nvm] phase1 done: freshness_tx=50 freshness_rx=50
[    308483 us][INFO ] ecu[rx-persist] stack initialised (protection=2)
[    308614 us][INFO ] [with_nvm] NvM restore applied: freshness_rx=50
[    351928 us][INFO ] [with_nvm] phase2 replays: injected=25 detected=25 delivered=0
[    438797 us][INFO ] =========== persistence_with_nvm summary ===========
[    438857 us][INFO ] messages   success=100  verify_fail=25  drop=0
[    438882 us][INFO ] e2e latency p50/p95/p99 = 1561.9 / 2290.3 / 2325.4 us
[    438935 us][INFO ] SecOC auth   mean=146.3 us  verify mean=32.7 us
[    438957 us][INFO ] attacks injected=25 detected=25 delivered=0
[    440727 us][INFO ] =========== persistence_aggregate summary ===========
[    440759 us][INFO ] messages   success=225  verify_fail=25  drop=0
[    440770 us][INFO ] attacks injected=50 detected=25 delivered=25
[    440779 us][INFO ] persistence summary: replay_delivered_without_nvm_vs_with_nvm verifies SWS_SecOC_00194
