[      1088 us][INFO ] logger initialised: scenario=baseline seed=12648430 out=/home/user/computer_engineering_project/integrated_simulation_env/results/20260418T075803Z/raw git=ise
[      1263 us][INFO ] running scenario 'baseline' (Baseline per-signal latency & overhead)
[      2180 us][INFO ] bus[1] kind=1 bitrate=5000000 MTU=64 ber=0.00e+00 prop_ns=3000
[      2368 us][INFO ] bus[0] kind=0 bitrate=1000000 MTU=8 ber=0.00e+00 prop_ns=5000
[      2466 us][INFO ] bus[2] kind=2 bitrate=10000000 MTU=254 ber=0.00e+00 prop_ns=2000
[      2579 us][INFO ] bus[3] kind=3 bitrate=100000000 MTU=1500 ber=0.00e+00 prop_ns=1000
[      2717 us][INFO ] bus[4] kind=4 bitrate=1000000000 MTU=1500 ber=0.00e+00 prop_ns=500
[      5963 us][INFO ] ecu[tx-ecu] stack initialised (protection=3)
[      6108 us][INFO ] ecu[rx-ecu] stack initialised (protection=3)
[      6582 us][INFO ] PQC handshake complete: keygen+encaps+decaps+HKDF = 383.5 us
[      6679 us][INFO ] signal 0x01 (BrakeCmd): 200 iterations on bus_kind=1
[    384127 us][INFO ] ecu[tx-ecu] stack initialised (protection=3)
[    384316 us][INFO ] ecu[rx-ecu] stack initialised (protection=3)
[    384578 us][INFO ] PQC handshake complete: keygen+encaps+decaps+HKDF = 163.6 us
[    384645 us][INFO ] signal 0x02 (SteeringTorque): 200 iterations on bus_kind=1
[    833677 us][INFO ] ecu[tx-ecu] stack initialised (protection=3)
[    833822 us][INFO ] ecu[rx-ecu] stack initialised (protection=3)
[    834006 us][INFO ] PQC handshake complete: keygen+encaps+decaps+HKDF = 124.1 us
[    834059 us][INFO ] signal 0x03 (AirbagTrigger): 200 iterations on bus_kind=0
[   1294228 us][INFO ] ecu[tx-ecu] stack initialised (protection=3)
[   1294423 us][INFO ] ecu[rx-ecu] stack initialised (protection=3)
[   1294655 us][INFO ] PQC handshake complete: keygen+encaps+decaps+HKDF = 169.0 us
[   1294752 us][INFO ] signal 0x04 (Throttle): 200 iterations on bus_kind=1
[   1747428 us][INFO ] ecu[tx-ecu] stack initialised (protection=3)
[   1747596 us][INFO ] ecu[rx-ecu] stack initialised (protection=3)
[   1747764 us][INFO ] PQC handshake complete: keygen+encaps+decaps+HKDF = 98.5 us
[   1747803 us][INFO ] signal 0x05 (AbsWheelSpeed): 200 iterations on bus_kind=1
[   2209859 us][INFO ] ecu[tx-ecu] stack initialised (protection=3)
[   2210015 us][INFO ] ecu[rx-ecu] stack initialised (protection=3)
[   2210195 us][INFO ] PQC handshake complete: keygen+encaps+decaps+HKDF = 117.3 us
[   2210235 us][INFO ] signal 0x06 (InverterTorque): 200 iterations on bus_kind=2
[   2631315 us][INFO ] ecu[tx-ecu] stack initialised (protection=3)
[   2631461 us][INFO ] ecu[rx-ecu] stack initialised (protection=3)
[   2631617 us][INFO ] PQC handshake complete: keygen+encaps+decaps+HKDF = 95.5 us
[   2631657 us][INFO ] signal 0x07 (BodyMotion): 200 iterations on bus_kind=1
[   3087218 us][INFO ] ecu[tx-ecu] stack initialised (protection=3)
[   3087405 us][INFO ] ecu[rx-ecu] stack initialised (protection=3)
[   3087620 us][INFO ] PQC handshake complete: keygen+encaps+decaps+HKDF = 141.7 us
[   3087671 us][INFO ] signal 0x08 (DoorLockState): 200 iterations on bus_kind=0
[   3518135 us][INFO ] ecu[tx-ecu] stack initialised (protection=3)
[   3518330 us][INFO ] ecu[rx-ecu] stack initialised (protection=3)
[   3518482 us][INFO ] PQC handshake complete: keygen+encaps+decaps+HKDF = 102.4 us
[   3518520 us][INFO ] signal 0x09 (Speedometer): 200 iterations on bus_kind=1
[   3973705 us][INFO ] ecu[tx-ecu] stack initialised (protection=3)
[   3973839 us][INFO ] ecu[rx-ecu] stack initialised (protection=3)
[   3973991 us][INFO ] PQC handshake complete: keygen+encaps+decaps+HKDF = 106.2 us
[   3974021 us][INFO ] signal 0x0A (HVAC): 200 iterations on bus_kind=0
[   4398936 us][INFO ] ecu[tx-ecu] stack initialised (protection=3)
[   4399089 us][INFO ] ecu[rx-ecu] stack initialised (protection=3)
[   4399251 us][INFO ] PQC handshake complete: keygen+encaps+decaps+HKDF = 115.5 us
[   4399303 us][INFO ] signal 0x0B (InfotainmentGateway): 200 iterations on bus_kind=3
[   4845731 us][INFO ] ecu[tx-ecu] stack initialised (protection=3)
[   4845901 us][INFO ] ecu[rx-ecu] stack initialised (protection=3)
[   4846086 us][INFO ] PQC handshake complete: keygen+encaps+decaps+HKDF = 113.8 us
[   4846138 us][INFO ] signal 0x0C (ADAS_Camera_Meta): 200 iterations on bus_kind=3
[   5302713 us][INFO ] ecu[tx-ecu] stack initialised (protection=3)
[   5302878 us][INFO ] ecu[rx-ecu] stack initialised (protection=3)
[   5303108 us][INFO ] PQC handshake complete: keygen+encaps+decaps+HKDF = 160.5 us
[   5303141 us][INFO ] signal 0x0D (V2X_AuthenticatedMsg): 200 iterations on bus_kind=4
[   5585674 us][INFO ] ecu[tx-ecu] stack initialised (protection=3)
[   5585888 us][INFO ] ecu[rx-ecu] stack initialised (protection=3)
[   5586056 us][INFO ] PQC handshake complete: keygen+encaps+decaps+HKDF = 108.7 us
[   5586114 us][INFO ] signal 0x0E (OBD_Diagnostic): 200 iterations on bus_kind=3
[   6045844 us][INFO ] =========== baseline summary ===========
[   6045910 us][INFO ] messages   success=2800  verify_fail=0  drop=0
[   6046815 us][INFO ] e2e latency p50/p95/p99 = 2210.3 / 3291.5 / 3374.3 us
[   6046880 us][INFO ] SecOC auth   mean=178.7 us  verify mean=83.3 us
[   6046901 us][INFO ] deadline D1 miss 0/600 (0.00%)
[   6046917 us][INFO ] deadline D2 miss 0/600 (0.00%)
[   6046932 us][INFO ] deadline D3 miss 0/600 (0.00%)
[   6046947 us][INFO ] deadline D4 miss 0/400 (0.00%)
[   6046977 us][INFO ] deadline D5 miss 0/400 (0.00%)
[   6046999 us][INFO ] deadline D6 miss 0/200 (0.00%)
