[      1109 us][INFO ] logger initialised: scenario=baseline seed=12648430 out=/home/user/computer_engineering_project/integrated_simulation_env/results/20260418T075803Z/raw git=ise
[      1352 us][INFO ] running scenario 'baseline' (Baseline per-signal latency & overhead)
[      2431 us][INFO ] bus[1] kind=1 bitrate=5000000 MTU=64 ber=0.00e+00 prop_ns=3000
[      2594 us][INFO ] bus[0] kind=0 bitrate=1000000 MTU=8 ber=0.00e+00 prop_ns=5000
[      2680 us][INFO ] bus[2] kind=2 bitrate=10000000 MTU=254 ber=0.00e+00 prop_ns=2000
[      2772 us][INFO ] bus[3] kind=3 bitrate=100000000 MTU=1500 ber=0.00e+00 prop_ns=1000
[      2889 us][INFO ] bus[4] kind=4 bitrate=1000000000 MTU=1500 ber=0.00e+00 prop_ns=500
[      7403 us][INFO ] ecu[tx-ecu] stack initialised (protection=2)
[      7581 us][INFO ] ecu[rx-ecu] stack initialised (protection=2)
[      8162 us][INFO ] PQC handshake complete: keygen+encaps+decaps+HKDF = 513.6 us
[      8253 us][INFO ] signal 0x01 (BrakeCmd): 200 iterations on bus_kind=1
[    440063 us][INFO ] ecu[tx-ecu] stack initialised (protection=2)
[    440279 us][INFO ] ecu[rx-ecu] stack initialised (protection=2)
[    440557 us][INFO ] PQC handshake complete: keygen+encaps+decaps+HKDF = 190.0 us
[    440626 us][INFO ] signal 0x02 (SteeringTorque): 200 iterations on bus_kind=1
[    911980 us][INFO ] ecu[tx-ecu] stack initialised (protection=2)
[    912168 us][INFO ] ecu[rx-ecu] stack initialised (protection=2)
[    912370 us][INFO ] PQC handshake complete: keygen+encaps+decaps+HKDF = 134.6 us
[    912455 us][INFO ] signal 0x03 (AirbagTrigger): 200 iterations on bus_kind=0
[   1361469 us][INFO ] ecu[tx-ecu] stack initialised (protection=2)
[   1361639 us][INFO ] ecu[rx-ecu] stack initialised (protection=2)
[   1361810 us][INFO ] PQC handshake complete: keygen+encaps+decaps+HKDF = 126.2 us
[   1361841 us][INFO ] signal 0x04 (Throttle): 200 iterations on bus_kind=1
[   1821090 us][INFO ] ecu[tx-ecu] stack initialised (protection=2)
[   1821279 us][INFO ] ecu[rx-ecu] stack initialised (protection=2)
[   1821517 us][INFO ] PQC handshake complete: keygen+encaps+decaps+HKDF = 127.1 us
[   1821554 us][INFO ] signal 0x05 (AbsWheelSpeed): 200 iterations on bus_kind=1
[   2279301 us][INFO ] ecu[tx-ecu] stack initialised (protection=2)
[   2279476 us][INFO ] ecu[rx-ecu] stack initialised (protection=2)
[   2279733 us][INFO ] PQC handshake complete: keygen+encaps+decaps+HKDF = 149.3 us
[   2279829 us][INFO ] signal 0x06 (InverterTorque): 200 iterations on bus_kind=2
[   2710464 us][INFO ] ecu[tx-ecu] stack initialised (protection=2)
[   2710703 us][INFO ] ecu[rx-ecu] stack initialised (protection=2)
[   2711021 us][INFO ] PQC handshake complete: keygen+encaps+decaps+HKDF = 154.8 us
[   2711082 us][INFO ] signal 0x07 (BodyMotion): 200 iterations on bus_kind=1
[   3172257 us][INFO ] ecu[tx-ecu] stack initialised (protection=2)
[   3172512 us][INFO ] ecu[rx-ecu] stack initialised (protection=2)
[   3172717 us][INFO ] PQC handshake complete: keygen+encaps+decaps+HKDF = 140.3 us
[   3172748 us][INFO ] signal 0x08 (DoorLockState): 200 iterations on bus_kind=0
[   3510876 us][INFO ] ecu[tx-ecu] stack initialised (protection=2)
[   3511025 us][INFO ] ecu[rx-ecu] stack initialised (protection=2)
[   3511220 us][INFO ] PQC handshake complete: keygen+encaps+decaps+HKDF = 138.9 us
[   3511298 us][INFO ] signal 0x09 (Speedometer): 200 iterations on bus_kind=1
[   3959990 us][INFO ] ecu[tx-ecu] stack initialised (protection=2)
[   3960174 us][INFO ] ecu[rx-ecu] stack initialised (protection=2)
[   3960414 us][INFO ] PQC handshake complete: keygen+encaps+decaps+HKDF = 148.7 us
[   3960482 us][INFO ] signal 0x0A (HVAC): 200 iterations on bus_kind=0
[   4310415 us][INFO ] ecu[tx-ecu] stack initialised (protection=2)
[   4310585 us][INFO ] ecu[rx-ecu] stack initialised (protection=2)
[   4310778 us][INFO ] PQC handshake complete: keygen+encaps+decaps+HKDF = 129.3 us
[   4310853 us][INFO ] signal 0x0B (InfotainmentGateway): 200 iterations on bus_kind=3
[   4746137 us][INFO ] ecu[tx-ecu] stack initialised (protection=2)
[   4746415 us][INFO ] ecu[rx-ecu] stack initialised (protection=2)
[   4746697 us][INFO ] PQC handshake complete: keygen+encaps+decaps+HKDF = 138.2 us
[   4746750 us][INFO ] signal 0x0C (ADAS_Camera_Meta): 200 iterations on bus_kind=3
[   5196625 us][INFO ] ecu[tx-ecu] stack initialised (protection=2)
[   5196785 us][INFO ] ecu[rx-ecu] stack initialised (protection=2)
[   5197036 us][INFO ] PQC handshake complete: keygen+encaps+decaps+HKDF = 163.9 us
[   5197084 us][INFO ] signal 0x0D (V2X_AuthenticatedMsg): 200 iterations on bus_kind=4
[   5474337 us][INFO ] ecu[tx-ecu] stack initialised (protection=2)
[   5474560 us][INFO ] ecu[rx-ecu] stack initialised (protection=2)
[   5474829 us][INFO ] PQC handshake complete: keygen+encaps+decaps+HKDF = 160.0 us
[   5474876 us][INFO ] signal 0x0E (OBD_Diagnostic): 200 iterations on bus_kind=3
[   5948684 us][INFO ] =========== baseline summary ===========
[   5948731 us][INFO ] messages   success=2800  verify_fail=0  drop=0
[   5949632 us][INFO ] e2e latency p50/p95/p99 = 2213.8 / 3254.3 / 3355.1 us
[   5949753 us][INFO ] SecOC auth   mean=188.9 us  verify mean=77.6 us
[   5949822 us][INFO ] deadline D1 miss 1/600 (0.17%)
[   5949889 us][INFO ] deadline D2 miss 0/600 (0.00%)
[   5949927 us][INFO ] deadline D3 miss 0/600 (0.00%)
[   5949940 us][INFO ] deadline D4 miss 0/400 (0.00%)
[   5949974 us][INFO ] deadline D5 miss 0/400 (0.00%)
[   5949995 us][INFO ] deadline D6 miss 0/200 (0.00%)
