[       566 us][INFO ] logger initialised: scenario=baseline seed=12648430 out=/home/user/computer_engineering_project/integrated_simulation_env/results/20260418T085435Z/raw git=ise
[       664 us][INFO ] running scenario 'baseline' (Baseline per-signal latency & overhead)
[      1191 us][INFO ] bus[1] kind=1 bitrate=5000000 MTU=64 ber=0.00e+00 prop_ns=3000
[      1242 us][INFO ] bus[0] kind=0 bitrate=1000000 MTU=8 ber=0.00e+00 prop_ns=5000
[      1329 us][INFO ] bus[2] kind=2 bitrate=10000000 MTU=254 ber=0.00e+00 prop_ns=2000
[      1391 us][INFO ] bus[3] kind=3 bitrate=100000000 MTU=1500 ber=0.00e+00 prop_ns=1000
[      1437 us][INFO ] bus[4] kind=4 bitrate=1000000000 MTU=1500 ber=0.00e+00 prop_ns=500
[      1459 us][INFO ] ecu[tx-ecu] stack initialised (protection=1)
[      1474 us][INFO ] ecu[rx-ecu] stack initialised (protection=1)
[      1496 us][INFO ] signal 0x01 (BrakeCmd): 200 iterations on bus_kind=1
[    430264 us][INFO ] ecu[tx-ecu] stack initialised (protection=1)
[    430325 us][INFO ] ecu[rx-ecu] stack initialised (protection=1)
[    430338 us][INFO ] signal 0x02 (SteeringTorque): 200 iterations on bus_kind=1
[    849566 us][INFO ] ecu[tx-ecu] stack initialised (protection=1)
[    849637 us][INFO ] ecu[rx-ecu] stack initialised (protection=1)
[    849651 us][INFO ] signal 0x03 (AirbagTrigger): 200 iterations on bus_kind=0
[   1284314 us][INFO ] ecu[tx-ecu] stack initialised (protection=1)
[   1284401 us][INFO ] ecu[rx-ecu] stack initialised (protection=1)
[   1284426 us][INFO ] signal 0x04 (Throttle): 200 iterations on bus_kind=1
[   1698570 us][INFO ] ecu[tx-ecu] stack initialised (protection=1)
[   1698649 us][INFO ] ecu[rx-ecu] stack initialised (protection=1)
[   1698665 us][INFO ] signal 0x05 (AbsWheelSpeed): 200 iterations on bus_kind=1
[   2141070 us][INFO ] ecu[tx-ecu] stack initialised (protection=1)
[   2141126 us][INFO ] ecu[rx-ecu] stack initialised (protection=1)
[   2141173 us][INFO ] signal 0x06 (InverterTorque): 200 iterations on bus_kind=2
[   2549456 us][INFO ] ecu[tx-ecu] stack initialised (protection=1)
[   2549544 us][INFO ] ecu[rx-ecu] stack initialised (protection=1)
[   2549564 us][INFO ] signal 0x07 (BodyMotion): 200 iterations on bus_kind=1
[   2962129 us][INFO ] ecu[tx-ecu] stack initialised (protection=1)
[   2962192 us][INFO ] ecu[rx-ecu] stack initialised (protection=1)
[   2962223 us][INFO ] signal 0x08 (DoorLockState): 200 iterations on bus_kind=0
[   3389626 us][INFO ] ecu[tx-ecu] stack initialised (protection=1)
[   3389702 us][INFO ] ecu[rx-ecu] stack initialised (protection=1)
[   3389749 us][INFO ] signal 0x09 (Speedometer): 200 iterations on bus_kind=1
[   3795829 us][INFO ] ecu[tx-ecu] stack initialised (protection=1)
[   3795910 us][INFO ] ecu[rx-ecu] stack initialised (protection=1)
[   3795926 us][INFO ] signal 0x0A (HVAC): 200 iterations on bus_kind=0
[   4224446 us][INFO ] ecu[tx-ecu] stack initialised (protection=1)
[   4224548 us][INFO ] ecu[rx-ecu] stack initialised (protection=1)
[   4224574 us][INFO ] signal 0x0B (InfotainmentGateway): 200 iterations on bus_kind=3
[   4643289 us][INFO ] ecu[tx-ecu] stack initialised (protection=1)
[   4643355 us][INFO ] ecu[rx-ecu] stack initialised (protection=1)
[   4643372 us][INFO ] signal 0x0C (ADAS_Camera_Meta): 200 iterations on bus_kind=3
[   5031611 us][INFO ] ecu[tx-ecu] stack initialised (protection=1)
[   5031706 us][INFO ] ecu[rx-ecu] stack initialised (protection=1)
[   5031749 us][INFO ] signal 0x0D (V2X_AuthenticatedMsg): 200 iterations on bus_kind=4
[   5266339 us][INFO ] ecu[tx-ecu] stack initialised (protection=1)
[   5266416 us][INFO ] ecu[rx-ecu] stack initialised (protection=1)
[   5266432 us][INFO ] signal 0x0E (OBD_Diagnostic): 200 iterations on bus_kind=3
[   5517634 us][INFO ] =========== baseline summary ===========
[   5517687 us][INFO ] messages   success=2800  verify_fail=0  drop=0
[   5518519 us][INFO ] e2e latency p50/p95/p99 = 2241.6 / 2307.2 / 2369.6 us
[   5518561 us][INFO ] SecOC auth   mean=5.9 us  verify mean=9.0 us
[   5518578 us][INFO ] deadline D1 miss 0/600 (0.00%)
[   5518623 us][INFO ] deadline D2 miss 0/600 (0.00%)
[   5518679 us][INFO ] deadline D3 miss 0/600 (0.00%)
[   5518703 us][INFO ] deadline D4 miss 0/400 (0.00%)
[   5518723 us][INFO ] deadline D5 miss 0/400 (0.00%)
[   5518739 us][INFO ] deadline D6 miss 0/200 (0.00%)
