[       623 us][INFO ] logger initialised: scenario=baseline seed=12648430 out=/home/user/computer_engineering_project/integrated_simulation_env/results/20260418T085435Z/raw git=ise
[       736 us][INFO ] running scenario 'baseline' (Baseline per-signal latency & overhead)
[      1269 us][INFO ] bus[1] kind=1 bitrate=5000000 MTU=64 ber=0.00e+00 prop_ns=3000
[      1409 us][INFO ] bus[0] kind=0 bitrate=1000000 MTU=8 ber=0.00e+00 prop_ns=5000
[      1479 us][INFO ] bus[2] kind=2 bitrate=10000000 MTU=254 ber=0.00e+00 prop_ns=2000
[      1547 us][INFO ] bus[3] kind=3 bitrate=100000000 MTU=1500 ber=0.00e+00 prop_ns=1000
[      1624 us][INFO ] bus[4] kind=4 bitrate=1000000000 MTU=1500 ber=0.00e+00 prop_ns=500
[      3807 us][INFO ] ecu[tx-ecu] stack initialised (protection=2)
[      3907 us][INFO ] ecu[rx-ecu] stack initialised (protection=2)
[      4174 us][INFO ] PQC handshake complete: keygen+encaps+decaps+HKDF = 235.0 us
[      4219 us][INFO ] signal 0x01 (BrakeCmd): 200 iterations on bus_kind=1
[    421282 us][INFO ] ecu[tx-ecu] stack initialised (protection=2)
[    421410 us][INFO ] ecu[rx-ecu] stack initialised (protection=2)
[    421554 us][INFO ] PQC handshake complete: keygen+encaps+decaps+HKDF = 94.4 us
[    421607 us][INFO ] signal 0x02 (SteeringTorque): 200 iterations on bus_kind=1
[    877362 us][INFO ] ecu[tx-ecu] stack initialised (protection=2)
[    877472 us][INFO ] ecu[rx-ecu] stack initialised (protection=2)
[    877626 us][INFO ] PQC handshake complete: keygen+encaps+decaps+HKDF = 108.4 us
[    877663 us][INFO ] signal 0x03 (AirbagTrigger): 200 iterations on bus_kind=0
[   1316506 us][INFO ] ecu[tx-ecu] stack initialised (protection=2)
[   1316630 us][INFO ] ecu[rx-ecu] stack initialised (protection=2)
[   1316788 us][INFO ] PQC handshake complete: keygen+encaps+decaps+HKDF = 100.7 us
[   1316824 us][INFO ] signal 0x04 (Throttle): 200 iterations on bus_kind=1
[   1772472 us][INFO ] ecu[tx-ecu] stack initialised (protection=2)
[   1772593 us][INFO ] ecu[rx-ecu] stack initialised (protection=2)
[   1772728 us][INFO ] PQC handshake complete: keygen+encaps+decaps+HKDF = 87.0 us
[   1772775 us][INFO ] signal 0x05 (AbsWheelSpeed): 200 iterations on bus_kind=1
[   2217991 us][INFO ] ecu[tx-ecu] stack initialised (protection=2)
[   2218106 us][INFO ] ecu[rx-ecu] stack initialised (protection=2)
[   2218229 us][INFO ] PQC handshake complete: keygen+encaps+decaps+HKDF = 86.4 us
[   2218266 us][INFO ] signal 0x06 (InverterTorque): 200 iterations on bus_kind=2
[   2654740 us][INFO ] ecu[tx-ecu] stack initialised (protection=2)
[   2654866 us][INFO ] ecu[rx-ecu] stack initialised (protection=2)
[   2655022 us][INFO ] PQC handshake complete: keygen+encaps+decaps+HKDF = 99.2 us
[   2655058 us][INFO ] signal 0x07 (BodyMotion): 200 iterations on bus_kind=1
[   3107708 us][INFO ] ecu[tx-ecu] stack initialised (protection=2)
[   3107804 us][INFO ] ecu[rx-ecu] stack initialised (protection=2)
[   3107937 us][INFO ] PQC handshake complete: keygen+encaps+decaps+HKDF = 89.8 us
[   3107978 us][INFO ] signal 0x08 (DoorLockState): 200 iterations on bus_kind=0
[   3539813 us][INFO ] ecu[tx-ecu] stack initialised (protection=2)
[   3540030 us][INFO ] ecu[rx-ecu] stack initialised (protection=2)
[   3540146 us][INFO ] PQC handshake complete: keygen+encaps+decaps+HKDF = 78.8 us
[   3540171 us][INFO ] signal 0x09 (Speedometer): 200 iterations on bus_kind=1
[   3999609 us][INFO ] ecu[tx-ecu] stack initialised (protection=2)
[   3999709 us][INFO ] ecu[rx-ecu] stack initialised (protection=2)
[   3999829 us][INFO ] PQC handshake complete: keygen+encaps+decaps+HKDF = 92.2 us
[   3999862 us][INFO ] signal 0x0A (HVAC): 200 iterations on bus_kind=0
[   4419984 us][INFO ] ecu[tx-ecu] stack initialised (protection=2)
[   4420088 us][INFO ] ecu[rx-ecu] stack initialised (protection=2)
[   4420225 us][INFO ] PQC handshake complete: keygen+encaps+decaps+HKDF = 87.4 us
[   4420266 us][INFO ] signal 0x0B (InfotainmentGateway): 200 iterations on bus_kind=3
[   4870175 us][INFO ] ecu[tx-ecu] stack initialised (protection=2)
[   4870266 us][INFO ] ecu[rx-ecu] stack initialised (protection=2)
[   4870436 us][INFO ] PQC handshake complete: keygen+encaps+decaps+HKDF = 85.3 us
[   4870473 us][INFO ] signal 0x0C (ADAS_Camera_Meta): 200 iterations on bus_kind=3
[   5313936 us][INFO ] ecu[tx-ecu] stack initialised (protection=2)
[   5314063 us][INFO ] ecu[rx-ecu] stack initialised (protection=2)
[   5314253 us][INFO ] PQC handshake complete: keygen+encaps+decaps+HKDF = 125.0 us
[   5314277 us][INFO ] signal 0x0D (V2X_AuthenticatedMsg): 200 iterations on bus_kind=4
[   5590320 us][INFO ] ecu[tx-ecu] stack initialised (protection=2)
[   5590493 us][INFO ] ecu[rx-ecu] stack initialised (protection=2)
[   5590740 us][INFO ] PQC handshake complete: keygen+encaps+decaps+HKDF = 189.3 us
[   5590795 us][INFO ] signal 0x0E (OBD_Diagnostic): 200 iterations on bus_kind=3
[   6049493 us][INFO ] =========== baseline summary ===========
[   6049544 us][INFO ] messages   success=2800  verify_fail=0  drop=0
[   6050346 us][INFO ] e2e latency p50/p95/p99 = 2204.5 / 2534.9 / 2613.0 us
[   6050391 us][INFO ] SecOC auth   mean=164.1 us  verify mean=106.6 us
[   6050436 us][INFO ] deadline D1 miss 0/600 (0.00%)
[   6050451 us][INFO ] deadline D2 miss 0/600 (0.00%)
[   6050485 us][INFO ] deadline D3 miss 0/600 (0.00%)
[   6050499 us][INFO ] deadline D4 miss 0/400 (0.00%)
[   6050515 us][INFO ] deadline D5 miss 0/400 (0.00%)
[   6050527 us][INFO ] deadline D6 miss 0/200 (0.00%)
