[       620 us][INFO ] logger initialised: scenario=baseline seed=12648430 out=/home/user/computer_engineering_project/integrated_simulation_env/results/20260418T085435Z/raw git=ise
[       693 us][INFO ] running scenario 'baseline' (Baseline per-signal latency & overhead)
[      1250 us][INFO ] bus[1] kind=1 bitrate=5000000 MTU=64 ber=0.00e+00 prop_ns=3000
[      1325 us][INFO ] bus[0] kind=0 bitrate=1000000 MTU=8 ber=0.00e+00 prop_ns=5000
[      1371 us][INFO ] bus[2] kind=2 bitrate=10000000 MTU=254 ber=0.00e+00 prop_ns=2000
[      1434 us][INFO ] bus[3] kind=3 bitrate=100000000 MTU=1500 ber=0.00e+00 prop_ns=1000
[      1480 us][INFO ] bus[4] kind=4 bitrate=1000000000 MTU=1500 ber=0.00e+00 prop_ns=500
[      3707 us][INFO ] ecu[tx-ecu] stack initialised (protection=3)
[      3807 us][INFO ] ecu[rx-ecu] stack initialised (protection=3)
[      4107 us][INFO ] PQC handshake complete: keygen+encaps+decaps+HKDF = 251.5 us
[      4157 us][INFO ] signal 0x01 (BrakeCmd): 200 iterations on bus_kind=1
[    417935 us][INFO ] ecu[tx-ecu] stack initialised (protection=3)
[    418077 us][INFO ] ecu[rx-ecu] stack initialised (protection=3)
[    418245 us][INFO ] PQC handshake complete: keygen+encaps+decaps+HKDF = 114.2 us
[    418289 us][INFO ] signal 0x02 (SteeringTorque): 200 iterations on bus_kind=1
[    876464 us][INFO ] ecu[tx-ecu] stack initialised (protection=3)
[    876568 us][INFO ] ecu[rx-ecu] stack initialised (protection=3)
[    876694 us][INFO ] PQC handshake complete: keygen+encaps+decaps+HKDF = 69.8 us
[    876723 us][INFO ] signal 0x03 (AirbagTrigger): 200 iterations on bus_kind=0
[   1332310 us][INFO ] ecu[tx-ecu] stack initialised (protection=3)
[   1332408 us][INFO ] ecu[rx-ecu] stack initialised (protection=3)
[   1332516 us][INFO ] PQC handshake complete: keygen+encaps+decaps+HKDF = 73.0 us
[   1332560 us][INFO ] signal 0x04 (Throttle): 200 iterations on bus_kind=1
[   1791683 us][INFO ] ecu[tx-ecu] stack initialised (protection=3)
[   1791771 us][INFO ] ecu[rx-ecu] stack initialised (protection=3)
[   1791885 us][INFO ] PQC handshake complete: keygen+encaps+decaps+HKDF = 68.3 us
[   1791929 us][INFO ] signal 0x05 (AbsWheelSpeed): 200 iterations on bus_kind=1
[   2238561 us][INFO ] ecu[tx-ecu] stack initialised (protection=3)
[   2238678 us][INFO ] ecu[rx-ecu] stack initialised (protection=3)
[   2238870 us][INFO ] PQC handshake complete: keygen+encaps+decaps+HKDF = 94.5 us
[   2238940 us][INFO ] signal 0x06 (InverterTorque): 200 iterations on bus_kind=2
[   2674298 us][INFO ] ecu[tx-ecu] stack initialised (protection=3)
[   2674379 us][INFO ] ecu[rx-ecu] stack initialised (protection=3)
[   2674500 us][INFO ] PQC handshake complete: keygen+encaps+decaps+HKDF = 80.8 us
[   2674543 us][INFO ] signal 0x07 (BodyMotion): 200 iterations on bus_kind=1
[   3117525 us][INFO ] ecu[tx-ecu] stack initialised (protection=3)
[   3117617 us][INFO ] ecu[rx-ecu] stack initialised (protection=3)
[   3117730 us][INFO ] PQC handshake complete: keygen+encaps+decaps+HKDF = 67.6 us
[   3117766 us][INFO ] signal 0x08 (DoorLockState): 200 iterations on bus_kind=0
[   3556711 us][INFO ] ecu[tx-ecu] stack initialised (protection=3)
[   3556897 us][INFO ] ecu[rx-ecu] stack initialised (protection=3)
[   3557143 us][INFO ] PQC handshake complete: keygen+encaps+decaps+HKDF = 184.4 us
[   3557185 us][INFO ] signal 0x09 (Speedometer): 200 iterations on bus_kind=1
[   4005621 us][INFO ] ecu[tx-ecu] stack initialised (protection=3)
[   4005713 us][INFO ] ecu[rx-ecu] stack initialised (protection=3)
[   4005821 us][INFO ] PQC handshake complete: keygen+encaps+decaps+HKDF = 69.5 us
[   4005868 us][INFO ] signal 0x0A (HVAC): 200 iterations on bus_kind=0
[   4409699 us][INFO ] ecu[tx-ecu] stack initialised (protection=3)
[   4409813 us][INFO ] ecu[rx-ecu] stack initialised (protection=3)
[   4409956 us][INFO ] PQC handshake complete: keygen+encaps+decaps+HKDF = 105.6 us
[   4409991 us][INFO ] signal 0x0B (InfotainmentGateway): 200 iterations on bus_kind=3
[   4853204 us][INFO ] ecu[tx-ecu] stack initialised (protection=3)
[   4853344 us][INFO ] ecu[rx-ecu] stack initialised (protection=3)
[   4853472 us][INFO ] PQC handshake complete: keygen+encaps+decaps+HKDF = 74.9 us
[   4853512 us][INFO ] signal 0x0C (ADAS_Camera_Meta): 200 iterations on bus_kind=3
[   5294127 us][INFO ] ecu[tx-ecu] stack initialised (protection=3)
[   5294238 us][INFO ] ecu[rx-ecu] stack initialised (protection=3)
[   5294388 us][INFO ] PQC handshake complete: keygen+encaps+decaps+HKDF = 106.5 us
[   5294414 us][INFO ] signal 0x0D (V2X_AuthenticatedMsg): 200 iterations on bus_kind=4
[   5573432 us][INFO ] ecu[tx-ecu] stack initialised (protection=3)
[   5573534 us][INFO ] ecu[rx-ecu] stack initialised (protection=3)
[   5573650 us][INFO ] PQC handshake complete: keygen+encaps+decaps+HKDF = 77.4 us
[   5573698 us][INFO ] signal 0x0E (OBD_Diagnostic): 200 iterations on bus_kind=3
[   6027084 us][INFO ] =========== baseline summary ===========
[   6027125 us][INFO ] messages   success=2800  verify_fail=0  drop=0
[   6027956 us][INFO ] e2e latency p50/p95/p99 = 2195.1 / 2531.5 / 2734.9 us
[   6027998 us][INFO ] SecOC auth   mean=172.7 us  verify mean=114.7 us
[   6028021 us][INFO ] deadline D1 miss 0/600 (0.00%)
[   6028039 us][INFO ] deadline D2 miss 0/600 (0.00%)
[   6028057 us][INFO ] deadline D3 miss 0/600 (0.00%)
[   6028070 us][INFO ] deadline D4 miss 0/400 (0.00%)
[   6028096 us][INFO ] deadline D5 miss 0/400 (0.00%)
[   6028120 us][INFO ] deadline D6 miss 0/200 (0.00%)
