[       676 us][INFO ] logger initialised: scenario=attacks seed=12648430 out=/home/user/computer_engineering_project/integrated_simulation_env/results/20260418T091946Z/raw git=ise
[       796 us][INFO ] running scenario 'attacks' (All 10 attack scenarios, sequential)
[      2448 us][INFO ] bus[0] kind=1 bitrate=5000000 MTU=64 ber=0.00e+00 prop_ns=3000
[      2532 us][INFO ] attacker[replay] attached to bus
[      2559 us][INFO ] ecu[tx-atk] stack initialised (protection=1)
[      2588 us][INFO ] ecu[rx-atk] stack initialised (protection=1)
[    214721 us][INFO ] attack[replay]  injected=97 detected=3 delivered=97  rate=3.09%
[    215337 us][INFO ] =========== attacks_replay_hmac summary ===========
[    215382 us][INFO ] messages   success=97  verify_fail=3  drop=0
[    215436 us][INFO ] e2e latency p50/p95/p99 = 2272.6 / 2374.7 / 3611.8 us
[    215460 us][INFO ] SecOC auth   mean=18.8 us  verify mean=6.2 us
[    215482 us][INFO ] attacks injected=97 detected=3 delivered=97
[    215939 us][INFO ] bus[0] kind=1 bitrate=5000000 MTU=64 ber=0.00e+00 prop_ns=3000
[    216088 us][INFO ] attacker[tamper_payload] attached to bus
[    216123 us][INFO ] ecu[tx-atk] stack initialised (protection=1)
[    216145 us][INFO ] ecu[rx-atk] stack initialised (protection=1)
[    423235 us][INFO ] attack[tamper_payload]  injected=100 detected=100 delivered=0  rate=100.00%
[    423874 us][INFO ] =========== attacks_tamper_payload_hmac summary ===========
[    423905 us][INFO ] messages   success=0  verify_fail=100  drop=0
[    423936 us][INFO ] e2e latency p50/p95/p99 = 2278.9 / 2366.6 / 2407.6 us
[    423952 us][INFO ] SecOC auth   mean=2.4 us  verify mean=8.7 us
[    423965 us][INFO ] attacks injected=100 detected=100 delivered=0
[    424376 us][INFO ] bus[0] kind=1 bitrate=5000000 MTU=64 ber=0.00e+00 prop_ns=3000
[    424474 us][INFO ] attacker[tamper_auth] attached to bus
[    424515 us][INFO ] ecu[tx-atk] stack initialised (protection=1)
[    424620 us][INFO ] ecu[rx-atk] stack initialised (protection=1)
[    641417 us][INFO ] attack[tamper_auth]  injected=100 detected=100 delivered=0  rate=100.00%
[    642051 us][INFO ] =========== attacks_tamper_auth_hmac summary ===========
[    642112 us][INFO ] messages   success=0  verify_fail=100  drop=0
[    642166 us][INFO ] e2e latency p50/p95/p99 = 2284.2 / 2360.9 / 2474.4 us
[    642208 us][INFO ] SecOC auth   mean=2.3 us  verify mean=8.7 us
[    642235 us][INFO ] attacks injected=100 detected=100 delivered=0
[    642673 us][INFO ] bus[0] kind=1 bitrate=5000000 MTU=64 ber=0.00e+00 prop_ns=3000
[    642836 us][INFO ] attacker[freshness_rollback] attached to bus
[    642905 us][INFO ] ecu[tx-atk] stack initialised (protection=1)
[    642934 us][INFO ] ecu[rx-atk] stack initialised (protection=1)
[    861199 us][INFO ] attack[freshness_rollback]  injected=100 detected=100 delivered=0  rate=100.00%
[    861752 us][INFO ] =========== attacks_freshness_rollback_hmac summary ===========
[    861779 us][INFO ] messages   success=0  verify_fail=100  drop=0
[    861814 us][INFO ] e2e latency p50/p95/p99 = 2273.5 / 2357.7 / 2439.2 us
[    861830 us][INFO ] SecOC auth   mean=7.9 us  verify mean=0.0 us
[    861865 us][INFO ] attacks injected=100 detected=100 delivered=0
[    862172 us][INFO ] bus[0] kind=1 bitrate=5000000 MTU=64 ber=0.00e+00 prop_ns=3000
[    862208 us][INFO ] attacker[mitm_key_confuse] attached to bus
[    862237 us][INFO ] ecu[tx-atk] stack initialised (protection=1)
[    862263 us][INFO ] ecu[rx-atk] stack initialised (protection=1)
[   1081297 us][INFO ] attack[mitm_key_confuse]  injected=100 detected=100 delivered=0  rate=100.00%
[   1081852 us][INFO ] =========== attacks_mitm_key_confuse_hmac summary ===========
[   1081892 us][INFO ] messages   success=0  verify_fail=100  drop=0
[   1081932 us][INFO ] e2e latency p50/p95/p99 = 2275.4 / 2333.5 / 2381.8 us
[   1081947 us][INFO ] SecOC auth   mean=2.1 us  verify mean=6.6 us
[   1081961 us][INFO ] attacks injected=100 detected=100 delivered=0
[   1082330 us][INFO ] bus[0] kind=1 bitrate=5000000 MTU=64 ber=0.00e+00 prop_ns=3000
[   1082404 us][INFO ] attacker[sig_fuzz] attached to bus
[   1082436 us][INFO ] ecu[tx-atk] stack initialised (protection=1)
[   1082452 us][INFO ] ecu[rx-atk] stack initialised (protection=1)
[   1298749 us][INFO ] attack[sig_fuzz]  injected=100 detected=100 delivered=0  rate=100.00%
[   1299275 us][INFO ] =========== attacks_sig_fuzz_hmac summary ===========
[   1299303 us][INFO ] messages   success=0  verify_fail=100  drop=0
[   1299346 us][INFO ] e2e latency p50/p95/p99 = 2289.6 / 2370.9 / 2474.3 us
[   1299372 us][INFO ] SecOC auth   mean=2.3 us  verify mean=8.9 us
[   1299387 us][INFO ] attacks injected=100 detected=100 delivered=0
[   1299793 us][INFO ] bus[0] kind=1 bitrate=5000000 MTU=64 ber=0.00e+00 prop_ns=3000
[   1299847 us][INFO ] attacker[downgrade_hmac] attached to bus
[   1299872 us][INFO ] ecu[tx-atk] stack initialised (protection=1)
[   1299885 us][INFO ] ecu[rx-atk] stack initialised (protection=1)
[   1505422 us][INFO ] attack[downgrade_hmac]  injected=100 detected=0 delivered=100  rate=0.00%
[   1506016 us][INFO ] =========== attacks_downgrade_hmac_hmac summary ===========
[   1506046 us][INFO ] messages   success=100  verify_fail=0  drop=0
[   1506072 us][INFO ] e2e latency p50/p95/p99 = 2272.8 / 2343.8 / 2398.2 us
[   1506091 us][INFO ] SecOC auth   mean=2.4 us  verify mean=7.5 us
[   1506127 us][INFO ] attacks injected=100 detected=0 delivered=100
[   1507656 us][INFO ] =========== attacks_aggregate_hmac summary ===========
[   1507685 us][INFO ] messages   success=197  verify_fail=503  drop=0
[   1507901 us][INFO ] e2e latency p50/p95/p99 = 2277.9 / 2360.9 / 2474.4 us
[   1507948 us][INFO ] SecOC auth   mean=5.4 us  verify mean=6.7 us
[   1507960 us][INFO ] attacks injected=697 detected=503 delivered=197
