[       721 us][INFO ] logger initialised: scenario=baseline seed=12648430 out=/home/user/computer_engineering_project/integrated_simulation_env/results/20260418T091946Z/raw git=ise
[       809 us][INFO ] running scenario 'baseline' (Baseline per-signal latency & overhead)
[      1564 us][INFO ] bus[1] kind=1 bitrate=5000000 MTU=64 ber=0.00e+00 prop_ns=3000
[      1634 us][INFO ] bus[0] kind=0 bitrate=1000000 MTU=8 ber=0.00e+00 prop_ns=5000
[      1674 us][INFO ] bus[2] kind=2 bitrate=10000000 MTU=254 ber=0.00e+00 prop_ns=2000
[      1791 us][INFO ] bus[3] kind=3 bitrate=100000000 MTU=1500 ber=0.00e+00 prop_ns=1000
[      1884 us][INFO ] bus[4] kind=4 bitrate=1000000000 MTU=1500 ber=0.00e+00 prop_ns=500
[      1928 us][INFO ] ecu[tx-ecu] stack initialised (protection=1)
[      1942 us][INFO ] ecu[rx-ecu] stack initialised (protection=1)
[      1957 us][INFO ] signal 0x01 (BrakeCmd): 100 iterations on bus_kind=1
[    215962 us][INFO ] ecu[tx-ecu] stack initialised (protection=1)
[    216074 us][INFO ] ecu[rx-ecu] stack initialised (protection=1)
[    216172 us][INFO ] signal 0x02 (SteeringTorque): 100 iterations on bus_kind=1
[    431141 us][INFO ] ecu[tx-ecu] stack initialised (protection=1)
[    431216 us][INFO ] ecu[rx-ecu] stack initialised (protection=1)
[    431259 us][INFO ] signal 0x03 (AirbagTrigger): 100 iterations on bus_kind=0
[    646525 us][INFO ] ecu[tx-ecu] stack initialised (protection=1)
[    646657 us][INFO ] ecu[rx-ecu] stack initialised (protection=1)
[    646737 us][INFO ] signal 0x04 (Throttle): 100 iterations on bus_kind=1
[    863599 us][INFO ] ecu[tx-ecu] stack initialised (protection=1)
[    863692 us][INFO ] ecu[rx-ecu] stack initialised (protection=1)
[    863741 us][INFO ] signal 0x05 (AbsWheelSpeed): 100 iterations on bus_kind=1
[   1085582 us][INFO ] ecu[tx-ecu] stack initialised (protection=1)
[   1085644 us][INFO ] ecu[rx-ecu] stack initialised (protection=1)
[   1085703 us][INFO ] signal 0x06 (InverterTorque): 100 iterations on bus_kind=2
[   1291959 us][INFO ] ecu[tx-ecu] stack initialised (protection=1)
[   1292016 us][INFO ] ecu[rx-ecu] stack initialised (protection=1)
[   1292050 us][INFO ] signal 0x07 (BodyMotion): 100 iterations on bus_kind=1
[   1501962 us][INFO ] ecu[tx-ecu] stack initialised (protection=1)
[   1502027 us][INFO ] ecu[rx-ecu] stack initialised (protection=1)
[   1502055 us][INFO ] signal 0x08 (DoorLockState): 100 iterations on bus_kind=0
[   1695081 us][INFO ] ecu[tx-ecu] stack initialised (protection=1)
[   1695203 us][INFO ] ecu[rx-ecu] stack initialised (protection=1)
[   1695264 us][INFO ] signal 0x09 (Speedometer): 100 iterations on bus_kind=1
[   1913013 us][INFO ] ecu[tx-ecu] stack initialised (protection=1)
[   1913087 us][INFO ] ecu[rx-ecu] stack initialised (protection=1)
[   1913120 us][INFO ] signal 0x0A (HVAC): 100 iterations on bus_kind=0
[   2135914 us][INFO ] ecu[tx-ecu] stack initialised (protection=1)
[   2135972 us][INFO ] ecu[rx-ecu] stack initialised (protection=1)
[   2136001 us][INFO ] signal 0x0B (InfotainmentGateway): 100 iterations on bus_kind=3
[   2341738 us][INFO ] ecu[tx-ecu] stack initialised (protection=1)
[   2341861 us][INFO ] ecu[rx-ecu] stack initialised (protection=1)
[   2341920 us][INFO ] signal 0x0C (ADAS_Camera_Meta): 100 iterations on bus_kind=3
[   2511738 us][INFO ] ecu[tx-ecu] stack initialised (protection=1)
[   2511857 us][INFO ] ecu[rx-ecu] stack initialised (protection=1)
[   2511899 us][INFO ] signal 0x0D (V2X_AuthenticatedMsg): 100 iterations on bus_kind=4
[   2627588 us][INFO ] ecu[tx-ecu] stack initialised (protection=1)
[   2627657 us][INFO ] ecu[rx-ecu] stack initialised (protection=1)
[   2627679 us][INFO ] signal 0x0E (OBD_Diagnostic): 100 iterations on bus_kind=3
[   2761119 us][INFO ] =========== baseline summary ===========
[   2761205 us][INFO ] messages   success=1400  verify_fail=0  drop=0
[   2761673 us][INFO ] e2e latency p50/p95/p99 = 2257.1 / 2334.7 / 2397.5 us
[   2761720 us][INFO ] SecOC auth   mean=3.4 us  verify mean=5.6 us
[   2761737 us][INFO ] deadline D1 miss 0/300 (0.00%)
[   2761751 us][INFO ] deadline D2 miss 0/300 (0.00%)
[   2761775 us][INFO ] deadline D3 miss 0/300 (0.00%)
[   2761798 us][INFO ] deadline D4 miss 0/200 (0.00%)
[   2761836 us][INFO ] deadline D5 miss 0/200 (0.00%)
[   2761852 us][INFO ] deadline D6 miss 0/100 (0.00%)
