[       669 us][INFO ] logger initialised: scenario=baseline seed=12648430 out=/home/user/computer_engineering_project/integrated_simulation_env/results/20260418T091946Z/raw git=ise
[       764 us][INFO ] running scenario 'baseline' (Baseline per-signal latency & overhead)
[      1534 us][INFO ] bus[1] kind=1 bitrate=5000000 MTU=64 ber=0.00e+00 prop_ns=3000
[      1591 us][INFO ] bus[0] kind=0 bitrate=1000000 MTU=8 ber=0.00e+00 prop_ns=5000
[      1630 us][INFO ] bus[2] kind=2 bitrate=10000000 MTU=254 ber=0.00e+00 prop_ns=2000
[      1717 us][INFO ] bus[3] kind=3 bitrate=100000000 MTU=1500 ber=0.00e+00 prop_ns=1000
[      1807 us][INFO ] bus[4] kind=4 bitrate=1000000000 MTU=1500 ber=0.00e+00 prop_ns=500
[      4282 us][INFO ] ecu[tx-ecu] stack initialised (protection=2)
[      4358 us][INFO ] ecu[rx-ecu] stack initialised (protection=2)
[      4619 us][INFO ] PQC handshake complete: keygen+encaps+decaps+HKDF = 231.4 us
[      4658 us][INFO ] signal 0x01 (BrakeCmd): 100 iterations on bus_kind=1
[    186718 us][INFO ] ecu[tx-ecu] stack initialised (protection=2)
[    186819 us][INFO ] ecu[rx-ecu] stack initialised (protection=2)
[    186952 us][INFO ] PQC handshake complete: keygen+encaps+decaps+HKDF = 88.6 us
[    186995 us][INFO ] signal 0x02 (SteeringTorque): 100 iterations on bus_kind=1
[    405226 us][INFO ] ecu[tx-ecu] stack initialised (protection=2)
[    405298 us][INFO ] ecu[rx-ecu] stack initialised (protection=2)
[    405419 us][INFO ] PQC handshake complete: keygen+encaps+decaps+HKDF = 82.6 us
[    405459 us][INFO ] signal 0x03 (AirbagTrigger): 100 iterations on bus_kind=0
[    653077 us][INFO ] ecu[tx-ecu] stack initialised (protection=2)
[    653230 us][INFO ] ecu[rx-ecu] stack initialised (protection=2)
[    653387 us][INFO ] PQC handshake complete: keygen+encaps+decaps+HKDF = 82.8 us
[    653437 us][INFO ] signal 0x04 (Throttle): 100 iterations on bus_kind=1
[    878147 us][INFO ] ecu[tx-ecu] stack initialised (protection=2)
[    878337 us][INFO ] ecu[rx-ecu] stack initialised (protection=2)
[    878563 us][INFO ] PQC handshake complete: keygen+encaps+decaps+HKDF = 140.1 us
[    878667 us][INFO ] signal 0x05 (AbsWheelSpeed): 100 iterations on bus_kind=1
[   1099858 us][INFO ] ecu[tx-ecu] stack initialised (protection=2)
[   1099964 us][INFO ] ecu[rx-ecu] stack initialised (protection=2)
[   1100102 us][INFO ] PQC handshake complete: keygen+encaps+decaps+HKDF = 87.5 us
[   1100164 us][INFO ] signal 0x06 (InverterTorque): 100 iterations on bus_kind=2
[   1323954 us][INFO ] ecu[tx-ecu] stack initialised (protection=2)
[   1324051 us][INFO ] ecu[rx-ecu] stack initialised (protection=2)
[   1324175 us][INFO ] PQC handshake complete: keygen+encaps+decaps+HKDF = 82.5 us
[   1324219 us][INFO ] signal 0x07 (BodyMotion): 100 iterations on bus_kind=1
[   1558615 us][INFO ] ecu[tx-ecu] stack initialised (protection=2)
[   1558761 us][INFO ] ecu[rx-ecu] stack initialised (protection=2)
[   1558915 us][INFO ] PQC handshake complete: keygen+encaps+decaps+HKDF = 92.9 us
[   1558959 us][INFO ] signal 0x08 (DoorLockState): 100 iterations on bus_kind=0
[   1796179 us][INFO ] ecu[tx-ecu] stack initialised (protection=2)
[   1796307 us][INFO ] ecu[rx-ecu] stack initialised (protection=2)
[   1796436 us][INFO ] PQC handshake complete: keygen+encaps+decaps+HKDF = 84.9 us
[   1796468 us][INFO ] signal 0x09 (Speedometer): 100 iterations on bus_kind=1
[   2025127 us][INFO ] ecu[tx-ecu] stack initialised (protection=2)
[   2025235 us][INFO ] ecu[rx-ecu] stack initialised (protection=2)
[   2025369 us][INFO ] PQC handshake complete: keygen+encaps+decaps+HKDF = 91.8 us
[   2025420 us][INFO ] signal 0x0A (HVAC): 100 iterations on bus_kind=0
[   2282362 us][INFO ] ecu[tx-ecu] stack initialised (protection=2)
[   2282468 us][INFO ] ecu[rx-ecu] stack initialised (protection=2)
[   2282601 us][INFO ] PQC handshake complete: keygen+encaps+decaps+HKDF = 101.1 us
[   2282637 us][INFO ] signal 0x0B (InfotainmentGateway): 100 iterations on bus_kind=3
[   2509526 us][INFO ] ecu[tx-ecu] stack initialised (protection=2)
[   2509621 us][INFO ] ecu[rx-ecu] stack initialised (protection=2)
[   2509745 us][INFO ] PQC handshake complete: keygen+encaps+decaps+HKDF = 94.1 us
[   2509809 us][INFO ] signal 0x0C (ADAS_Camera_Meta): 100 iterations on bus_kind=3
[   2733855 us][INFO ] ecu[tx-ecu] stack initialised (protection=2)
[   2733961 us][INFO ] ecu[rx-ecu] stack initialised (protection=2)
[   2734094 us][INFO ] PQC handshake complete: keygen+encaps+decaps+HKDF = 113.0 us
[   2734110 us][INFO ] signal 0x0D (V2X_AuthenticatedMsg): 100 iterations on bus_kind=4
[   2865541 us][INFO ] ecu[tx-ecu] stack initialised (protection=2)
[   2865623 us][INFO ] ecu[rx-ecu] stack initialised (protection=2)
[   2865721 us][INFO ] PQC handshake complete: keygen+encaps+decaps+HKDF = 80.7 us
[   2865795 us][INFO ] signal 0x0E (OBD_Diagnostic): 100 iterations on bus_kind=3
[   3105983 us][INFO ] =========== baseline summary ===========
[   3106129 us][INFO ] messages   success=1400  verify_fail=0  drop=0
[   3106602 us][INFO ] e2e latency p50/p95/p99 = 2371.9 / 3285.2 / 3354.8 us
[   3106695 us][INFO ] SecOC auth   mean=130.8 us  verify mean=35.0 us
[   3106755 us][INFO ] deadline D1 miss 0/300 (0.00%)
[   3106836 us][INFO ] deadline D2 miss 0/300 (0.00%)
[   3106911 us][INFO ] deadline D3 miss 0/300 (0.00%)
[   3106975 us][INFO ] deadline D4 miss 0/200 (0.00%)
[   3107029 us][INFO ] deadline D5 miss 0/200 (0.00%)
[   3107076 us][INFO ] deadline D6 miss 0/100 (0.00%)
