[       975 us][INFO ] logger initialised: scenario=attacks seed=12648430 out=/home/user/computer_engineering_project/integrated_simulation_env/results/20260418T101627Z/raw git=ise
[      1147 us][INFO ] running scenario 'attacks' (All 10 attack scenarios, sequential)
[      2712 us][INFO ] bus[0] kind=1 bitrate=5000000 MTU=64 ber=0.00e+00 prop_ns=3000
[      2920 us][INFO ] attacker[replay] attached to bus
[      6251 us][INFO ] ecu[tx-atk] stack initialised (protection=3)
[      6418 us][INFO ] ecu[rx-atk] stack initialised (protection=3)
[      6836 us][INFO ] PQC handshake complete: keygen+encaps+decaps+HKDF = 351.1 us
[    160046 us][INFO ] attack[replay]  injected=89 detected=76 delivered=4  rate=85.39%
[    160954 us][INFO ] =========== attacks_replay_hybrid summary ===========
[    161000 us][INFO ] messages   success=4  verify_fail=76  drop=0
[    161038 us][INFO ] e2e latency p50/p95/p99 = 2142.3 / 2271.6 / 2657.0 us
[    161056 us][INFO ] SecOC auth   mean=187.3 us  verify mean=68.5 us
[    161084 us][INFO ] attacks injected=89 detected=76 delivered=4
[    162401 us][INFO ] bus[0] kind=1 bitrate=5000000 MTU=64 ber=0.00e+00 prop_ns=3000
[    162612 us][INFO ] attacker[tamper_payload] attached to bus
[    162811 us][INFO ] ecu[tx-atk] stack initialised (protection=3)
[    162912 us][INFO ] ecu[rx-atk] stack initialised (protection=3)
[    163036 us][INFO ] PQC handshake complete: keygen+encaps+decaps+HKDF = 93.2 us
[    329804 us][INFO ] attack[tamper_payload]  injected=4240 detected=80 delivered=0  rate=1.89%
[    330554 us][INFO ] =========== attacks_tamper_payload_hybrid summary ===========
[    330599 us][INFO ] messages   success=0  verify_fail=80  drop=0
[    330651 us][INFO ] e2e latency p50/p95/p99 = 2180.0 / 2402.0 / 3270.5 us
[    330696 us][INFO ] SecOC auth   mean=193.6 us  verify mean=37.8 us
[    330738 us][INFO ] attacks injected=4240 detected=80 delivered=0
[    332004 us][INFO ] bus[0] kind=1 bitrate=5000000 MTU=64 ber=0.00e+00 prop_ns=3000
[    332142 us][INFO ] attacker[tamper_auth] attached to bus
[    332261 us][INFO ] ecu[tx-atk] stack initialised (protection=3)
[    332367 us][INFO ] ecu[rx-atk] stack initialised (protection=3)
[    332515 us][INFO ] PQC handshake complete: keygen+encaps+decaps+HKDF = 100.8 us
[    500336 us][INFO ] attack[tamper_auth]  injected=4240 detected=80 delivered=0  rate=1.89%
[    501031 us][INFO ] =========== attacks_tamper_auth_hybrid summary ===========
[    501069 us][INFO ] messages   success=0  verify_fail=80  drop=0
[    501104 us][INFO ] e2e latency p50/p95/p99 = 2177.0 / 2657.3 / 3271.9 us
[    501123 us][INFO ] SecOC auth   mean=165.4 us  verify mean=66.9 us
[    501138 us][INFO ] attacks injected=4240 detected=80 delivered=0
[    502323 us][INFO ] bus[0] kind=1 bitrate=5000000 MTU=64 ber=0.00e+00 prop_ns=3000
[    502438 us][INFO ] attacker[freshness_rollback] attached to bus
[    502614 us][INFO ] ecu[tx-atk] stack initialised (protection=3)
[    502761 us][INFO ] ecu[rx-atk] stack initialised (protection=3)
[    502931 us][INFO ] PQC handshake complete: keygen+encaps+decaps+HKDF = 106.4 us
[    662241 us][INFO ] attack[freshness_rollback]  injected=4240 detected=80 delivered=0  rate=1.89%
[    663071 us][INFO ] =========== attacks_freshness_rollback_hybrid summary ===========
[    663165 us][INFO ] messages   success=0  verify_fail=80  drop=0
[    663235 us][INFO ] e2e latency p50/p95/p99 = 2169.9 / 2287.8 / 2568.6 us
[    663251 us][INFO ] SecOC auth   mean=197.0 us  verify mean=0.0 us
[    663265 us][INFO ] attacks injected=4240 detected=80 delivered=0
[    664309 us][INFO ] bus[0] kind=1 bitrate=5000000 MTU=64 ber=0.00e+00 prop_ns=3000
[    664389 us][INFO ] attacker[mitm_key_confuse] attached to bus
[    664494 us][INFO ] ecu[tx-atk] stack initialised (protection=3)
[    664588 us][INFO ] ecu[rx-atk] stack initialised (protection=3)
[    664737 us][INFO ] PQC handshake complete: keygen+encaps+decaps+HKDF = 118.8 us
[    829077 us][INFO ] attack[mitm_key_confuse]  injected=4240 detected=80 delivered=0  rate=1.89%
[    829887 us][INFO ] =========== attacks_mitm_key_confuse_hybrid summary ===========
[    829980 us][INFO ] messages   success=0  verify_fail=80  drop=0
[    830043 us][INFO ] e2e latency p50/p95/p99 = 2176.5 / 2271.1 / 3325.8 us
[    830076 us][INFO ] SecOC auth   mean=180.8 us  verify mean=15.0 us
[    830104 us][INFO ] attacks injected=4240 detected=80 delivered=0
[    831273 us][INFO ] bus[0] kind=1 bitrate=5000000 MTU=64 ber=0.00e+00 prop_ns=3000
[    831377 us][INFO ] attacker[sig_fuzz] attached to bus
[    831519 us][INFO ] ecu[tx-atk] stack initialised (protection=3)
[    831621 us][INFO ] ecu[rx-atk] stack initialised (protection=3)
[    831820 us][INFO ] PQC handshake complete: keygen+encaps+decaps+HKDF = 160.9 us
[    999543 us][INFO ] attack[sig_fuzz]  injected=4240 detected=80 delivered=0  rate=1.89%
[   1000298 us][INFO ] =========== attacks_sig_fuzz_hybrid summary ===========
[   1000401 us][INFO ] messages   success=0  verify_fail=80  drop=0
[   1000571 us][INFO ] e2e latency p50/p95/p99 = 2174.3 / 3214.6 / 3371.6 us
[   1000621 us][INFO ] SecOC auth   mean=211.5 us  verify mean=49.2 us
[   1000688 us][INFO ] attacks injected=4240 detected=80 delivered=0
[   1002229 us][INFO ] bus[0] kind=1 bitrate=5000000 MTU=64 ber=0.00e+00 prop_ns=3000
[   1002305 us][INFO ] attacker[downgrade_hmac] attached to bus
[   1002402 us][INFO ] ecu[tx-atk] stack initialised (protection=3)
[   1002508 us][INFO ] ecu[rx-atk] stack initialised (protection=3)
[   1002701 us][INFO ] PQC handshake complete: keygen+encaps+decaps+HKDF = 131.6 us
[   1154867 us][INFO ] attack[downgrade_hmac]  injected=4240 detected=80 delivered=0  rate=1.89%
[   1155611 us][INFO ] =========== attacks_downgrade_hmac_hybrid summary ===========
[   1155649 us][INFO ] messages   success=0  verify_fail=80  drop=0
[   1155680 us][INFO ] e2e latency p50/p95/p99 = 2164.0 / 2466.1 / 2761.9 us
[   1155753 us][INFO ] SecOC auth   mean=189.0 us  verify mean=14.3 us
[   1155841 us][INFO ] attacks injected=4240 detected=80 delivered=0
[   1158176 us][INFO ] =========== attacks_aggregate_hybrid summary ===========
[   1158255 us][INFO ] messages   success=4  verify_fail=556  drop=0
[   1158464 us][INFO ] e2e latency p50/p95/p99 = 2173.3 / 2546.3 / 3313.2 us
[   1158530 us][INFO ] SecOC auth   mean=189.2 us  verify mean=36.0 us
[   1158563 us][INFO ] attacks injected=25529 detected=556 delivered=4
