[       929 us][INFO ] logger initialised: scenario=attacks seed=12648430 out=/home/user/computer_engineering_project/integrated_simulation_env/results/20260418T101627Z/raw git=ise
[      1109 us][INFO ] running scenario 'attacks' (All 10 attack scenarios, sequential)
[      2518 us][INFO ] bus[0] kind=1 bitrate=5000000 MTU=64 ber=0.00e+00 prop_ns=3000
[      2665 us][INFO ] attacker[replay] attached to bus
[      5673 us][INFO ] ecu[tx-atk] stack initialised (protection=2)
[      5799 us][INFO ] ecu[rx-atk] stack initialised (protection=2)
[      6179 us][INFO ] PQC handshake complete: keygen+encaps+decaps+HKDF = 328.0 us
[    165352 us][INFO ] attack[replay]  injected=90 detected=77 delivered=3  rate=85.56%
[    166091 us][INFO ] =========== attacks_replay_pqc summary ===========
[    166166 us][INFO ] messages   success=3  verify_fail=77  drop=0
[    166230 us][INFO ] e2e latency p50/p95/p99 = 2171.6 / 2377.4 / 3252.9 us
[    166285 us][INFO ] SecOC auth   mean=164.3 us  verify mean=72.7 us
[    166309 us][INFO ] attacks injected=90 detected=77 delivered=3
[    167553 us][INFO ] bus[0] kind=1 bitrate=5000000 MTU=64 ber=0.00e+00 prop_ns=3000
[    167785 us][INFO ] attacker[tamper_payload] attached to bus
[    167901 us][INFO ] ecu[tx-atk] stack initialised (protection=2)
[    168007 us][INFO ] ecu[rx-atk] stack initialised (protection=2)
[    168157 us][INFO ] PQC handshake complete: keygen+encaps+decaps+HKDF = 113.1 us
[    326833 us][INFO ] attack[tamper_payload]  injected=4160 detected=80 delivered=0  rate=1.92%
[    327653 us][INFO ] =========== attacks_tamper_payload_pqc summary ===========
[    327746 us][INFO ] messages   success=0  verify_fail=80  drop=0
[    327824 us][INFO ] e2e latency p50/p95/p99 = 2169.5 / 2273.6 / 2570.1 us
[    327881 us][INFO ] SecOC auth   mean=172.8 us  verify mean=63.4 us
[    327898 us][INFO ] attacks injected=4160 detected=80 delivered=0
[    329213 us][INFO ] bus[0] kind=1 bitrate=5000000 MTU=64 ber=0.00e+00 prop_ns=3000
[    329346 us][INFO ] attacker[tamper_auth] attached to bus
[    329553 us][INFO ] ecu[tx-atk] stack initialised (protection=2)
[    329654 us][INFO ] ecu[rx-atk] stack initialised (protection=2)
[    329829 us][INFO ] PQC handshake complete: keygen+encaps+decaps+HKDF = 129.3 us
[    492685 us][INFO ] attack[tamper_auth]  injected=4160 detected=80 delivered=0  rate=1.92%
[    493360 us][INFO ] =========== attacks_tamper_auth_pqc summary ===========
[    493401 us][INFO ] messages   success=0  verify_fail=80  drop=0
[    493440 us][INFO ] e2e latency p50/p95/p99 = 2190.1 / 2274.5 / 2415.9 us
[    493472 us][INFO ] SecOC auth   mean=186.5 us  verify mean=62.7 us
[    493552 us][INFO ] attacks injected=4160 detected=80 delivered=0
[    495133 us][INFO ] bus[0] kind=1 bitrate=5000000 MTU=64 ber=0.00e+00 prop_ns=3000
[    495264 us][INFO ] attacker[freshness_rollback] attached to bus
[    495520 us][INFO ] ecu[tx-atk] stack initialised (protection=2)
[    495687 us][INFO ] ecu[rx-atk] stack initialised (protection=2)
[    495857 us][INFO ] PQC handshake complete: keygen+encaps+decaps+HKDF = 126.7 us
[    655966 us][INFO ] attack[freshness_rollback]  injected=4160 detected=80 delivered=0  rate=1.92%
[    656733 us][INFO ] =========== attacks_freshness_rollback_pqc summary ===========
[    656776 us][INFO ] messages   success=0  verify_fail=80  drop=0
[    656827 us][INFO ] e2e latency p50/p95/p99 = 2180.1 / 2283.3 / 3226.9 us
[    656862 us][INFO ] SecOC auth   mean=197.6 us  verify mean=0.0 us
[    656879 us][INFO ] attacks injected=4160 detected=80 delivered=0
[    658198 us][INFO ] bus[0] kind=1 bitrate=5000000 MTU=64 ber=0.00e+00 prop_ns=3000
[    658279 us][INFO ] attacker[mitm_key_confuse] attached to bus
[    658386 us][INFO ] ecu[tx-atk] stack initialised (protection=2)
[    658504 us][INFO ] ecu[rx-atk] stack initialised (protection=2)
[    658729 us][INFO ] PQC handshake complete: keygen+encaps+decaps+HKDF = 142.6 us
[    828360 us][INFO ] attack[mitm_key_confuse]  injected=4160 detected=80 delivered=0  rate=1.92%
[    829139 us][INFO ] =========== attacks_mitm_key_confuse_pqc summary ===========
[    829188 us][INFO ] messages   success=0  verify_fail=80  drop=0
[    829247 us][INFO ] e2e latency p50/p95/p99 = 2175.6 / 2300.0 / 3260.2 us
[    829295 us][INFO ] SecOC auth   mean=182.0 us  verify mean=41.7 us
[    829311 us][INFO ] attacks injected=4160 detected=80 delivered=0
[    830360 us][INFO ] bus[0] kind=1 bitrate=5000000 MTU=64 ber=0.00e+00 prop_ns=3000
[    830433 us][INFO ] attacker[sig_fuzz] attached to bus
[    830638 us][INFO ] ecu[tx-atk] stack initialised (protection=2)
[    830807 us][INFO ] ecu[rx-atk] stack initialised (protection=2)
[    830963 us][INFO ] PQC handshake complete: keygen+encaps+decaps+HKDF = 110.7 us
[    996598 us][INFO ] attack[sig_fuzz]  injected=4160 detected=80 delivered=0  rate=1.92%
[    997372 us][INFO ] =========== attacks_sig_fuzz_pqc summary ===========
[    997414 us][INFO ] messages   success=0  verify_fail=80  drop=0
[    997485 us][INFO ] e2e latency p50/p95/p99 = 2181.7 / 2267.6 / 2899.7 us
[    997522 us][INFO ] SecOC auth   mean=199.2 us  verify mean=41.4 us
[    997551 us][INFO ] attacks injected=4160 detected=80 delivered=0
[    998940 us][INFO ] bus[0] kind=1 bitrate=5000000 MTU=64 ber=0.00e+00 prop_ns=3000
[    999061 us][INFO ] attacker[downgrade_hmac] attached to bus
[    999203 us][INFO ] ecu[tx-atk] stack initialised (protection=2)
[    999332 us][INFO ] ecu[rx-atk] stack initialised (protection=2)
[    999570 us][INFO ] PQC handshake complete: keygen+encaps+decaps+HKDF = 183.3 us
[   1165463 us][INFO ] attack[downgrade_hmac]  injected=4160 detected=80 delivered=0  rate=1.92%
[   1166253 us][INFO ] =========== attacks_downgrade_hmac_pqc summary ===========
[   1166310 us][INFO ] messages   success=0  verify_fail=80  drop=0
[   1166340 us][INFO ] e2e latency p50/p95/p99 = 2181.2 / 2293.1 / 3227.4 us
[   1166360 us][INFO ] SecOC auth   mean=180.3 us  verify mean=79.0 us
[   1166379 us][INFO ] attacks injected=4160 detected=80 delivered=0
[   1168591 us][INFO ] =========== attacks_aggregate_pqc summary ===========
[   1168639 us][INFO ] messages   success=3  verify_fail=557  drop=0
[   1168817 us][INFO ] e2e latency p50/p95/p99 = 2179.9 / 2293.1 / 3252.9 us
[   1168856 us][INFO ] SecOC auth   mean=183.2 us  verify mean=51.6 us
[   1168882 us][INFO ] attacks injected=25050 detected=557 delivered=3
