[      1295 us][INFO ] logger initialised: scenario=baseline seed=12648430 out=/home/user/computer_engineering_project/integrated_simulation_env/results/20260418T101627Z/raw git=ise
[      1488 us][INFO ] running scenario 'baseline' (Baseline per-signal latency & overhead)
[      2305 us][INFO ] bus[1] kind=1 bitrate=5000000 MTU=64 ber=0.00e+00 prop_ns=3000
[      2409 us][INFO ] bus[0] kind=0 bitrate=1000000 MTU=8 ber=0.00e+00 prop_ns=5000
[      2559 us][INFO ] bus[2] kind=2 bitrate=10000000 MTU=254 ber=0.00e+00 prop_ns=2000
[      2774 us][INFO ] bus[3] kind=3 bitrate=100000000 MTU=1500 ber=0.00e+00 prop_ns=1000
[      2873 us][INFO ] bus[4] kind=4 bitrate=1000000000 MTU=1500 ber=0.00e+00 prop_ns=500
[      2921 us][INFO ] ecu[tx-ecu] stack initialised (protection=1)
[      2939 us][INFO ] ecu[rx-ecu] stack initialised (protection=1)
[      2957 us][INFO ] signal 0x01 (BrakeCmd): 80 iterations on bus_kind=1
[    181813 us][INFO ] ecu[tx-ecu] stack initialised (protection=1)
[    181933 us][INFO ] ecu[rx-ecu] stack initialised (protection=1)
[    181990 us][INFO ] signal 0x02 (SteeringTorque): 80 iterations on bus_kind=1
[    352622 us][INFO ] ecu[tx-ecu] stack initialised (protection=1)
[    352817 us][INFO ] ecu[rx-ecu] stack initialised (protection=1)
[    352929 us][INFO ] signal 0x03 (AirbagTrigger): 80 iterations on bus_kind=0
[    503549 us][INFO ] ecu[tx-ecu] stack initialised (protection=1)
[    503739 us][INFO ] ecu[rx-ecu] stack initialised (protection=1)
[    503784 us][INFO ] signal 0x04 (Throttle): 80 iterations on bus_kind=1
[    680153 us][INFO ] ecu[tx-ecu] stack initialised (protection=1)
[    680354 us][INFO ] ecu[rx-ecu] stack initialised (protection=1)
[    680408 us][INFO ] signal 0x05 (AbsWheelSpeed): 80 iterations on bus_kind=1
[    843393 us][INFO ] ecu[tx-ecu] stack initialised (protection=1)
[    843514 us][INFO ] ecu[rx-ecu] stack initialised (protection=1)
[    843532 us][INFO ] signal 0x06 (InverterTorque): 80 iterations on bus_kind=2
[    995174 us][INFO ] ecu[tx-ecu] stack initialised (protection=1)
[    995283 us][INFO ] ecu[rx-ecu] stack initialised (protection=1)
[    995340 us][INFO ] signal 0x07 (BodyMotion): 80 iterations on bus_kind=1
[   1151238 us][INFO ] ecu[tx-ecu] stack initialised (protection=1)
[   1151344 us][INFO ] ecu[rx-ecu] stack initialised (protection=1)
[   1151398 us][INFO ] signal 0x08 (DoorLockState): 80 iterations on bus_kind=0
[   1328733 us][INFO ] ecu[tx-ecu] stack initialised (protection=1)
[   1328846 us][INFO ] ecu[rx-ecu] stack initialised (protection=1)
[   1328905 us][INFO ] signal 0x09 (Speedometer): 80 iterations on bus_kind=1
[   1498661 us][INFO ] ecu[tx-ecu] stack initialised (protection=1)
[   1498818 us][INFO ] ecu[rx-ecu] stack initialised (protection=1)
[   1498880 us][INFO ] signal 0x0A (HVAC): 80 iterations on bus_kind=0
[   1680134 us][INFO ] ecu[tx-ecu] stack initialised (protection=1)
[   1680249 us][INFO ] ecu[rx-ecu] stack initialised (protection=1)
[   1680298 us][INFO ] signal 0x0B (InfotainmentGateway): 80 iterations on bus_kind=3
[   1843983 us][INFO ] ecu[tx-ecu] stack initialised (protection=1)
[   1844109 us][INFO ] ecu[rx-ecu] stack initialised (protection=1)
[   1844210 us][INFO ] signal 0x0C (ADAS_Camera_Meta): 80 iterations on bus_kind=3
[   1959928 us][INFO ] ecu[tx-ecu] stack initialised (protection=1)
[   1960034 us][INFO ] ecu[rx-ecu] stack initialised (protection=1)
[   1960100 us][INFO ] signal 0x0D (V2X_AuthenticatedMsg): 80 iterations on bus_kind=4
[   2057137 us][INFO ] ecu[tx-ecu] stack initialised (protection=1)
[   2057299 us][INFO ] ecu[rx-ecu] stack initialised (protection=1)
[   2057357 us][INFO ] signal 0x0E (OBD_Diagnostic): 80 iterations on bus_kind=3
[   2158657 us][INFO ] =========== baseline summary ===========
[   2158761 us][INFO ] messages   success=1120  verify_fail=0  drop=0
[   2159174 us][INFO ] e2e latency p50/p95/p99 = 2282.9 / 2378.3 / 2469.7 us
[   2159239 us][INFO ] SecOC auth   mean=7.9 us  verify mean=15.3 us
[   2159257 us][INFO ] deadline D1 miss 0/240 (0.00%)
[   2159306 us][INFO ] deadline D2 miss 0/240 (0.00%)
[   2159349 us][INFO ] deadline D3 miss 0/240 (0.00%)
[   2159372 us][INFO ] deadline D4 miss 0/160 (0.00%)
[   2159387 us][INFO ] deadline D5 miss 0/160 (0.00%)
[   2159408 us][INFO ] deadline D6 miss 0/80 (0.00%)
