[       972 us][INFO ] logger initialised: scenario=baseline seed=12648430 out=/home/user/computer_engineering_project/integrated_simulation_env/results/20260418T101627Z/raw git=ise
[      1282 us][INFO ] running scenario 'baseline' (Baseline per-signal latency & overhead)
[      2123 us][INFO ] bus[1] kind=1 bitrate=5000000 MTU=64 ber=0.00e+00 prop_ns=3000
[      2389 us][INFO ] bus[0] kind=0 bitrate=1000000 MTU=8 ber=0.00e+00 prop_ns=5000
[      2499 us][INFO ] bus[2] kind=2 bitrate=10000000 MTU=254 ber=0.00e+00 prop_ns=2000
[      2725 us][INFO ] bus[3] kind=3 bitrate=100000000 MTU=1500 ber=0.00e+00 prop_ns=1000
[      3004 us][INFO ] bus[4] kind=4 bitrate=1000000000 MTU=1500 ber=0.00e+00 prop_ns=500
[      6566 us][INFO ] ecu[tx-ecu] stack initialised (protection=2)
[      6678 us][INFO ] ecu[rx-ecu] stack initialised (protection=2)
[      7103 us][INFO ] PQC handshake complete: keygen+encaps+decaps+HKDF = 381.3 us
[      7158 us][INFO ] signal 0x01 (BrakeCmd): 80 iterations on bus_kind=1
[    155160 us][INFO ] ecu[tx-ecu] stack initialised (protection=2)
[    155396 us][INFO ] ecu[rx-ecu] stack initialised (protection=2)
[    155578 us][INFO ] PQC handshake complete: keygen+encaps+decaps+HKDF = 121.5 us
[    155684 us][INFO ] signal 0x02 (SteeringTorque): 80 iterations on bus_kind=1
[    298071 us][INFO ] ecu[tx-ecu] stack initialised (protection=2)
[    298279 us][INFO ] ecu[rx-ecu] stack initialised (protection=2)
[    298501 us][INFO ] PQC handshake complete: keygen+encaps+decaps+HKDF = 123.0 us
[    298574 us][INFO ] signal 0x03 (AirbagTrigger): 80 iterations on bus_kind=0
[    470267 us][INFO ] ecu[tx-ecu] stack initialised (protection=2)
[    470467 us][INFO ] ecu[rx-ecu] stack initialised (protection=2)
[    470741 us][INFO ] PQC handshake complete: keygen+encaps+decaps+HKDF = 168.4 us
[    470787 us][INFO ] signal 0x04 (Throttle): 80 iterations on bus_kind=1
[    649262 us][INFO ] ecu[tx-ecu] stack initialised (protection=2)
[    649477 us][INFO ] ecu[rx-ecu] stack initialised (protection=2)
[    649668 us][INFO ] PQC handshake complete: keygen+encaps+decaps+HKDF = 124.0 us
[    649728 us][INFO ] signal 0x05 (AbsWheelSpeed): 80 iterations on bus_kind=1
[    838139 us][INFO ] ecu[tx-ecu] stack initialised (protection=2)
[    838360 us][INFO ] ecu[rx-ecu] stack initialised (protection=2)
[    838549 us][INFO ] PQC handshake complete: keygen+encaps+decaps+HKDF = 117.8 us
[    838640 us][INFO ] signal 0x06 (InverterTorque): 80 iterations on bus_kind=2
[   1013371 us][INFO ] ecu[tx-ecu] stack initialised (protection=2)
[   1013580 us][INFO ] ecu[rx-ecu] stack initialised (protection=2)
[   1013852 us][INFO ] PQC handshake complete: keygen+encaps+decaps+HKDF = 163.8 us
[   1013958 us][INFO ] signal 0x07 (BodyMotion): 80 iterations on bus_kind=1
[   1194384 us][INFO ] ecu[tx-ecu] stack initialised (protection=2)
[   1194612 us][INFO ] ecu[rx-ecu] stack initialised (protection=2)
[   1194934 us][INFO ] PQC handshake complete: keygen+encaps+decaps+HKDF = 185.6 us
[   1195005 us][INFO ] signal 0x08 (DoorLockState): 80 iterations on bus_kind=0
[   1349093 us][INFO ] ecu[tx-ecu] stack initialised (protection=2)
[   1349380 us][INFO ] ecu[rx-ecu] stack initialised (protection=2)
[   1349607 us][INFO ] PQC handshake complete: keygen+encaps+decaps+HKDF = 143.5 us
[   1349673 us][INFO ] signal 0x09 (Speedometer): 80 iterations on bus_kind=1
[   1536185 us][INFO ] ecu[tx-ecu] stack initialised (protection=2)
[   1536329 us][INFO ] ecu[rx-ecu] stack initialised (protection=2)
[   1536501 us][INFO ] PQC handshake complete: keygen+encaps+decaps+HKDF = 122.0 us
[   1536555 us][INFO ] signal 0x0A (HVAC): 80 iterations on bus_kind=0
[   1686263 us][INFO ] ecu[tx-ecu] stack initialised (protection=2)
[   1686473 us][INFO ] ecu[rx-ecu] stack initialised (protection=2)
[   1686680 us][INFO ] PQC handshake complete: keygen+encaps+decaps+HKDF = 126.6 us
[   1686725 us][INFO ] signal 0x0B (InfotainmentGateway): 80 iterations on bus_kind=3
[   1864289 us][INFO ] ecu[tx-ecu] stack initialised (protection=2)
[   1864516 us][INFO ] ecu[rx-ecu] stack initialised (protection=2)
[   1864805 us][INFO ] PQC handshake complete: keygen+encaps+decaps+HKDF = 155.5 us
[   1864852 us][INFO ] signal 0x0C (ADAS_Camera_Meta): 80 iterations on bus_kind=3
[   2046440 us][INFO ] ecu[tx-ecu] stack initialised (protection=2)
[   2046657 us][INFO ] ecu[rx-ecu] stack initialised (protection=2)
[   2046984 us][INFO ] PQC handshake complete: keygen+encaps+decaps+HKDF = 214.7 us
[   2047020 us][INFO ] signal 0x0D (V2X_AuthenticatedMsg): 80 iterations on bus_kind=4
[   2163093 us][INFO ] ecu[tx-ecu] stack initialised (protection=2)
[   2163203 us][INFO ] ecu[rx-ecu] stack initialised (protection=2)
[   2163400 us][INFO ] PQC handshake complete: keygen+encaps+decaps+HKDF = 117.2 us
[   2163437 us][INFO ] signal 0x0E (OBD_Diagnostic): 80 iterations on bus_kind=3
[   2344689 us][INFO ] =========== baseline summary ===========
[   2344790 us][INFO ] messages   success=1120  verify_fail=0  drop=0
[   2345232 us][INFO ] e2e latency p50/p95/p99 = 2197.7 / 3229.6 / 3356.9 us
[   2345346 us][INFO ] SecOC auth   mean=176.7 us  verify mean=78.5 us
[   2345399 us][INFO ] deadline D1 miss 0/240 (0.00%)
[   2345436 us][INFO ] deadline D2 miss 0/240 (0.00%)
[   2345470 us][INFO ] deadline D3 miss 0/240 (0.00%)
[   2345489 us][INFO ] deadline D4 miss 0/160 (0.00%)
[   2345507 us][INFO ] deadline D5 miss 0/160 (0.00%)
[   2345523 us][INFO ] deadline D6 miss 0/80 (0.00%)
