[      1028 us][INFO ] logger initialised: scenario=bus_failure seed=12648430 out=/home/user/computer_engineering_project/integrated_simulation_env/results/20260418T101627Z/raw git=ise
[      1219 us][INFO ] running scenario 'bus_failure' (Physical-layer BER / bus-error handling)
[      2788 us][INFO ] bus[0] kind=1 bitrate=5000000 MTU=64 ber=0.00e+00 prop_ns=3000
[      6631 us][INFO ] ecu[tx-ber] stack initialised (protection=2)
[      6777 us][INFO ] ecu[rx-ber] stack initialised (protection=2)
[      7159 us][INFO ] PQC handshake complete: keygen+encaps+decaps+HKDF = 339.9 us
[    207028 us][INFO ] bus_failure[clean] BER=0.00e+00  tx=5200 rx=5200 ber_flipped=0 queue_drops=0  success=100 verify_fail=0
[    207840 us][INFO ] =========== bus_failure_clean summary ===========
[    207879 us][INFO ] messages   success=100  verify_fail=0  drop=0
[    207922 us][INFO ] e2e latency p50/p95/p99 = 2169.4 / 2498.9 / 3186.6 us
[    207945 us][INFO ] SecOC auth   mean=189.0 us  verify mean=78.0 us
[    209505 us][INFO ] bus[0] kind=1 bitrate=5000000 MTU=64 ber=1.00e-06 prop_ns=3000
[    209651 us][INFO ] ecu[tx-ber] stack initialised (protection=2)
[    209750 us][INFO ] ecu[rx-ber] stack initialised (protection=2)
[    209914 us][INFO ] PQC handshake complete: keygen+encaps+decaps+HKDF = 125.0 us
[    412115 us][INFO ] bus_failure[noisy] BER=1.00e-06  tx=5200 rx=5200 ber_flipped=1 queue_drops=0  success=99 verify_fail=1
[    412884 us][INFO ] =========== bus_failure_noisy summary ===========
[    412933 us][INFO ] messages   success=99  verify_fail=1  drop=0
[    412985 us][INFO ] e2e latency p50/p95/p99 = 2170.8 / 3194.0 / 3251.4 us
[    413028 us][INFO ] SecOC auth   mean=168.9 us  verify mean=75.5 us
[    414345 us][INFO ] bus[0] kind=1 bitrate=5000000 MTU=64 ber=1.00e-04 prop_ns=3000
[    414493 us][INFO ] ecu[tx-ber] stack initialised (protection=2)
[    414585 us][INFO ] ecu[rx-ber] stack initialised (protection=2)
[    414798 us][INFO ] PQC handshake complete: keygen+encaps+decaps+HKDF = 144.6 us
[    617848 us][INFO ] bus_failure[heavy] BER=1.00e-04  tx=5200 rx=5200 ber_flipped=248 queue_drops=0  success=7 verify_fail=93
[    618634 us][INFO ] =========== bus_failure_heavy summary ===========
[    618673 us][INFO ] messages   success=7  verify_fail=93  drop=0
[    618705 us][INFO ] e2e latency p50/p95/p99 = 2192.3 / 2680.6 / 2680.6 us
[    618753 us][INFO ] SecOC auth   mean=173.8 us  verify mean=76.2 us
[    620368 us][INFO ] =========== bus_failure_aggregate summary ===========
[    620419 us][INFO ] messages   success=206  verify_fail=94  drop=0
