[      1178 us][INFO ] logger initialised: scenario=deadline_stress seed=12648430 out=/home/user/computer_engineering_project/integrated_simulation_env/results/20260418T101627Z/raw git=ise
[      1364 us][INFO ] running scenario 'deadline_stress' (Deadline miss per ASIL class)
[      3015 us][INFO ] bus[0] kind=0 bitrate=1000000 MTU=8 ber=0.00e+00 prop_ns=5000
[      6205 us][INFO ] ecu[tx-dl] stack initialised (protection=2)
[      6308 us][INFO ] ecu[rx-dl] stack initialised (protection=2)
[      6670 us][INFO ] PQC handshake complete: keygen+encaps+decaps+HKDF = 333.7 us
[      7189 us][WARN ] bus[0] payload 64 > MTU 8 (dropped)
[     58038 us][WARN ] bus[0] payload 64 > MTU 8 (dropped)
[    108926 us][WARN ] bus[0] payload 64 > MTU 8 (dropped)
[    159581 us][WARN ] bus[0] payload 64 > MTU 8 (dropped)
[    210406 us][WARN ] bus[0] payload 64 > MTU 8 (dropped)
[    261210 us][WARN ] bus[0] payload 64 > MTU 8 (dropped)
[    312119 us][WARN ] bus[0] payload 64 > MTU 8 (dropped)
[    362703 us][WARN ] bus[0] payload 64 > MTU 8 (dropped)
[    413135 us][WARN ] bus[0] payload 64 > MTU 8 (dropped)
[    463632 us][WARN ] bus[0] payload 64 > MTU 8 (dropped)
[    514780 us][WARN ] bus[0] payload 64 > MTU 8 (dropped)
[    565194 us][WARN ] bus[0] payload 64 > MTU 8 (dropped)
[    616280 us][WARN ] bus[0] payload 64 > MTU 8 (dropped)
[    666821 us][WARN ] bus[0] payload 64 > MTU 8 (dropped)
[    717434 us][WARN ] bus[0] payload 64 > MTU 8 (dropped)
[    768624 us][WARN ] bus[0] payload 64 > MTU 8 (dropped)
[    819488 us][WARN ] bus[0] payload 64 > MTU 8 (dropped)
[    869888 us][WARN ] bus[0] payload 64 > MTU 8 (dropped)
[    921208 us][WARN ] bus[0] payload 64 > MTU 8 (dropped)
[    971680 us][WARN ] bus[0] payload 64 > MTU 8 (dropped)
[   1022571 us][WARN ] bus[0] payload 64 > MTU 8 (dropped)
[   1073357 us][WARN ] bus[0] payload 64 > MTU 8 (dropped)
[   1124452 us][WARN ] bus[0] payload 64 > MTU 8 (dropped)
[   1175003 us][WARN ] bus[0] payload 64 > MTU 8 (dropped)
[   1225726 us][WARN ] bus[0] payload 64 > MTU 8 (dropped)
[   1276077 us][WARN ] bus[0] payload 64 > MTU 8 (dropped)
[   1327468 us][WARN ] bus[0] payload 64 > MTU 8 (dropped)
[   1378155 us][WARN ] bus[0] payload 64 > MTU 8 (dropped)
[   1429584 us][WARN ] bus[0] payload 64 > MTU 8 (dropped)
[   1480557 us][WARN ] bus[0] payload 64 > MTU 8 (dropped)
[   1531198 us][WARN ] bus[0] payload 64 > MTU 8 (dropped)
[   1582049 us][WARN ] bus[0] payload 64 > MTU 8 (dropped)
[   1633311 us][WARN ] bus[0] payload 64 > MTU 8 (dropped)
[   1684254 us][WARN ] bus[0] payload 64 > MTU 8 (dropped)
[   1735097 us][WARN ] bus[0] payload 64 > MTU 8 (dropped)
[   1785798 us][WARN ] bus[0] payload 64 > MTU 8 (dropped)
[   1836852 us][WARN ] bus[0] payload 64 > MTU 8 (dropped)
[   1887445 us][WARN ] bus[0] payload 64 > MTU 8 (dropped)
[   1938173 us][WARN ] bus[0] payload 64 > MTU 8 (dropped)
[   1989182 us][WARN ] bus[0] payload 64 > MTU 8 (dropped)
[   2040511 us][WARN ] bus[0] payload 64 > MTU 8 (dropped)
[   2091412 us][WARN ] bus[0] payload 64 > MTU 8 (dropped)
[   2142318 us][WARN ] bus[0] payload 64 > MTU 8 (dropped)
[   2192959 us][WARN ] bus[0] payload 64 > MTU 8 (dropped)
[   2243811 us][WARN ] bus[0] payload 64 > MTU 8 (dropped)
[   2294314 us][WARN ] bus[0] payload 64 > MTU 8 (dropped)
[   2345232 us][WARN ] bus[0] payload 64 > MTU 8 (dropped)
[   2396678 us][WARN ] bus[0] payload 64 > MTU 8 (dropped)
[   2448181 us][WARN ] bus[0] payload 64 > MTU 8 (dropped)
[   2498700 us][WARN ] bus[0] payload 64 > MTU 8 (dropped)
[   2549315 us][WARN ] bus[0] payload 64 > MTU 8 (dropped)
[   2599980 us][WARN ] bus[0] payload 64 > MTU 8 (dropped)
[   2651049 us][WARN ] bus[0] payload 64 > MTU 8 (dropped)
[   2701710 us][WARN ] bus[0] payload 64 > MTU 8 (dropped)
[   2752562 us][WARN ] bus[0] payload 64 > MTU 8 (dropped)
[   2803347 us][WARN ] bus[0] payload 64 > MTU 8 (dropped)
[   2854218 us][WARN ] bus[0] payload 64 > MTU 8 (dropped)
[   2905159 us][WARN ] bus[0] payload 64 > MTU 8 (dropped)
[   2955889 us][WARN ] bus[0] payload 64 > MTU 8 (dropped)
[   3007270 us][WARN ] bus[0] payload 64 > MTU 8 (dropped)
[   3058099 us][WARN ] bus[0] payload 64 > MTU 8 (dropped)
[   3109254 us][WARN ] bus[0] payload 64 > MTU 8 (dropped)
[   3160237 us][WARN ] bus[0] payload 64 > MTU 8 (dropped)
[   3211145 us][WARN ] bus[0] payload 64 > MTU 8 (dropped)
[   3261730 us][WARN ] bus[0] payload 64 > MTU 8 (dropped)
[   3312426 us][WARN ] bus[0] payload 64 > MTU 8 (dropped)
[   3363064 us][WARN ] bus[0] payload 64 > MTU 8 (dropped)
[   3413791 us][WARN ] bus[0] payload 64 > MTU 8 (dropped)
[   3464768 us][WARN ] bus[0] payload 64 > MTU 8 (dropped)
[   3515761 us][WARN ] bus[0] payload 64 > MTU 8 (dropped)
[   3566482 us][WARN ] bus[0] payload 64 > MTU 8 (dropped)
[   3617429 us][WARN ] bus[0] payload 64 > MTU 8 (dropped)
[   3668119 us][WARN ] bus[0] payload 64 > MTU 8 (dropped)
[   3719318 us][WARN ] bus[0] payload 64 > MTU 8 (dropped)
[   3769958 us][WARN ] bus[0] payload 64 > MTU 8 (dropped)
[   3820847 us][WARN ] bus[0] payload 64 > MTU 8 (dropped)
[   3871712 us][WARN ] bus[0] payload 64 > MTU 8 (dropped)
[   3922745 us][WARN ] bus[0] payload 64 > MTU 8 (dropped)
[   3973336 us][WARN ] bus[0] payload 64 > MTU 8 (dropped)
[   4024879 us][WARN ] bus[0] payload 64 > MTU 8 (dropped)
[   4075399 us][INFO ] bus[3] kind=3 bitrate=100000000 MTU=1500 ber=0.00e+00 prop_ns=1000
[   4075683 us][INFO ] ecu[tx-dl] stack initialised (protection=2)
[   4075803 us][INFO ] ecu[rx-dl] stack initialised (protection=2)
[   4075980 us][INFO ] PQC handshake complete: keygen+encaps+decaps+HKDF = 128.6 us
[   4181288 us][INFO ] deadline_tight   D1 miss=80 / 80
[   4181475 us][INFO ] deadline_relaxed D4 miss=0 / 80
[   4182269 us][INFO ] =========== deadline_tight summary ===========
[   4182317 us][INFO ] messages   success=0  verify_fail=0  drop=0
[   4182360 us][INFO ] e2e latency p50/p95/p99 = 50827.6 / 51259.3 / 51398.5 us
[   4182397 us][INFO ] SecOC auth   mean=231.3 us  verify mean=0.0 us
[   4182435 us][INFO ] deadline D1 miss 80/80 (100.00%)
[   4183038 us][INFO ] =========== deadline_relaxed summary ===========
[   4183081 us][INFO ] messages   success=80  verify_fail=0  drop=0
[   4183173 us][INFO ] e2e latency p50/p95/p99 = 1104.4 / 2194.6 / 2233.1 us
[   4183239 us][INFO ] SecOC auth   mean=180.9 us  verify mean=77.5 us
[   4183289 us][INFO ] deadline D4 miss 0/80 (0.00%)
