[      1156 us][INFO ] logger initialised: scenario=deadline_stress seed=12648430 out=/home/user/computer_engineering_project/integrated_simulation_env/results/20260418T101627Z/raw git=ise
[      1383 us][INFO ] running scenario 'deadline_stress' (Deadline miss per ASIL class)
[      2890 us][INFO ] bus[0] kind=0 bitrate=1000000 MTU=8 ber=0.00e+00 prop_ns=5000
[      2944 us][INFO ] ecu[tx-dl] stack initialised (protection=1)
[      2978 us][INFO ] ecu[rx-dl] stack initialised (protection=1)
[      5033 us][WARN ] bus[0] payload 34 > MTU 8 (dropped)
[     55281 us][WARN ] bus[0] payload 34 > MTU 8 (dropped)
[    106295 us][WARN ] bus[0] payload 34 > MTU 8 (dropped)
[    157093 us][WARN ] bus[0] payload 34 > MTU 8 (dropped)
[    207664 us][WARN ] bus[0] payload 34 > MTU 8 (dropped)
[    258890 us][WARN ] bus[0] payload 34 > MTU 8 (dropped)
[    309482 us][WARN ] bus[0] payload 34 > MTU 8 (dropped)
[    360515 us][WARN ] bus[0] payload 34 > MTU 8 (dropped)
[    411157 us][WARN ] bus[0] payload 34 > MTU 8 (dropped)
[    461935 us][WARN ] bus[0] payload 34 > MTU 8 (dropped)
[    513059 us][WARN ] bus[0] payload 34 > MTU 8 (dropped)
[    563972 us][WARN ] bus[0] payload 34 > MTU 8 (dropped)
[    614872 us][WARN ] bus[0] payload 34 > MTU 8 (dropped)
[    665369 us][WARN ] bus[0] payload 34 > MTU 8 (dropped)
[    715836 us][WARN ] bus[0] payload 34 > MTU 8 (dropped)
[    766944 us][WARN ] bus[0] payload 34 > MTU 8 (dropped)
[    817689 us][WARN ] bus[0] payload 34 > MTU 8 (dropped)
[    867954 us][WARN ] bus[0] payload 34 > MTU 8 (dropped)
[    918313 us][WARN ] bus[0] payload 34 > MTU 8 (dropped)
[    968953 us][WARN ] bus[0] payload 34 > MTU 8 (dropped)
[   1019539 us][WARN ] bus[0] payload 34 > MTU 8 (dropped)
[   1070374 us][WARN ] bus[0] payload 34 > MTU 8 (dropped)
[   1121204 us][WARN ] bus[0] payload 34 > MTU 8 (dropped)
[   1171653 us][WARN ] bus[0] payload 34 > MTU 8 (dropped)
[   1222119 us][WARN ] bus[0] payload 34 > MTU 8 (dropped)
[   1273412 us][WARN ] bus[0] payload 34 > MTU 8 (dropped)
[   1324607 us][WARN ] bus[0] payload 34 > MTU 8 (dropped)
[   1375672 us][WARN ] bus[0] payload 34 > MTU 8 (dropped)
[   1425959 us][WARN ] bus[0] payload 34 > MTU 8 (dropped)
[   1477012 us][WARN ] bus[0] payload 34 > MTU 8 (dropped)
[   1528142 us][WARN ] bus[0] payload 34 > MTU 8 (dropped)
[   1579350 us][WARN ] bus[0] payload 34 > MTU 8 (dropped)
[   1630175 us][WARN ] bus[0] payload 34 > MTU 8 (dropped)
[   1681377 us][WARN ] bus[0] payload 34 > MTU 8 (dropped)
[   1732198 us][WARN ] bus[0] payload 34 > MTU 8 (dropped)
[   1783023 us][WARN ] bus[0] payload 34 > MTU 8 (dropped)
[   1833775 us][WARN ] bus[0] payload 34 > MTU 8 (dropped)
[   1884364 us][WARN ] bus[0] payload 34 > MTU 8 (dropped)
[   1934823 us][WARN ] bus[0] payload 34 > MTU 8 (dropped)
[   1985467 us][WARN ] bus[0] payload 34 > MTU 8 (dropped)
[   2035711 us][WARN ] bus[0] payload 34 > MTU 8 (dropped)
[   2087084 us][WARN ] bus[0] payload 34 > MTU 8 (dropped)
[   2137875 us][WARN ] bus[0] payload 34 > MTU 8 (dropped)
[   2189119 us][WARN ] bus[0] payload 34 > MTU 8 (dropped)
[   2239600 us][WARN ] bus[0] payload 34 > MTU 8 (dropped)
[   2290786 us][WARN ] bus[0] payload 34 > MTU 8 (dropped)
[   2341478 us][WARN ] bus[0] payload 34 > MTU 8 (dropped)
[   2392515 us][WARN ] bus[0] payload 34 > MTU 8 (dropped)
[   2443313 us][WARN ] bus[0] payload 34 > MTU 8 (dropped)
[   2494612 us][WARN ] bus[0] payload 34 > MTU 8 (dropped)
[   2545428 us][WARN ] bus[0] payload 34 > MTU 8 (dropped)
[   2596555 us][WARN ] bus[0] payload 34 > MTU 8 (dropped)
[   2647148 us][WARN ] bus[0] payload 34 > MTU 8 (dropped)
[   2698345 us][WARN ] bus[0] payload 34 > MTU 8 (dropped)
[   2748656 us][WARN ] bus[0] payload 34 > MTU 8 (dropped)
[   2799723 us][WARN ] bus[0] payload 34 > MTU 8 (dropped)
[   2850384 us][WARN ] bus[0] payload 34 > MTU 8 (dropped)
[   2901286 us][WARN ] bus[0] payload 34 > MTU 8 (dropped)
[   2951825 us][WARN ] bus[0] payload 34 > MTU 8 (dropped)
[   3003004 us][WARN ] bus[0] payload 34 > MTU 8 (dropped)
[   3053802 us][WARN ] bus[0] payload 34 > MTU 8 (dropped)
[   3105102 us][WARN ] bus[0] payload 34 > MTU 8 (dropped)
[   3156169 us][WARN ] bus[0] payload 34 > MTU 8 (dropped)
[   3207413 us][WARN ] bus[0] payload 34 > MTU 8 (dropped)
[   3258599 us][WARN ] bus[0] payload 34 > MTU 8 (dropped)
[   3309849 us][WARN ] bus[0] payload 34 > MTU 8 (dropped)
[   3360574 us][WARN ] bus[0] payload 34 > MTU 8 (dropped)
[   3411720 us][WARN ] bus[0] payload 34 > MTU 8 (dropped)
[   3462812 us][WARN ] bus[0] payload 34 > MTU 8 (dropped)
[   3514162 us][WARN ] bus[0] payload 34 > MTU 8 (dropped)
[   3565099 us][WARN ] bus[0] payload 34 > MTU 8 (dropped)
[   3616046 us][WARN ] bus[0] payload 34 > MTU 8 (dropped)
[   3667080 us][WARN ] bus[0] payload 34 > MTU 8 (dropped)
[   3717887 us][WARN ] bus[0] payload 34 > MTU 8 (dropped)
[   3768714 us][WARN ] bus[0] payload 34 > MTU 8 (dropped)
[   3819004 us][WARN ] bus[0] payload 34 > MTU 8 (dropped)
[   3869723 us][WARN ] bus[0] payload 34 > MTU 8 (dropped)
[   3920038 us][WARN ] bus[0] payload 34 > MTU 8 (dropped)
[   3970814 us][WARN ] bus[0] payload 34 > MTU 8 (dropped)
[   4021710 us][WARN ] bus[0] payload 34 > MTU 8 (dropped)
[   4072642 us][INFO ] bus[3] kind=3 bitrate=100000000 MTU=1500 ber=0.00e+00 prop_ns=1000
[   4072795 us][INFO ] ecu[tx-dl] stack initialised (protection=1)
[   4072910 us][INFO ] ecu[rx-dl] stack initialised (protection=1)
[   4175630 us][INFO ] deadline_tight   D1 miss=80 / 80
[   4175843 us][INFO ] deadline_relaxed D4 miss=0 / 80
[   4176347 us][INFO ] =========== deadline_tight summary ===========
[   4176379 us][INFO ] messages   success=0  verify_fail=0  drop=0
[   4176402 us][INFO ] e2e latency p50/p95/p99 = 50824.2 / 51297.0 / 51361.5 us
[   4176421 us][INFO ] SecOC auth   mean=64.0 us  verify mean=0.0 us
[   4176456 us][INFO ] deadline D1 miss 80/80 (100.00%)
[   4176972 us][INFO ] =========== deadline_relaxed summary ===========
[   4177008 us][INFO ] messages   success=80  verify_fail=0  drop=0
[   4177048 us][INFO ] e2e latency p50/p95/p99 = 1209.8 / 1455.2 / 3199.9 us
[   4177075 us][INFO ] SecOC auth   mean=5.8 us  verify mean=15.7 us
[   4177099 us][INFO ] deadline D4 miss 0/80 (0.00%)
