[      1137 us][INFO ] logger initialised: scenario=multi_ecu seed=12648430 out=/home/user/computer_engineering_project/integrated_simulation_env/results/20260418T101627Z/raw git=ise
[      1331 us][INFO ] running scenario 'multi_ecu' (1 TX : N RX broadcast verification)
[      4999 us][INFO ] bus[0] kind=1 bitrate=5000000 MTU=64 ber=0.00e+00 prop_ns=3000
[      5341 us][INFO ] bus[1] kind=1 bitrate=5000000 MTU=64 ber=0.00e+00 prop_ns=3000
[      5747 us][INFO ] bus[2] kind=1 bitrate=5000000 MTU=64 ber=0.00e+00 prop_ns=3000
[      9434 us][INFO ] ecu[tx-multi] stack initialised (protection=2)
[      9665 us][INFO ] ecu[rx-multi-0] stack initialised (protection=2)
[     10121 us][INFO ] PQC handshake complete: keygen+encaps+decaps+HKDF = 377.7 us
[     10322 us][INFO ] ecu[rx-multi-1] stack initialised (protection=2)
[     10517 us][INFO ] PQC handshake complete: keygen+encaps+decaps+HKDF = 131.5 us
[     10667 us][INFO ] ecu[rx-multi-2] stack initialised (protection=2)
[     10823 us][INFO ] PQC handshake complete: keygen+encaps+decaps+HKDF = 87.6 us
[    463037 us][INFO ] =========== multi_ecu_rx0 summary ===========
[    463123 us][INFO ] messages   success=80  verify_fail=0  drop=0
[    463177 us][INFO ] e2e latency p50/p95/p99 = 2157.9 / 2234.0 / 3274.6 us
[    463669 us][INFO ] =========== multi_ecu_rx1 summary ===========
[    463701 us][INFO ] messages   success=80  verify_fail=0  drop=0
[    463764 us][INFO ] e2e latency p50/p95/p99 = 2165.0 / 2243.9 / 2484.2 us
[    464167 us][INFO ] =========== multi_ecu_rx2 summary ===========
[    464204 us][INFO ] messages   success=80  verify_fail=0  drop=0
[    464228 us][INFO ] e2e latency p50/p95/p99 = 2162.4 / 2334.8 / 3263.5 us
[    464911 us][INFO ] =========== multi_ecu_tx summary ===========
[    464943 us][INFO ] messages   success=0  verify_fail=0  drop=0
[    464958 us][INFO ] SecOC auth   mean=170.0 us  verify mean=0.0 us
[    465353 us][INFO ] =========== multi_ecu_aggregate summary ===========
[    465398 us][INFO ] messages   success=240  verify_fail=0  drop=0
[    465420 us][INFO ] multi_ecu: 80 iterations x 3 receivers = 240 expected verifies; aggregate success=240 verify_fail=0
