[       990 us][INFO ] logger initialised: scenario=multi_ecu seed=12648430 out=/home/user/computer_engineering_project/integrated_simulation_env/results/20260418T101627Z/raw git=ise
[      1204 us][INFO ] running scenario 'multi_ecu' (1 TX : N RX broadcast verification)
[      4849 us][INFO ] bus[0] kind=1 bitrate=5000000 MTU=64 ber=0.00e+00 prop_ns=3000
[      5218 us][INFO ] bus[1] kind=1 bitrate=5000000 MTU=64 ber=0.00e+00 prop_ns=3000
[      5488 us][INFO ] bus[2] kind=1 bitrate=5000000 MTU=64 ber=0.00e+00 prop_ns=3000
[      5607 us][INFO ] ecu[tx-multi] stack initialised (protection=1)
[      5672 us][INFO ] ecu[rx-multi-0] stack initialised (protection=1)
[      5702 us][INFO ] ecu[rx-multi-1] stack initialised (protection=1)
[      5723 us][INFO ] ecu[rx-multi-2] stack initialised (protection=1)
[    522646 us][INFO ] =========== multi_ecu_rx0 summary ===========
[    522730 us][INFO ] messages   success=80  verify_fail=0  drop=0
[    522778 us][INFO ] e2e latency p50/p95/p99 = 2283.8 / 2377.6 / 2449.3 us
[    523100 us][INFO ] =========== multi_ecu_rx1 summary ===========
[    523148 us][INFO ] messages   success=80  verify_fail=0  drop=0
[    523194 us][INFO ] e2e latency p50/p95/p99 = 2286.8 / 2344.1 / 2387.1 us
[    523585 us][INFO ] =========== multi_ecu_rx2 summary ===========
[    523614 us][INFO ] messages   success=80  verify_fail=0  drop=0
[    523642 us][INFO ] e2e latency p50/p95/p99 = 2282.2 / 2353.5 / 2405.8 us
[    524195 us][INFO ] =========== multi_ecu_tx summary ===========
[    524238 us][INFO ] messages   success=0  verify_fail=0  drop=0
[    524251 us][INFO ] SecOC auth   mean=14.6 us  verify mean=0.0 us
[    524564 us][INFO ] =========== multi_ecu_aggregate summary ===========
[    524598 us][INFO ] messages   success=240  verify_fail=0  drop=0
[    524628 us][INFO ] multi_ecu: 80 iterations x 3 receivers = 240 expected verifies; aggregate success=240 verify_fail=0
