[      1217 us][INFO ] logger initialised: scenario=persistence seed=12648430 out=/home/user/computer_engineering_project/integrated_simulation_env/results/20260418T101627Z/raw git=ise
[      1425 us][INFO ] running scenario 'persistence' (NvM freshness persistence across reboot)
[      2903 us][INFO ] bus[0] kind=1 bitrate=5000000 MTU=64 ber=0.00e+00 prop_ns=3000
[      3034 us][INFO ] ecu[tx-persist] stack initialised (protection=1)
[      3084 us][INFO ] ecu[rx-persist] stack initialised (protection=1)
[    185583 us][INFO ] [no_nvm] phase1 done: freshness_tx=80 freshness_rx=80
[    185708 us][INFO ] ecu[rx-persist] stack initialised (protection=1)
[    185768 us][WARN ] [no_nvm] no NvM restore: freshness_rx resets to 0 (SWS_SecOC_00194 violation)
[    271767 us][INFO ] [no_nvm] phase2 replays: injected=40 detected=0 delivered=40
[    436812 us][INFO ] =========== persistence_no_nvm summary ===========
[    436909 us][INFO ] messages   success=200  verify_fail=0  drop=0
[    437072 us][INFO ] e2e latency p50/p95/p99 = 2316.1 / 2414.7 / 2554.1 us
[    437123 us][INFO ] SecOC auth   mean=18.0 us  verify mean=16.0 us
[    437144 us][INFO ] attacks injected=40 detected=0 delivered=40
[    437773 us][INFO ] bus[0] kind=1 bitrate=5000000 MTU=64 ber=0.00e+00 prop_ns=3000
[    437856 us][INFO ] ecu[tx-persist] stack initialised (protection=1)
[    437883 us][INFO ] ecu[rx-persist] stack initialised (protection=1)
[    615137 us][INFO ] [with_nvm] phase1 done: freshness_tx=80 freshness_rx=80
[    615263 us][INFO ] ecu[rx-persist] stack initialised (protection=1)
[    615340 us][INFO ] [with_nvm] NvM restore applied: freshness_rx=80
[    703290 us][INFO ] [with_nvm] phase2 replays: injected=40 detected=40 delivered=0
[    871087 us][INFO ] =========== persistence_with_nvm summary ===========
[    871182 us][INFO ] messages   success=160  verify_fail=40  drop=0
[    871257 us][INFO ] e2e latency p50/p95/p99 = 2303.0 / 2401.8 / 2434.2 us
[    871352 us][INFO ] SecOC auth   mean=7.2 us  verify mean=12.3 us
[    871399 us][INFO ] attacks injected=40 detected=40 delivered=0
[    872055 us][INFO ] =========== persistence_aggregate summary ===========
[    872099 us][INFO ] messages   success=360  verify_fail=40  drop=0
[    872129 us][INFO ] attacks injected=80 detected=40 delivered=40
[    872161 us][INFO ] persistence summary: replay_delivered_without_nvm_vs_with_nvm verifies SWS_SecOC_00194
