[      1092 us][INFO ] logger initialised: scenario=persistence seed=12648430 out=/home/user/computer_engineering_project/integrated_simulation_env/results/20260418T101627Z/raw git=ise
[      1266 us][INFO ] running scenario 'persistence' (NvM freshness persistence across reboot)
[      2900 us][INFO ] bus[0] kind=1 bitrate=5000000 MTU=64 ber=0.00e+00 prop_ns=3000
[      6427 us][INFO ] ecu[tx-persist] stack initialised (protection=2)
[      6540 us][INFO ] ecu[rx-persist] stack initialised (protection=2)
[      6924 us][INFO ] PQC handshake complete: keygen+encaps+decaps+HKDF = 314.5 us
[    159242 us][INFO ] [no_nvm] phase1 done: freshness_tx=80 freshness_rx=80
[    159478 us][INFO ] ecu[rx-persist] stack initialised (protection=2)
[    159540 us][WARN ] [no_nvm] no NvM restore: freshness_rx resets to 0 (SWS_SecOC_00194 violation)
[    234988 us][INFO ] [no_nvm] phase2 replays: injected=40 detected=0 delivered=40
[    405610 us][INFO ] =========== persistence_no_nvm summary ===========
[    405740 us][INFO ] messages   success=200  verify_fail=0  drop=0
[    406005 us][INFO ] e2e latency p50/p95/p99 = 2165.3 / 3241.0 / 3336.2 us
[    406291 us][INFO ] SecOC auth   mean=181.4 us  verify mean=77.4 us
[    406409 us][INFO ] attacks injected=40 detected=0 delivered=40
[    409525 us][INFO ] bus[0] kind=1 bitrate=5000000 MTU=64 ber=0.00e+00 prop_ns=3000
[    409744 us][INFO ] ecu[tx-persist] stack initialised (protection=2)
[    409914 us][INFO ] ecu[rx-persist] stack initialised (protection=2)
[    410112 us][INFO ] PQC handshake complete: keygen+encaps+decaps+HKDF = 150.1 us
[    562790 us][INFO ] [with_nvm] phase1 done: freshness_tx=80 freshness_rx=80
[    563066 us][INFO ] ecu[rx-persist] stack initialised (protection=2)
[    563183 us][INFO ] [with_nvm] NvM restore applied: freshness_rx=80
[    633546 us][INFO ] [with_nvm] phase2 replays: injected=40 detected=40 delivered=0
[    797601 us][INFO ] =========== persistence_with_nvm summary ===========
[    797668 us][INFO ] messages   success=160  verify_fail=40  drop=0
[    797702 us][INFO ] e2e latency p50/p95/p99 = 2167.7 / 3250.8 / 3304.0 us
[    797727 us][INFO ] SecOC auth   mean=180.5 us  verify mean=63.7 us
[    797783 us][INFO ] attacks injected=40 detected=40 delivered=0
[    800174 us][INFO ] =========== persistence_aggregate summary ===========
[    800275 us][INFO ] messages   success=360  verify_fail=40  drop=0
[    800346 us][INFO ] attacks injected=80 detected=40 delivered=40
[    800368 us][INFO ] persistence summary: replay_delivered_without_nvm_vs_with_nvm verifies SWS_SecOC_00194
