[      1041 us][INFO ] logger initialised: scenario=baseline seed=12648430 out=/home/user/computer_engineering_project/integrated_simulation_env/results/20260418T183016Z/raw git=ise
[      1201 us][INFO ] running scenario 'baseline' (Baseline per-signal latency & overhead)
[      2059 us][INFO ] bus[1] kind=1 bitrate=5000000 MTU=64 ber=0.00e+00 prop_ns=3000
[      2155 us][INFO ] bus[0] kind=0 bitrate=1000000 MTU=8 ber=0.00e+00 prop_ns=5000
[      2264 us][INFO ] bus[2] kind=2 bitrate=10000000 MTU=254 ber=0.00e+00 prop_ns=2000
[      2395 us][INFO ] bus[3] kind=3 bitrate=100000000 MTU=1500 ber=0.00e+00 prop_ns=1000
[      2512 us][INFO ] bus[4] kind=4 bitrate=1000000000 MTU=1500 ber=0.00e+00 prop_ns=500
[      5576 us][INFO ] ecu[tx-ecu] stack initialised (protection=3)
[      5744 us][INFO ] ecu[rx-ecu] stack initialised (protection=3)
[      6248 us][INFO ] PQC handshake complete: keygen+encaps+decaps+HKDF = 411.8 us
[      6327 us][INFO ] signal 0x01 (BrakeCmd): 50 iterations on bus_kind=1
[     96180 us][INFO ] ecu[tx-ecu] stack initialised (protection=3)
[     96446 us][INFO ] ecu[rx-ecu] stack initialised (protection=3)
[     96661 us][INFO ] PQC handshake complete: keygen+encaps+decaps+HKDF = 132.3 us
[     96725 us][INFO ] signal 0x02 (SteeringTorque): 50 iterations on bus_kind=1
[    181380 us][INFO ] ecu[tx-ecu] stack initialised (protection=3)
[    181558 us][INFO ] ecu[rx-ecu] stack initialised (protection=3)
[    181907 us][INFO ] PQC handshake complete: keygen+encaps+decaps+HKDF = 229.0 us
[    181992 us][INFO ] signal 0x03 (AirbagTrigger): 50 iterations on bus_kind=0
[    310368 us][INFO ] ecu[tx-ecu] stack initialised (protection=3)
[    310580 us][INFO ] ecu[rx-ecu] stack initialised (protection=3)
[    310817 us][INFO ] PQC handshake complete: keygen+encaps+decaps+HKDF = 144.2 us
[    310880 us][INFO ] signal 0x04 (Throttle): 50 iterations on bus_kind=1
[    392248 us][INFO ] ecu[tx-ecu] stack initialised (protection=3)
[    392505 us][INFO ] ecu[rx-ecu] stack initialised (protection=3)
[    392676 us][INFO ] PQC handshake complete: keygen+encaps+decaps+HKDF = 106.1 us
[    392761 us][INFO ] signal 0x05 (AbsWheelSpeed): 50 iterations on bus_kind=1
[    505280 us][INFO ] ecu[tx-ecu] stack initialised (protection=3)
[    505460 us][INFO ] ecu[rx-ecu] stack initialised (protection=3)
[    505620 us][INFO ] PQC handshake complete: keygen+encaps+decaps+HKDF = 104.9 us
[    505726 us][INFO ] signal 0x06 (InverterTorque): 50 iterations on bus_kind=2
[    616720 us][INFO ] ecu[tx-ecu] stack initialised (protection=3)
[    616897 us][INFO ] ecu[rx-ecu] stack initialised (protection=3)
[    617072 us][INFO ] PQC handshake complete: keygen+encaps+decaps+HKDF = 116.0 us
[    617136 us][INFO ] signal 0x07 (BodyMotion): 50 iterations on bus_kind=1
[    732543 us][INFO ] ecu[tx-ecu] stack initialised (protection=3)
[    732723 us][INFO ] ecu[rx-ecu] stack initialised (protection=3)
[    732902 us][INFO ] PQC handshake complete: keygen+encaps+decaps+HKDF = 113.5 us
[    732966 us][INFO ] signal 0x08 (DoorLockState): 50 iterations on bus_kind=0
[    826169 us][INFO ] ecu[tx-ecu] stack initialised (protection=3)
[    826316 us][INFO ] ecu[rx-ecu] stack initialised (protection=3)
[    826502 us][INFO ] PQC handshake complete: keygen+encaps+decaps+HKDF = 119.9 us
[    826545 us][INFO ] signal 0x09 (Speedometer): 50 iterations on bus_kind=1
[    943731 us][INFO ] ecu[tx-ecu] stack initialised (protection=3)
[    943857 us][INFO ] ecu[rx-ecu] stack initialised (protection=3)
[    944018 us][INFO ] PQC handshake complete: keygen+encaps+decaps+HKDF = 99.3 us
[    944056 us][INFO ] signal 0x0A (HVAC): 50 iterations on bus_kind=0
[   1044277 us][INFO ] ecu[tx-ecu] stack initialised (protection=3)
[   1044406 us][INFO ] ecu[rx-ecu] stack initialised (protection=3)
[   1044574 us][INFO ] PQC handshake complete: keygen+encaps+decaps+HKDF = 108.6 us
[   1044655 us][INFO ] signal 0x0B (InfotainmentGateway): 50 iterations on bus_kind=3
[   1148519 us][INFO ] ecu[tx-ecu] stack initialised (protection=3)
[   1148646 us][INFO ] ecu[rx-ecu] stack initialised (protection=3)
[   1148887 us][INFO ] PQC handshake complete: keygen+encaps+decaps+HKDF = 112.4 us
[   1148962 us][INFO ] signal 0x0C (ADAS_Camera_Meta): 50 iterations on bus_kind=3
[   1263618 us][INFO ] ecu[tx-ecu] stack initialised (protection=3)
[   1263784 us][INFO ] ecu[rx-ecu] stack initialised (protection=3)
[   1264050 us][INFO ] PQC handshake complete: keygen+encaps+decaps+HKDF = 163.3 us
[   1264089 us][INFO ] signal 0x0D (V2X_AuthenticatedMsg): 50 iterations on bus_kind=4
[   1332351 us][INFO ] ecu[tx-ecu] stack initialised (protection=3)
[   1332493 us][INFO ] ecu[rx-ecu] stack initialised (protection=3)
[   1332647 us][INFO ] PQC handshake complete: keygen+encaps+decaps+HKDF = 115.0 us
[   1332696 us][INFO ] signal 0x0E (OBD_Diagnostic): 50 iterations on bus_kind=3
[   1450910 us][INFO ] =========== baseline summary ===========
[   1450997 us][INFO ] messages   success=700  verify_fail=0  drop=0
[   1451256 us][INFO ] e2e latency p50/p95/p99 = 2188.3 / 3268.7 / 3360.6 us
[   1451309 us][INFO ] SecOC auth   mean=171.4 us  verify mean=80.5 us
[   1451331 us][INFO ] deadline D1 miss 0/150 (0.00%)
[   1451367 us][INFO ] deadline D2 miss 0/150 (0.00%)
[   1451397 us][INFO ] deadline D3 miss 0/150 (0.00%)
[   1451418 us][INFO ] deadline D4 miss 0/100 (0.00%)
[   1451440 us][INFO ] deadline D5 miss 0/100 (0.00%)
[   1451457 us][INFO ] deadline D6 miss 0/50 (0.00%)
