[       796 us][INFO ] logger initialised: scenario=bus_failure seed=12648430 out=/home/user/computer_engineering_project/integrated_simulation_env/results/20260418T183016Z/raw git=ise
[       897 us][INFO ] running scenario 'bus_failure' (Physical-layer BER / bus-error handling)
[      2378 us][INFO ] bus[0] kind=1 bitrate=5000000 MTU=64 ber=0.00e+00 prop_ns=3000
[      2462 us][INFO ] ecu[tx-ber] stack initialised (protection=1)
[      2476 us][INFO ] ecu[rx-ber] stack initialised (protection=1)
[    208691 us][INFO ] bus_failure[clean] BER=0.00e+00  tx=100 rx=100 ber_flipped=0 queue_drops=0  success=100 verify_fail=0
[    209322 us][INFO ] =========== bus_failure_clean summary ===========
[    209357 us][INFO ] messages   success=100  verify_fail=0  drop=0
[    209400 us][INFO ] e2e latency p50/p95/p99 = 2275.8 / 2365.0 / 2455.4 us
[    209419 us][INFO ] SecOC auth   mean=24.7 us  verify mean=12.1 us
[    209803 us][INFO ] bus[0] kind=1 bitrate=5000000 MTU=64 ber=1.00e-06 prop_ns=3000
[    209847 us][INFO ] ecu[tx-ber] stack initialised (protection=1)
[    209862 us][INFO ] ecu[rx-ber] stack initialised (protection=1)
[    427766 us][INFO ] bus_failure[noisy] BER=1.00e-06  tx=100 rx=100 ber_flipped=0 queue_drops=0  success=100 verify_fail=0
[    428414 us][INFO ] =========== bus_failure_noisy summary ===========
[    428454 us][INFO ] messages   success=100  verify_fail=0  drop=0
[    428496 us][INFO ] e2e latency p50/p95/p99 = 2273.4 / 2342.4 / 2373.7 us
[    428525 us][INFO ] SecOC auth   mean=5.0 us  verify mean=11.8 us
[    428947 us][INFO ] bus[0] kind=1 bitrate=5000000 MTU=64 ber=1.00e-04 prop_ns=3000
[    429008 us][INFO ] ecu[tx-ber] stack initialised (protection=1)
[    429053 us][INFO ] ecu[rx-ber] stack initialised (protection=1)
[    644932 us][INFO ] bus_failure[heavy] BER=1.00e-04  tx=100 rx=100 ber_flipped=0 queue_drops=0  success=100 verify_fail=0
[    645509 us][INFO ] =========== bus_failure_heavy summary ===========
[    645544 us][INFO ] messages   success=100  verify_fail=0  drop=0
[    645584 us][INFO ] e2e latency p50/p95/p99 = 2267.5 / 2323.0 / 2341.8 us
[    645645 us][INFO ] SecOC auth   mean=5.3 us  verify mean=11.4 us
[    646075 us][INFO ] =========== bus_failure_aggregate summary ===========
[    646149 us][INFO ] messages   success=300  verify_fail=0  drop=0
