[       996 us][INFO ] logger initialised: scenario=deadline_stress seed=12648430 out=/home/user/computer_engineering_project/integrated_simulation_env/results/20260418T183016Z/raw git=ise
[      1119 us][INFO ] running scenario 'deadline_stress' (Deadline miss per ASIL class)
[      2840 us][INFO ] bus[0] kind=0 bitrate=1000000 MTU=8 ber=0.00e+00 prop_ns=5000
[      6390 us][INFO ] ecu[tx-dl] stack initialised (protection=2)
[      6531 us][INFO ] ecu[rx-dl] stack initialised (protection=2)
[      6959 us][INFO ] PQC handshake complete: keygen+encaps+decaps+HKDF = 363.0 us
[      7151 us][WARN ] bus[0] payload 64 > MTU 8 (dropped)
[     57733 us][WARN ] bus[0] payload 64 > MTU 8 (dropped)
[    109042 us][WARN ] bus[0] payload 64 > MTU 8 (dropped)
[    160232 us][WARN ] bus[0] payload 64 > MTU 8 (dropped)
[    211539 us][WARN ] bus[0] payload 64 > MTU 8 (dropped)
[    262163 us][WARN ] bus[0] payload 64 > MTU 8 (dropped)
[    313667 us][WARN ] bus[0] payload 64 > MTU 8 (dropped)
[    364386 us][WARN ] bus[0] payload 64 > MTU 8 (dropped)
[    415582 us][WARN ] bus[0] payload 64 > MTU 8 (dropped)
[    466780 us][WARN ] bus[0] payload 64 > MTU 8 (dropped)
[    517660 us][WARN ] bus[0] payload 64 > MTU 8 (dropped)
[    568844 us][WARN ] bus[0] payload 64 > MTU 8 (dropped)
[    619443 us][WARN ] bus[0] payload 64 > MTU 8 (dropped)
[    669913 us][WARN ] bus[0] payload 64 > MTU 8 (dropped)
[    721135 us][WARN ] bus[0] payload 64 > MTU 8 (dropped)
[    772029 us][WARN ] bus[0] payload 64 > MTU 8 (dropped)
[    823082 us][WARN ] bus[0] payload 64 > MTU 8 (dropped)
[    874102 us][WARN ] bus[0] payload 64 > MTU 8 (dropped)
[    925153 us][WARN ] bus[0] payload 64 > MTU 8 (dropped)
[    975804 us][WARN ] bus[0] payload 64 > MTU 8 (dropped)
[   1026799 us][WARN ] bus[0] payload 64 > MTU 8 (dropped)
[   1077423 us][WARN ] bus[0] payload 64 > MTU 8 (dropped)
[   1128751 us][WARN ] bus[0] payload 64 > MTU 8 (dropped)
[   1179529 us][WARN ] bus[0] payload 64 > MTU 8 (dropped)
[   1230853 us][WARN ] bus[0] payload 64 > MTU 8 (dropped)
[   1281379 us][WARN ] bus[0] payload 64 > MTU 8 (dropped)
[   1332396 us][WARN ] bus[0] payload 64 > MTU 8 (dropped)
[   1383249 us][WARN ] bus[0] payload 64 > MTU 8 (dropped)
[   1433970 us][WARN ] bus[0] payload 64 > MTU 8 (dropped)
[   1484765 us][WARN ] bus[0] payload 64 > MTU 8 (dropped)
[   1535718 us][WARN ] bus[0] payload 64 > MTU 8 (dropped)
[   1586587 us][WARN ] bus[0] payload 64 > MTU 8 (dropped)
[   1637330 us][WARN ] bus[0] payload 64 > MTU 8 (dropped)
[   1687999 us][WARN ] bus[0] payload 64 > MTU 8 (dropped)
[   1738874 us][WARN ] bus[0] payload 64 > MTU 8 (dropped)
[   1789843 us][WARN ] bus[0] payload 64 > MTU 8 (dropped)
[   1840746 us][WARN ] bus[0] payload 64 > MTU 8 (dropped)
[   1891880 us][WARN ] bus[0] payload 64 > MTU 8 (dropped)
[   1942444 us][WARN ] bus[0] payload 64 > MTU 8 (dropped)
[   1993268 us][WARN ] bus[0] payload 64 > MTU 8 (dropped)
[   2043848 us][WARN ] bus[0] payload 64 > MTU 8 (dropped)
[   2094980 us][WARN ] bus[0] payload 64 > MTU 8 (dropped)
[   2146086 us][WARN ] bus[0] payload 64 > MTU 8 (dropped)
[   2196731 us][WARN ] bus[0] payload 64 > MTU 8 (dropped)
[   2247635 us][WARN ] bus[0] payload 64 > MTU 8 (dropped)
[   2298107 us][WARN ] bus[0] payload 64 > MTU 8 (dropped)
[   2348978 us][WARN ] bus[0] payload 64 > MTU 8 (dropped)
[   2399323 us][WARN ] bus[0] payload 64 > MTU 8 (dropped)
[   2450014 us][WARN ] bus[0] payload 64 > MTU 8 (dropped)
[   2500383 us][WARN ] bus[0] payload 64 > MTU 8 (dropped)
[   2551589 us][INFO ] bus[3] kind=3 bitrate=100000000 MTU=1500 ber=0.00e+00 prop_ns=1000
[   2551804 us][INFO ] ecu[tx-dl] stack initialised (protection=2)
[   2551913 us][INFO ] ecu[rx-dl] stack initialised (protection=2)
[   2552081 us][INFO ] PQC handshake complete: keygen+encaps+decaps+HKDF = 130.3 us
[   2614253 us][INFO ] deadline_tight   D1 miss=50 / 50
[   2614358 us][INFO ] deadline_relaxed D4 miss=0 / 50
[   2614976 us][INFO ] =========== deadline_tight summary ===========
[   2615009 us][INFO ] messages   success=0  verify_fail=0  drop=0
[   2615027 us][INFO ] e2e latency p50/p95/p99 = 50865.0 / 51328.9 / 51405.4 us
[   2615045 us][INFO ] SecOC auth   mean=222.2 us  verify mean=0.0 us
[   2615064 us][INFO ] deadline D1 miss 50/50 (100.00%)
[   2615555 us][INFO ] =========== deadline_relaxed summary ===========
[   2615643 us][INFO ] messages   success=50  verify_fail=0  drop=0
[   2615681 us][INFO ] e2e latency p50/p95/p99 = 1106.4 / 2167.5 / 2208.7 us
[   2615696 us][INFO ] SecOC auth   mean=165.9 us  verify mean=72.8 us
[   2615714 us][INFO ] deadline D4 miss 0/50 (0.00%)
