[      1011 us][INFO ] logger initialised: scenario=keymismatch seed=12648430 out=/home/user/computer_engineering_project/integrated_simulation_env/results/20260418T183016Z/raw git=ise
[      1158 us][INFO ] running scenario 'keymismatch' (Wrong-key rejection (SWS_SecOC_00046))
[      2678 us][INFO ] bus[0] kind=1 bitrate=5000000 MTU=64 ber=0.00e+00 prop_ns=3000
[      2775 us][INFO ] ecu[tx-keymm] stack initialised (protection=1)
[      2823 us][INFO ] ecu[rx-keymm] stack initialised (protection=1)
[    105753 us][INFO ] =========== keymismatch_shared summary ===========
[    105802 us][INFO ] messages   success=50  verify_fail=0  drop=0
[    105838 us][INFO ] e2e latency p50/p95/p99 = 2286.1 / 2362.2 / 2368.5 us
[    105928 us][INFO ] SecOC auth   mean=45.4 us  verify mean=11.9 us
[    105984 us][INFO ] [shared] attempted=50 accepted=50 rejected=0 (expected accepted = 100%)
[    106624 us][INFO ] bus[0] kind=1 bitrate=5000000 MTU=64 ber=0.00e+00 prop_ns=3000
[    106669 us][INFO ] ecu[tx-keymm] stack initialised (protection=1)
[    106683 us][INFO ] ecu[rx-keymm] stack initialised (protection=1)
[    207813 us][INFO ] =========== keymismatch_mismatch summary ===========
[    207886 us][INFO ] messages   success=0  verify_fail=50  drop=0
[    207915 us][INFO ] SecOC auth   mean=5.2 us  verify mean=11.8 us
[    207928 us][INFO ] attacks injected=50 detected=50 delivered=0
[    207940 us][INFO ] [mismatch] attempted=50 accepted=0 rejected=50 (expected accepted = 0%)
[    208556 us][INFO ] =========== keymismatch_aggregate summary ===========
[    208598 us][INFO ] messages   success=50  verify_fail=50  drop=0
[    208641 us][INFO ] attacks injected=50 detected=50 delivered=0
[    208663 us][INFO ] keymismatch summary: shared=success, mismatch=100% rejection (SWS_SecOC_00046 binding proven)
