[      1008 us][INFO ] logger initialised: scenario=persistence seed=12648430 out=/home/user/computer_engineering_project/integrated_simulation_env/results/20260418T183016Z/raw git=ise
[      1105 us][INFO ] running scenario 'persistence' (NvM freshness persistence across reboot)
[      2640 us][INFO ] bus[0] kind=1 bitrate=5000000 MTU=64 ber=0.00e+00 prop_ns=3000
[      2735 us][INFO ] ecu[tx-persist] stack initialised (protection=1)
[      2823 us][INFO ] ecu[rx-persist] stack initialised (protection=1)
[    115728 us][INFO ] [no_nvm] phase1 done: freshness_tx=50 freshness_rx=50
[    115843 us][INFO ] ecu[rx-persist] stack initialised (protection=1)
[    115895 us][WARN ] [no_nvm] no NvM restore: freshness_rx resets to 0 (SWS_SecOC_00194 violation)
[    173711 us][INFO ] [no_nvm] phase2 replays: injected=25 detected=0 delivered=25
[    279302 us][INFO ] =========== persistence_no_nvm summary ===========
[    279383 us][INFO ] messages   success=125  verify_fail=0  drop=0
[    279438 us][INFO ] e2e latency p50/p95/p99 = 2292.8 / 2342.8 / 2400.0 us
[    279459 us][INFO ] SecOC auth   mean=22.0 us  verify mean=11.6 us
[    279532 us][INFO ] attacks injected=25 detected=0 delivered=25
[    280163 us][INFO ] bus[0] kind=1 bitrate=5000000 MTU=64 ber=0.00e+00 prop_ns=3000
[    280205 us][INFO ] ecu[tx-persist] stack initialised (protection=1)
[    280234 us][INFO ] ecu[rx-persist] stack initialised (protection=1)
[    372919 us][INFO ] [with_nvm] phase1 done: freshness_tx=50 freshness_rx=50
[    372987 us][INFO ] ecu[rx-persist] stack initialised (protection=1)
[    373006 us][INFO ] [with_nvm] NvM restore applied: freshness_rx=50
[    427060 us][INFO ] [with_nvm] phase2 replays: injected=25 detected=25 delivered=0
[    538228 us][INFO ] =========== persistence_with_nvm summary ===========
[    538295 us][INFO ] messages   success=100  verify_fail=25  drop=0
[    538359 us][INFO ] e2e latency p50/p95/p99 = 2265.0 / 2370.3 / 2389.5 us
[    538413 us][INFO ] SecOC auth   mean=5.9 us  verify mean=9.4 us
[    538442 us][INFO ] attacks injected=25 detected=25 delivered=0
[    538913 us][INFO ] =========== persistence_aggregate summary ===========
[    538948 us][INFO ] messages   success=225  verify_fail=25  drop=0
[    538974 us][INFO ] attacks injected=50 detected=25 delivered=25
[    538991 us][INFO ] persistence summary: replay_delivered_without_nvm_vs_with_nvm verifies SWS_SecOC_00194
