[       797 us][INFO ] logger initialised: scenario=persistence seed=12648430 out=/home/user/computer_engineering_project/integrated_simulation_env/results/20260418T183016Z/raw git=ise
[       949 us][INFO ] running scenario 'persistence' (NvM freshness persistence across reboot)
[      2397 us][INFO ] bus[0] kind=1 bitrate=5000000 MTU=64 ber=0.00e+00 prop_ns=3000
[      5566 us][INFO ] ecu[tx-persist] stack initialised (protection=2)
[      5686 us][INFO ] ecu[rx-persist] stack initialised (protection=2)
[      6058 us][INFO ] PQC handshake complete: keygen+encaps+decaps+HKDF = 324.9 us
[     95827 us][INFO ] [no_nvm] phase1 done: freshness_tx=50 freshness_rx=50
[     95994 us][INFO ] ecu[rx-persist] stack initialised (protection=2)
[     96045 us][WARN ] [no_nvm] no NvM restore: freshness_rx resets to 0 (SWS_SecOC_00194 violation)
[    140896 us][INFO ] [no_nvm] phase2 replays: injected=25 detected=0 delivered=25
[    232800 us][INFO ] =========== persistence_no_nvm summary ===========
[    232844 us][INFO ] messages   success=125  verify_fail=0  drop=0
[    232912 us][INFO ] e2e latency p50/p95/p99 = 2164.7 / 2251.2 / 2287.6 us
[    232958 us][INFO ] SecOC auth   mean=161.7 us  verify mean=74.0 us
[    233000 us][INFO ] attacks injected=25 detected=0 delivered=25
[    234935 us][INFO ] bus[0] kind=1 bitrate=5000000 MTU=64 ber=0.00e+00 prop_ns=3000
[    235086 us][INFO ] ecu[tx-persist] stack initialised (protection=2)
[    235198 us][INFO ] ecu[rx-persist] stack initialised (protection=2)
[    235472 us][INFO ] PQC handshake complete: keygen+encaps+decaps+HKDF = 184.3 us
[    324540 us][INFO ] [with_nvm] phase1 done: freshness_tx=50 freshness_rx=50
[    324675 us][INFO ] ecu[rx-persist] stack initialised (protection=2)
[    324743 us][INFO ] [with_nvm] NvM restore applied: freshness_rx=50
[    371075 us][INFO ] [with_nvm] phase2 replays: injected=25 detected=25 delivered=0
[    460646 us][INFO ] =========== persistence_with_nvm summary ===========
[    460739 us][INFO ] messages   success=100  verify_fail=25  drop=0
[    460818 us][INFO ] e2e latency p50/p95/p99 = 2018.9 / 2314.9 / 2586.6 us
[    460855 us][INFO ] SecOC auth   mean=155.1 us  verify mean=58.1 us
[    460884 us][INFO ] attacks injected=25 detected=25 delivered=0
[    462834 us][INFO ] =========== persistence_aggregate summary ===========
[    462883 us][INFO ] messages   success=225  verify_fail=25  drop=0
[    462912 us][INFO ] attacks injected=50 detected=25 delivered=25
[    462955 us][INFO ] persistence summary: replay_delivered_without_nvm_vs_with_nvm verifies SWS_SecOC_00194
