[        99 us][INFO ] logger initialised: scenario=baseline seed=12648430 out=/home/user/computer_engineering_project/integrated_simulation_env/results/20260502T170046Z/raw git=ise
[       123 us][INFO ] running scenario 'baseline' (Baseline per-signal latency & overhead)
[       560 us][INFO ] bus[1] kind=1 bitrate=5000000 MTU=64 ber=0.00e+00 prop_ns=3000
[       566 us][INFO ] bus[0] kind=0 bitrate=1000000 MTU=8 ber=0.00e+00 prop_ns=5000
[       570 us][INFO ] bus[2] kind=2 bitrate=10000000 MTU=254 ber=0.00e+00 prop_ns=2000
[       574 us][INFO ] bus[3] kind=3 bitrate=100000000 MTU=1500 ber=0.00e+00 prop_ns=1000
[       578 us][INFO ] bus[4] kind=4 bitrate=1000000000 MTU=1500 ber=0.00e+00 prop_ns=500
[      2228 us][INFO ] ecu[tx-ecu] stack initialised (protection=2)
[      2263 us][INFO ] ecu[rx-ecu] stack initialised (protection=2)
[      2470 us][INFO ] PQC handshake complete: keygen+encaps+decaps+HKDF = 202.6 us
[      2472 us][INFO ] signal 0x01 (BrakeCmd): 200 iterations on bus_kind=1
[    193363 us][INFO ] ecu[tx-ecu] stack initialised (protection=2)
[    193406 us][INFO ] ecu[rx-ecu] stack initialised (protection=2)
[    193481 us][INFO ] PQC handshake complete: keygen+encaps+decaps+HKDF = 70.2 us
[    193483 us][INFO ] signal 0x02 (SteeringTorque): 200 iterations on bus_kind=1
[    380520 us][INFO ] ecu[tx-ecu] stack initialised (protection=2)
[    380558 us][INFO ] ecu[rx-ecu] stack initialised (protection=2)
[    380632 us][INFO ] PQC handshake complete: keygen+encaps+decaps+HKDF = 68.6 us
[    380634 us][INFO ] signal 0x03 (AirbagTrigger): 200 iterations on bus_kind=0
[    640625 us][INFO ] ecu[tx-ecu] stack initialised (protection=2)
[    640668 us][INFO ] ecu[rx-ecu] stack initialised (protection=2)
[    640761 us][INFO ] PQC handshake complete: keygen+encaps+decaps+HKDF = 88.3 us
[    640764 us][INFO ] signal 0x04 (Throttle): 200 iterations on bus_kind=1
[    827857 us][INFO ] ecu[tx-ecu] stack initialised (protection=2)
[    827902 us][INFO ] ecu[rx-ecu] stack initialised (protection=2)
[    827979 us][INFO ] PQC handshake complete: keygen+encaps+decaps+HKDF = 72.1 us
[    827982 us][INFO ] signal 0x05 (AbsWheelSpeed): 200 iterations on bus_kind=1
[   1014529 us][INFO ] ecu[tx-ecu] stack initialised (protection=2)
[   1014566 us][INFO ] ecu[rx-ecu] stack initialised (protection=2)
[   1014641 us][INFO ] PQC handshake complete: keygen+encaps+decaps+HKDF = 70.1 us
[   1014644 us][INFO ] signal 0x06 (InverterTorque): 200 iterations on bus_kind=2
[   1223868 us][INFO ] ecu[tx-ecu] stack initialised (protection=2)
[   1223909 us][INFO ] ecu[rx-ecu] stack initialised (protection=2)
[   1223985 us][INFO ] PQC handshake complete: keygen+encaps+decaps+HKDF = 70.7 us
[   1223988 us][INFO ] signal 0x07 (BodyMotion): 200 iterations on bus_kind=1
[   1412275 us][INFO ] ecu[tx-ecu] stack initialised (protection=2)
[   1412318 us][INFO ] ecu[rx-ecu] stack initialised (protection=2)
[   1412393 us][INFO ] PQC handshake complete: keygen+encaps+decaps+HKDF = 69.4 us
[   1412396 us][INFO ] signal 0x08 (DoorLockState): 200 iterations on bus_kind=0
[   1645791 us][INFO ] ecu[tx-ecu] stack initialised (protection=2)
[   1645833 us][INFO ] ecu[rx-ecu] stack initialised (protection=2)
[   1645910 us][INFO ] PQC handshake complete: keygen+encaps+decaps+HKDF = 72.2 us
[   1645913 us][INFO ] signal 0x09 (Speedometer): 200 iterations on bus_kind=1
[   1832605 us][INFO ] ecu[tx-ecu] stack initialised (protection=2)
[   1832648 us][INFO ] ecu[rx-ecu] stack initialised (protection=2)
[   1832738 us][INFO ] PQC handshake complete: keygen+encaps+decaps+HKDF = 85.0 us
[   1832741 us][INFO ] signal 0x0A (HVAC): 200 iterations on bus_kind=0
[   2093924 us][INFO ] ecu[tx-ecu] stack initialised (protection=2)
[   2093968 us][INFO ] ecu[rx-ecu] stack initialised (protection=2)
[   2094043 us][INFO ] PQC handshake complete: keygen+encaps+decaps+HKDF = 70.1 us
[   2094046 us][INFO ] signal 0x0B (InfotainmentGateway): 200 iterations on bus_kind=3
[   2284941 us][INFO ] ecu[tx-ecu] stack initialised (protection=2)
[   2284984 us][INFO ] ecu[rx-ecu] stack initialised (protection=2)
[   2285073 us][INFO ] PQC handshake complete: keygen+encaps+decaps+HKDF = 75.5 us
[   2285076 us][INFO ] signal 0x0C (ADAS_Camera_Meta): 200 iterations on bus_kind=3
[   2486336 us][INFO ] ecu[tx-ecu] stack initialised (protection=2)
[   2486379 us][INFO ] ecu[rx-ecu] stack initialised (protection=2)
[   2486467 us][INFO ] PQC handshake complete: keygen+encaps+decaps+HKDF = 82.8 us
[   2486469 us][INFO ] signal 0x0D (V2X_AuthenticatedMsg): 200 iterations on bus_kind=4
[   2656227 us][INFO ] ecu[tx-ecu] stack initialised (protection=2)
[   2656271 us][INFO ] ecu[rx-ecu] stack initialised (protection=2)
[   2656349 us][INFO ] PQC handshake complete: keygen+encaps+decaps+HKDF = 72.8 us
[   2656352 us][INFO ] signal 0x0E (OBD_Diagnostic): 200 iterations on bus_kind=3
[   2868006 us][INFO ] =========== baseline summary ===========
[   2868014 us][INFO ] messages   success=2800  verify_fail=0  drop=0
[   2868877 us][INFO ] e2e latency p50/p95/p99 = 941.1 / 1905.5 / 2068.9 us
[   2868880 us][INFO ] SecOC auth   mean=101.0 us  verify mean=34.5 us
[   2868882 us][INFO ] deadline D1 miss 0/600 (0.00%)
[   2868884 us][INFO ] deadline D2 miss 0/600 (0.00%)
[   2868885 us][INFO ] deadline D3 miss 0/600 (0.00%)
[   2868887 us][INFO ] deadline D4 miss 0/400 (0.00%)
[   2868888 us][INFO ] deadline D5 miss 0/400 (0.00%)
[   2868890 us][INFO ] deadline D6 miss 0/200 (0.00%)
