[       102 us][INFO ] logger initialised: scenario=deadline_stress seed=12648430 out=/home/user/computer_engineering_project/integrated_simulation_env/results/20260502T170046Z/raw git=ise
[       126 us][INFO ] running scenario 'deadline_stress' (Deadline miss per ASIL class)
[      1157 us][INFO ] bus[0] kind=0 bitrate=1000000 MTU=8 ber=0.00e+00 prop_ns=5000
[      2845 us][INFO ] ecu[tx-dl] stack initialised (protection=2)
[      2882 us][INFO ] ecu[rx-dl] stack initialised (protection=2)
[      3109 us][INFO ] PQC handshake complete: keygen+encaps+decaps+HKDF = 222.9 us
[      3204 us][WARN ] bus[0] payload 64 > MTU 8 (dropped)
[     53518 us][WARN ] bus[0] payload 64 > MTU 8 (dropped)
[    103739 us][WARN ] bus[0] payload 64 > MTU 8 (dropped)
[    153942 us][WARN ] bus[0] payload 64 > MTU 8 (dropped)
[    204261 us][WARN ] bus[0] payload 64 > MTU 8 (dropped)
[    254525 us][WARN ] bus[0] payload 64 > MTU 8 (dropped)
[    304939 us][WARN ] bus[0] payload 64 > MTU 8 (dropped)
[    355118 us][WARN ] bus[0] payload 64 > MTU 8 (dropped)
[    405306 us][WARN ] bus[0] payload 64 > MTU 8 (dropped)
[    455593 us][WARN ] bus[0] payload 64 > MTU 8 (dropped)
[    505849 us][WARN ] bus[0] payload 64 > MTU 8 (dropped)
[    556114 us][WARN ] bus[0] payload 64 > MTU 8 (dropped)
[    606518 us][WARN ] bus[0] payload 64 > MTU 8 (dropped)
[    656867 us][WARN ] bus[0] payload 64 > MTU 8 (dropped)
[    707085 us][WARN ] bus[0] payload 64 > MTU 8 (dropped)
[    757446 us][WARN ] bus[0] payload 64 > MTU 8 (dropped)
[    807689 us][WARN ] bus[0] payload 64 > MTU 8 (dropped)
[    857876 us][WARN ] bus[0] payload 64 > MTU 8 (dropped)
[    908152 us][WARN ] bus[0] payload 64 > MTU 8 (dropped)
[    958522 us][WARN ] bus[0] payload 64 > MTU 8 (dropped)
[   1008713 us][WARN ] bus[0] payload 64 > MTU 8 (dropped)
[   1058993 us][WARN ] bus[0] payload 64 > MTU 8 (dropped)
[   1109397 us][WARN ] bus[0] payload 64 > MTU 8 (dropped)
[   1159687 us][WARN ] bus[0] payload 64 > MTU 8 (dropped)
[   1209980 us][WARN ] bus[0] payload 64 > MTU 8 (dropped)
[   1260202 us][WARN ] bus[0] payload 64 > MTU 8 (dropped)
[   1310437 us][WARN ] bus[0] payload 64 > MTU 8 (dropped)
[   1360793 us][WARN ] bus[0] payload 64 > MTU 8 (dropped)
[   1411137 us][WARN ] bus[0] payload 64 > MTU 8 (dropped)
[   1461444 us][WARN ] bus[0] payload 64 > MTU 8 (dropped)
[   1511699 us][WARN ] bus[0] payload 64 > MTU 8 (dropped)
[   1561956 us][WARN ] bus[0] payload 64 > MTU 8 (dropped)
[   1612331 us][WARN ] bus[0] payload 64 > MTU 8 (dropped)
[   1662505 us][WARN ] bus[0] payload 64 > MTU 8 (dropped)
[   1712684 us][WARN ] bus[0] payload 64 > MTU 8 (dropped)
[   1762887 us][WARN ] bus[0] payload 64 > MTU 8 (dropped)
[   1813132 us][WARN ] bus[0] payload 64 > MTU 8 (dropped)
[   1863390 us][WARN ] bus[0] payload 64 > MTU 8 (dropped)
[   1913598 us][WARN ] bus[0] payload 64 > MTU 8 (dropped)
[   1963805 us][WARN ] bus[0] payload 64 > MTU 8 (dropped)
[   2014011 us][WARN ] bus[0] payload 64 > MTU 8 (dropped)
[   2064249 us][WARN ] bus[0] payload 64 > MTU 8 (dropped)
[   2114654 us][WARN ] bus[0] payload 64 > MTU 8 (dropped)
[   2164883 us][WARN ] bus[0] payload 64 > MTU 8 (dropped)
[   2215118 us][WARN ] bus[0] payload 64 > MTU 8 (dropped)
[   2265489 us][WARN ] bus[0] payload 64 > MTU 8 (dropped)
[   2315687 us][WARN ] bus[0] payload 64 > MTU 8 (dropped)
[   2365900 us][WARN ] bus[0] payload 64 > MTU 8 (dropped)
[   2416127 us][WARN ] bus[0] payload 64 > MTU 8 (dropped)
[   2466364 us][WARN ] bus[0] payload 64 > MTU 8 (dropped)
[   2516584 us][WARN ] bus[0] payload 64 > MTU 8 (dropped)
[   2566838 us][WARN ] bus[0] payload 64 > MTU 8 (dropped)
[   2617025 us][WARN ] bus[0] payload 64 > MTU 8 (dropped)
[   2667338 us][WARN ] bus[0] payload 64 > MTU 8 (dropped)
[   2717564 us][WARN ] bus[0] payload 64 > MTU 8 (dropped)
[   2767772 us][WARN ] bus[0] payload 64 > MTU 8 (dropped)
[   2818006 us][WARN ] bus[0] payload 64 > MTU 8 (dropped)
[   2868282 us][WARN ] bus[0] payload 64 > MTU 8 (dropped)
[   2918552 us][WARN ] bus[0] payload 64 > MTU 8 (dropped)
[   2968788 us][WARN ] bus[0] payload 64 > MTU 8 (dropped)
[   3019207 us][WARN ] bus[0] payload 64 > MTU 8 (dropped)
[   3069515 us][WARN ] bus[0] payload 64 > MTU 8 (dropped)
[   3119914 us][WARN ] bus[0] payload 64 > MTU 8 (dropped)
[   3170165 us][WARN ] bus[0] payload 64 > MTU 8 (dropped)
[   3220485 us][WARN ] bus[0] payload 64 > MTU 8 (dropped)
[   3270766 us][WARN ] bus[0] payload 64 > MTU 8 (dropped)
[   3321041 us][WARN ] bus[0] payload 64 > MTU 8 (dropped)
[   3371299 us][WARN ] bus[0] payload 64 > MTU 8 (dropped)
[   3421753 us][WARN ] bus[0] payload 64 > MTU 8 (dropped)
[   3472049 us][WARN ] bus[0] payload 64 > MTU 8 (dropped)
[   3522266 us][WARN ] bus[0] payload 64 > MTU 8 (dropped)
[   3572475 us][WARN ] bus[0] payload 64 > MTU 8 (dropped)
[   3622697 us][WARN ] bus[0] payload 64 > MTU 8 (dropped)
[   3672882 us][WARN ] bus[0] payload 64 > MTU 8 (dropped)
[   3723224 us][WARN ] bus[0] payload 64 > MTU 8 (dropped)
[   3773515 us][WARN ] bus[0] payload 64 > MTU 8 (dropped)
[   3823767 us][WARN ] bus[0] payload 64 > MTU 8 (dropped)
[   3873963 us][WARN ] bus[0] payload 64 > MTU 8 (dropped)
[   3924144 us][WARN ] bus[0] payload 64 > MTU 8 (dropped)
[   3974346 us][WARN ] bus[0] payload 64 > MTU 8 (dropped)
[   4024578 us][WARN ] bus[0] payload 64 > MTU 8 (dropped)
[   4074798 us][WARN ] bus[0] payload 64 > MTU 8 (dropped)
[   4125046 us][WARN ] bus[0] payload 64 > MTU 8 (dropped)
[   4175269 us][WARN ] bus[0] payload 64 > MTU 8 (dropped)
[   4225615 us][WARN ] bus[0] payload 64 > MTU 8 (dropped)
[   4275827 us][WARN ] bus[0] payload 64 > MTU 8 (dropped)
[   4326058 us][WARN ] bus[0] payload 64 > MTU 8 (dropped)
[   4376362 us][WARN ] bus[0] payload 64 > MTU 8 (dropped)
[   4426580 us][WARN ] bus[0] payload 64 > MTU 8 (dropped)
[   4476847 us][WARN ] bus[0] payload 64 > MTU 8 (dropped)
[   4527228 us][WARN ] bus[0] payload 64 > MTU 8 (dropped)
[   4577457 us][WARN ] bus[0] payload 64 > MTU 8 (dropped)
[   4627674 us][WARN ] bus[0] payload 64 > MTU 8 (dropped)
[   4677921 us][WARN ] bus[0] payload 64 > MTU 8 (dropped)
[   4728150 us][WARN ] bus[0] payload 64 > MTU 8 (dropped)
[   4778389 us][WARN ] bus[0] payload 64 > MTU 8 (dropped)
[   4828692 us][WARN ] bus[0] payload 64 > MTU 8 (dropped)
[   4879086 us][WARN ] bus[0] payload 64 > MTU 8 (dropped)
[   4929376 us][WARN ] bus[0] payload 64 > MTU 8 (dropped)
[   4979566 us][WARN ] bus[0] payload 64 > MTU 8 (dropped)
[   5029786 us][WARN ] bus[0] payload 64 > MTU 8 (dropped)
[   5080003 us][WARN ] bus[0] payload 64 > MTU 8 (dropped)
[   5130412 us][WARN ] bus[0] payload 64 > MTU 8 (dropped)
[   5180682 us][WARN ] bus[0] payload 64 > MTU 8 (dropped)
[   5230965 us][WARN ] bus[0] payload 64 > MTU 8 (dropped)
[   5281200 us][WARN ] bus[0] payload 64 > MTU 8 (dropped)
[   5331531 us][WARN ] bus[0] payload 64 > MTU 8 (dropped)
[   5381877 us][WARN ] bus[0] payload 64 > MTU 8 (dropped)
[   5432187 us][WARN ] bus[0] payload 64 > MTU 8 (dropped)
[   5482797 us][WARN ] bus[0] payload 64 > MTU 8 (dropped)
[   5533022 us][WARN ] bus[0] payload 64 > MTU 8 (dropped)
[   5583467 us][WARN ] bus[0] payload 64 > MTU 8 (dropped)
[   5633665 us][WARN ] bus[0] payload 64 > MTU 8 (dropped)
[   5683922 us][WARN ] bus[0] payload 64 > MTU 8 (dropped)
[   5734113 us][WARN ] bus[0] payload 64 > MTU 8 (dropped)
[   5784304 us][WARN ] bus[0] payload 64 > MTU 8 (dropped)
[   5834475 us][WARN ] bus[0] payload 64 > MTU 8 (dropped)
[   5884745 us][WARN ] bus[0] payload 64 > MTU 8 (dropped)
[   5934966 us][WARN ] bus[0] payload 64 > MTU 8 (dropped)
[   5985192 us][WARN ] bus[0] payload 64 > MTU 8 (dropped)
[   6035351 us][WARN ] bus[0] payload 64 > MTU 8 (dropped)
[   6085574 us][WARN ] bus[0] payload 64 > MTU 8 (dropped)
[   6135978 us][WARN ] bus[0] payload 64 > MTU 8 (dropped)
[   6186180 us][WARN ] bus[0] payload 64 > MTU 8 (dropped)
[   6236523 us][WARN ] bus[0] payload 64 > MTU 8 (dropped)
[   6286776 us][WARN ] bus[0] payload 64 > MTU 8 (dropped)
[   6337208 us][WARN ] bus[0] payload 64 > MTU 8 (dropped)
[   6387404 us][WARN ] bus[0] payload 64 > MTU 8 (dropped)
[   6437756 us][WARN ] bus[0] payload 64 > MTU 8 (dropped)
[   6488000 us][WARN ] bus[0] payload 64 > MTU 8 (dropped)
[   6538268 us][WARN ] bus[0] payload 64 > MTU 8 (dropped)
[   6588668 us][WARN ] bus[0] payload 64 > MTU 8 (dropped)
[   6638959 us][WARN ] bus[0] payload 64 > MTU 8 (dropped)
[   6689134 us][WARN ] bus[0] payload 64 > MTU 8 (dropped)
[   6739406 us][WARN ] bus[0] payload 64 > MTU 8 (dropped)
[   6789671 us][WARN ] bus[0] payload 64 > MTU 8 (dropped)
[   6839927 us][WARN ] bus[0] payload 64 > MTU 8 (dropped)
[   6890131 us][WARN ] bus[0] payload 64 > MTU 8 (dropped)
[   6940394 us][WARN ] bus[0] payload 64 > MTU 8 (dropped)
[   6990691 us][WARN ] bus[0] payload 64 > MTU 8 (dropped)
[   7040930 us][WARN ] bus[0] payload 64 > MTU 8 (dropped)
[   7091179 us][WARN ] bus[0] payload 64 > MTU 8 (dropped)
[   7141550 us][WARN ] bus[0] payload 64 > MTU 8 (dropped)
[   7191764 us][WARN ] bus[0] payload 64 > MTU 8 (dropped)
[   7242191 us][WARN ] bus[0] payload 64 > MTU 8 (dropped)
[   7292424 us][WARN ] bus[0] payload 64 > MTU 8 (dropped)
[   7342804 us][WARN ] bus[0] payload 64 > MTU 8 (dropped)
[   7393404 us][WARN ] bus[0] payload 64 > MTU 8 (dropped)
[   7443873 us][WARN ] bus[0] payload 64 > MTU 8 (dropped)
[   7494270 us][WARN ] bus[0] payload 64 > MTU 8 (dropped)
[   7544534 us][WARN ] bus[0] payload 64 > MTU 8 (dropped)
[   7594746 us][WARN ] bus[0] payload 64 > MTU 8 (dropped)
[   7644986 us][WARN ] bus[0] payload 64 > MTU 8 (dropped)
[   7695278 us][WARN ] bus[0] payload 64 > MTU 8 (dropped)
[   7745469 us][WARN ] bus[0] payload 64 > MTU 8 (dropped)
[   7795744 us][WARN ] bus[0] payload 64 > MTU 8 (dropped)
[   7845991 us][WARN ] bus[0] payload 64 > MTU 8 (dropped)
[   7896199 us][WARN ] bus[0] payload 64 > MTU 8 (dropped)
[   7946451 us][WARN ] bus[0] payload 64 > MTU 8 (dropped)
[   7996705 us][WARN ] bus[0] payload 64 > MTU 8 (dropped)
[   8046941 us][WARN ] bus[0] payload 64 > MTU 8 (dropped)
[   8097207 us][WARN ] bus[0] payload 64 > MTU 8 (dropped)
[   8147551 us][WARN ] bus[0] payload 64 > MTU 8 (dropped)
[   8197854 us][WARN ] bus[0] payload 64 > MTU 8 (dropped)
[   8248089 us][WARN ] bus[0] payload 64 > MTU 8 (dropped)
[   8298271 us][WARN ] bus[0] payload 64 > MTU 8 (dropped)
[   8348511 us][WARN ] bus[0] payload 64 > MTU 8 (dropped)
[   8398788 us][WARN ] bus[0] payload 64 > MTU 8 (dropped)
[   8448975 us][WARN ] bus[0] payload 64 > MTU 8 (dropped)
[   8499253 us][WARN ] bus[0] payload 64 > MTU 8 (dropped)
[   8549493 us][WARN ] bus[0] payload 64 > MTU 8 (dropped)
[   8599803 us][WARN ] bus[0] payload 64 > MTU 8 (dropped)
[   8650013 us][WARN ] bus[0] payload 64 > MTU 8 (dropped)
[   8700335 us][WARN ] bus[0] payload 64 > MTU 8 (dropped)
[   8750561 us][WARN ] bus[0] payload 64 > MTU 8 (dropped)
[   8800776 us][WARN ] bus[0] payload 64 > MTU 8 (dropped)
[   8851102 us][WARN ] bus[0] payload 64 > MTU 8 (dropped)
[   8901376 us][WARN ] bus[0] payload 64 > MTU 8 (dropped)
[   8951632 us][WARN ] bus[0] payload 64 > MTU 8 (dropped)
[   9002114 us][WARN ] bus[0] payload 64 > MTU 8 (dropped)
[   9052384 us][WARN ] bus[0] payload 64 > MTU 8 (dropped)
[   9102630 us][WARN ] bus[0] payload 64 > MTU 8 (dropped)
[   9152898 us][WARN ] bus[0] payload 64 > MTU 8 (dropped)
[   9203105 us][WARN ] bus[0] payload 64 > MTU 8 (dropped)
[   9253483 us][WARN ] bus[0] payload 64 > MTU 8 (dropped)
[   9303826 us][WARN ] bus[0] payload 64 > MTU 8 (dropped)
[   9354060 us][WARN ] bus[0] payload 64 > MTU 8 (dropped)
[   9404418 us][WARN ] bus[0] payload 64 > MTU 8 (dropped)
[   9454696 us][WARN ] bus[0] payload 64 > MTU 8 (dropped)
[   9504878 us][WARN ] bus[0] payload 64 > MTU 8 (dropped)
[   9555127 us][WARN ] bus[0] payload 64 > MTU 8 (dropped)
[   9605304 us][WARN ] bus[0] payload 64 > MTU 8 (dropped)
[   9655777 us][WARN ] bus[0] payload 64 > MTU 8 (dropped)
[   9706028 us][WARN ] bus[0] payload 64 > MTU 8 (dropped)
[   9756262 us][WARN ] bus[0] payload 64 > MTU 8 (dropped)
[   9806624 us][WARN ] bus[0] payload 64 > MTU 8 (dropped)
[   9856908 us][WARN ] bus[0] payload 64 > MTU 8 (dropped)
[   9907083 us][WARN ] bus[0] payload 64 > MTU 8 (dropped)
[   9957278 us][WARN ] bus[0] payload 64 > MTU 8 (dropped)
[  10007526 us][WARN ] bus[0] payload 64 > MTU 8 (dropped)
[  10057892 us][INFO ] bus[3] kind=3 bitrate=100000000 MTU=1500 ber=0.00e+00 prop_ns=1000
[  10057964 us][INFO ] ecu[tx-dl] stack initialised (protection=2)
[  10057996 us][INFO ] ecu[rx-dl] stack initialised (protection=2)
[  10058089 us][INFO ] PQC handshake complete: keygen+encaps+decaps+HKDF = 88.8 us
[  10224827 us][INFO ] deadline_tight   D1 miss=200 / 200
[  10224844 us][INFO ] deadline_relaxed D4 miss=0 / 200
[  10225146 us][INFO ] =========== deadline_tight summary ===========
[  10225151 us][INFO ] messages   success=0  verify_fail=0  drop=0
[  10225179 us][INFO ] e2e latency p50/p95/p99 = 50253.1 / 50411.9 / 50488.8 us
[  10225181 us][INFO ] SecOC auth   mean=126.8 us  verify mean=0.0 us
[  10225183 us][INFO ] deadline D1 miss 200/200 (100.00%)
[  10225570 us][INFO ] =========== deadline_relaxed summary ===========
[  10225574 us][INFO ] messages   success=200  verify_fail=0  drop=0
[  10225611 us][INFO ] e2e latency p50/p95/p99 = 795.2 / 969.8 / 1094.6 us
[  10225614 us][INFO ] SecOC auth   mean=107.2 us  verify mean=38.0 us
[  10225616 us][INFO ] deadline D4 miss 0/200 (0.00%)
