[       113 us][INFO ] logger initialised: scenario=deadline_stress seed=12648430 out=/home/user/computer_engineering_project/integrated_simulation_env/results/20260502T170046Z/raw git=ise
[       142 us][INFO ] running scenario 'deadline_stress' (Deadline miss per ASIL class)
[      1268 us][INFO ] bus[0] kind=0 bitrate=1000000 MTU=8 ber=0.00e+00 prop_ns=5000
[      1287 us][INFO ] ecu[tx-dl] stack initialised (protection=1)
[      1289 us][INFO ] ecu[rx-dl] stack initialised (protection=1)
[      2572 us][WARN ] bus[0] payload 34 > MTU 8 (dropped)
[     52720 us][WARN ] bus[0] payload 34 > MTU 8 (dropped)
[    102883 us][WARN ] bus[0] payload 34 > MTU 8 (dropped)
[    153026 us][WARN ] bus[0] payload 34 > MTU 8 (dropped)
[    203198 us][WARN ] bus[0] payload 34 > MTU 8 (dropped)
[    253334 us][WARN ] bus[0] payload 34 > MTU 8 (dropped)
[    303463 us][WARN ] bus[0] payload 34 > MTU 8 (dropped)
[    353697 us][WARN ] bus[0] payload 34 > MTU 8 (dropped)
[    403919 us][WARN ] bus[0] payload 34 > MTU 8 (dropped)
[    454139 us][WARN ] bus[0] payload 34 > MTU 8 (dropped)
[    504340 us][WARN ] bus[0] payload 34 > MTU 8 (dropped)
[    554528 us][WARN ] bus[0] payload 34 > MTU 8 (dropped)
[    604749 us][WARN ] bus[0] payload 34 > MTU 8 (dropped)
[    654967 us][WARN ] bus[0] payload 34 > MTU 8 (dropped)
[    705199 us][WARN ] bus[0] payload 34 > MTU 8 (dropped)
[    755414 us][WARN ] bus[0] payload 34 > MTU 8 (dropped)
[    805632 us][WARN ] bus[0] payload 34 > MTU 8 (dropped)
[    855849 us][WARN ] bus[0] payload 34 > MTU 8 (dropped)
[    906105 us][WARN ] bus[0] payload 34 > MTU 8 (dropped)
[    956296 us][WARN ] bus[0] payload 34 > MTU 8 (dropped)
[   1006508 us][WARN ] bus[0] payload 34 > MTU 8 (dropped)
[   1056743 us][WARN ] bus[0] payload 34 > MTU 8 (dropped)
[   1106998 us][WARN ] bus[0] payload 34 > MTU 8 (dropped)
[   1157161 us][WARN ] bus[0] payload 34 > MTU 8 (dropped)
[   1207373 us][WARN ] bus[0] payload 34 > MTU 8 (dropped)
[   1257583 us][WARN ] bus[0] payload 34 > MTU 8 (dropped)
[   1307804 us][WARN ] bus[0] payload 34 > MTU 8 (dropped)
[   1358023 us][WARN ] bus[0] payload 34 > MTU 8 (dropped)
[   1408171 us][WARN ] bus[0] payload 34 > MTU 8 (dropped)
[   1458398 us][WARN ] bus[0] payload 34 > MTU 8 (dropped)
[   1508622 us][WARN ] bus[0] payload 34 > MTU 8 (dropped)
[   1558762 us][WARN ] bus[0] payload 34 > MTU 8 (dropped)
[   1609008 us][WARN ] bus[0] payload 34 > MTU 8 (dropped)
[   1659145 us][WARN ] bus[0] payload 34 > MTU 8 (dropped)
[   1709291 us][WARN ] bus[0] payload 34 > MTU 8 (dropped)
[   1759471 us][WARN ] bus[0] payload 34 > MTU 8 (dropped)
[   1809623 us][WARN ] bus[0] payload 34 > MTU 8 (dropped)
[   1859795 us][WARN ] bus[0] payload 34 > MTU 8 (dropped)
[   1909935 us][WARN ] bus[0] payload 34 > MTU 8 (dropped)
[   1960167 us][WARN ] bus[0] payload 34 > MTU 8 (dropped)
[   2010369 us][WARN ] bus[0] payload 34 > MTU 8 (dropped)
[   2060521 us][WARN ] bus[0] payload 34 > MTU 8 (dropped)
[   2110669 us][WARN ] bus[0] payload 34 > MTU 8 (dropped)
[   2160816 us][WARN ] bus[0] payload 34 > MTU 8 (dropped)
[   2210943 us][WARN ] bus[0] payload 34 > MTU 8 (dropped)
[   2261104 us][WARN ] bus[0] payload 34 > MTU 8 (dropped)
[   2311301 us][WARN ] bus[0] payload 34 > MTU 8 (dropped)
[   2361456 us][WARN ] bus[0] payload 34 > MTU 8 (dropped)
[   2411602 us][WARN ] bus[0] payload 34 > MTU 8 (dropped)
[   2461745 us][WARN ] bus[0] payload 34 > MTU 8 (dropped)
[   2511876 us][WARN ] bus[0] payload 34 > MTU 8 (dropped)
[   2562023 us][WARN ] bus[0] payload 34 > MTU 8 (dropped)
[   2612246 us][WARN ] bus[0] payload 34 > MTU 8 (dropped)
[   2662387 us][WARN ] bus[0] payload 34 > MTU 8 (dropped)
[   2712571 us][WARN ] bus[0] payload 34 > MTU 8 (dropped)
[   2762747 us][WARN ] bus[0] payload 34 > MTU 8 (dropped)
[   2812924 us][WARN ] bus[0] payload 34 > MTU 8 (dropped)
[   2863061 us][WARN ] bus[0] payload 34 > MTU 8 (dropped)
[   2913246 us][WARN ] bus[0] payload 34 > MTU 8 (dropped)
[   2963384 us][WARN ] bus[0] payload 34 > MTU 8 (dropped)
[   3013538 us][WARN ] bus[0] payload 34 > MTU 8 (dropped)
[   3063720 us][WARN ] bus[0] payload 34 > MTU 8 (dropped)
[   3113873 us][WARN ] bus[0] payload 34 > MTU 8 (dropped)
[   3164079 us][WARN ] bus[0] payload 34 > MTU 8 (dropped)
[   3214242 us][WARN ] bus[0] payload 34 > MTU 8 (dropped)
[   3264352 us][WARN ] bus[0] payload 34 > MTU 8 (dropped)
[   3314517 us][WARN ] bus[0] payload 34 > MTU 8 (dropped)
[   3364661 us][WARN ] bus[0] payload 34 > MTU 8 (dropped)
[   3414828 us][WARN ] bus[0] payload 34 > MTU 8 (dropped)
[   3464945 us][WARN ] bus[0] payload 34 > MTU 8 (dropped)
[   3515077 us][WARN ] bus[0] payload 34 > MTU 8 (dropped)
[   3565245 us][WARN ] bus[0] payload 34 > MTU 8 (dropped)
[   3615421 us][WARN ] bus[0] payload 34 > MTU 8 (dropped)
[   3665548 us][WARN ] bus[0] payload 34 > MTU 8 (dropped)
[   3715714 us][WARN ] bus[0] payload 34 > MTU 8 (dropped)
[   3765884 us][WARN ] bus[0] payload 34 > MTU 8 (dropped)
[   3816011 us][WARN ] bus[0] payload 34 > MTU 8 (dropped)
[   3866172 us][WARN ] bus[0] payload 34 > MTU 8 (dropped)
[   3916330 us][WARN ] bus[0] payload 34 > MTU 8 (dropped)
[   3966556 us][WARN ] bus[0] payload 34 > MTU 8 (dropped)
[   4016703 us][WARN ] bus[0] payload 34 > MTU 8 (dropped)
[   4066905 us][WARN ] bus[0] payload 34 > MTU 8 (dropped)
[   4117076 us][WARN ] bus[0] payload 34 > MTU 8 (dropped)
[   4167246 us][WARN ] bus[0] payload 34 > MTU 8 (dropped)
[   4217447 us][WARN ] bus[0] payload 34 > MTU 8 (dropped)
[   4267609 us][WARN ] bus[0] payload 34 > MTU 8 (dropped)
[   4317735 us][WARN ] bus[0] payload 34 > MTU 8 (dropped)
[   4367877 us][WARN ] bus[0] payload 34 > MTU 8 (dropped)
[   4418023 us][WARN ] bus[0] payload 34 > MTU 8 (dropped)
[   4468156 us][WARN ] bus[0] payload 34 > MTU 8 (dropped)
[   4518319 us][WARN ] bus[0] payload 34 > MTU 8 (dropped)
[   4568531 us][WARN ] bus[0] payload 34 > MTU 8 (dropped)
[   4618665 us][WARN ] bus[0] payload 34 > MTU 8 (dropped)
[   4668821 us][WARN ] bus[0] payload 34 > MTU 8 (dropped)
[   4719041 us][WARN ] bus[0] payload 34 > MTU 8 (dropped)
[   4769179 us][WARN ] bus[0] payload 34 > MTU 8 (dropped)
[   4819320 us][WARN ] bus[0] payload 34 > MTU 8 (dropped)
[   4869458 us][WARN ] bus[0] payload 34 > MTU 8 (dropped)
[   4919704 us][WARN ] bus[0] payload 34 > MTU 8 (dropped)
[   4969890 us][WARN ] bus[0] payload 34 > MTU 8 (dropped)
[   5020531 us][WARN ] bus[0] payload 34 > MTU 8 (dropped)
[   5070674 us][WARN ] bus[0] payload 34 > MTU 8 (dropped)
[   5120819 us][WARN ] bus[0] payload 34 > MTU 8 (dropped)
[   5170977 us][WARN ] bus[0] payload 34 > MTU 8 (dropped)
[   5221133 us][WARN ] bus[0] payload 34 > MTU 8 (dropped)
[   5271290 us][WARN ] bus[0] payload 34 > MTU 8 (dropped)
[   5321435 us][WARN ] bus[0] payload 34 > MTU 8 (dropped)
[   5371589 us][WARN ] bus[0] payload 34 > MTU 8 (dropped)
[   5421728 us][WARN ] bus[0] payload 34 > MTU 8 (dropped)
[   5471870 us][WARN ] bus[0] payload 34 > MTU 8 (dropped)
[   5521998 us][WARN ] bus[0] payload 34 > MTU 8 (dropped)
[   5572150 us][WARN ] bus[0] payload 34 > MTU 8 (dropped)
[   5622276 us][WARN ] bus[0] payload 34 > MTU 8 (dropped)
[   5672424 us][WARN ] bus[0] payload 34 > MTU 8 (dropped)
[   5722597 us][WARN ] bus[0] payload 34 > MTU 8 (dropped)
[   5772734 us][WARN ] bus[0] payload 34 > MTU 8 (dropped)
[   5822885 us][WARN ] bus[0] payload 34 > MTU 8 (dropped)
[   5873060 us][WARN ] bus[0] payload 34 > MTU 8 (dropped)
[   5923207 us][WARN ] bus[0] payload 34 > MTU 8 (dropped)
[   5973355 us][WARN ] bus[0] payload 34 > MTU 8 (dropped)
[   6023502 us][WARN ] bus[0] payload 34 > MTU 8 (dropped)
[   6073668 us][WARN ] bus[0] payload 34 > MTU 8 (dropped)
[   6123845 us][WARN ] bus[0] payload 34 > MTU 8 (dropped)
[   6173983 us][WARN ] bus[0] payload 34 > MTU 8 (dropped)
[   6224152 us][WARN ] bus[0] payload 34 > MTU 8 (dropped)
[   6274373 us][WARN ] bus[0] payload 34 > MTU 8 (dropped)
[   6324691 us][WARN ] bus[0] payload 34 > MTU 8 (dropped)
[   6374805 us][WARN ] bus[0] payload 34 > MTU 8 (dropped)
[   6424929 us][WARN ] bus[0] payload 34 > MTU 8 (dropped)
[   6475114 us][WARN ] bus[0] payload 34 > MTU 8 (dropped)
[   6525248 us][WARN ] bus[0] payload 34 > MTU 8 (dropped)
[   6575399 us][WARN ] bus[0] payload 34 > MTU 8 (dropped)
[   6625542 us][WARN ] bus[0] payload 34 > MTU 8 (dropped)
[   6675708 us][WARN ] bus[0] payload 34 > MTU 8 (dropped)
[   6725846 us][WARN ] bus[0] payload 34 > MTU 8 (dropped)
[   6775982 us][WARN ] bus[0] payload 34 > MTU 8 (dropped)
[   6826134 us][WARN ] bus[0] payload 34 > MTU 8 (dropped)
[   6876266 us][WARN ] bus[0] payload 34 > MTU 8 (dropped)
[   6926388 us][WARN ] bus[0] payload 34 > MTU 8 (dropped)
[   6976566 us][WARN ] bus[0] payload 34 > MTU 8 (dropped)
[   7026692 us][WARN ] bus[0] payload 34 > MTU 8 (dropped)
[   7076828 us][WARN ] bus[0] payload 34 > MTU 8 (dropped)
[   7126947 us][WARN ] bus[0] payload 34 > MTU 8 (dropped)
[   7177102 us][WARN ] bus[0] payload 34 > MTU 8 (dropped)
[   7227231 us][WARN ] bus[0] payload 34 > MTU 8 (dropped)
[   7277387 us][WARN ] bus[0] payload 34 > MTU 8 (dropped)
[   7327513 us][WARN ] bus[0] payload 34 > MTU 8 (dropped)
[   7377633 us][WARN ] bus[0] payload 34 > MTU 8 (dropped)
[   7427826 us][WARN ] bus[0] payload 34 > MTU 8 (dropped)
[   7477991 us][WARN ] bus[0] payload 34 > MTU 8 (dropped)
[   7528151 us][WARN ] bus[0] payload 34 > MTU 8 (dropped)
[   7578287 us][WARN ] bus[0] payload 34 > MTU 8 (dropped)
[   7628416 us][WARN ] bus[0] payload 34 > MTU 8 (dropped)
[   7678561 us][WARN ] bus[0] payload 34 > MTU 8 (dropped)
[   7728690 us][WARN ] bus[0] payload 34 > MTU 8 (dropped)
[   7778821 us][WARN ] bus[0] payload 34 > MTU 8 (dropped)
[   7828958 us][WARN ] bus[0] payload 34 > MTU 8 (dropped)
[   7879163 us][WARN ] bus[0] payload 34 > MTU 8 (dropped)
[   7929278 us][WARN ] bus[0] payload 34 > MTU 8 (dropped)
[   7979504 us][WARN ] bus[0] payload 34 > MTU 8 (dropped)
[   8029737 us][WARN ] bus[0] payload 34 > MTU 8 (dropped)
[   8079910 us][WARN ] bus[0] payload 34 > MTU 8 (dropped)
[   8130047 us][WARN ] bus[0] payload 34 > MTU 8 (dropped)
[   8180178 us][WARN ] bus[0] payload 34 > MTU 8 (dropped)
[   8230302 us][WARN ] bus[0] payload 34 > MTU 8 (dropped)
[   8280434 us][WARN ] bus[0] payload 34 > MTU 8 (dropped)
[   8330572 us][WARN ] bus[0] payload 34 > MTU 8 (dropped)
[   8380758 us][WARN ] bus[0] payload 34 > MTU 8 (dropped)
[   8430919 us][WARN ] bus[0] payload 34 > MTU 8 (dropped)
[   8481111 us][WARN ] bus[0] payload 34 > MTU 8 (dropped)
[   8531241 us][WARN ] bus[0] payload 34 > MTU 8 (dropped)
[   8581389 us][WARN ] bus[0] payload 34 > MTU 8 (dropped)
[   8631532 us][WARN ] bus[0] payload 34 > MTU 8 (dropped)
[   8681670 us][WARN ] bus[0] payload 34 > MTU 8 (dropped)
[   8731825 us][WARN ] bus[0] payload 34 > MTU 8 (dropped)
[   8782003 us][WARN ] bus[0] payload 34 > MTU 8 (dropped)
[   8832200 us][WARN ] bus[0] payload 34 > MTU 8 (dropped)
[   8882381 us][WARN ] bus[0] payload 34 > MTU 8 (dropped)
[   8932515 us][WARN ] bus[0] payload 34 > MTU 8 (dropped)
[   8982666 us][WARN ] bus[0] payload 34 > MTU 8 (dropped)
[   9032805 us][WARN ] bus[0] payload 34 > MTU 8 (dropped)
[   9082960 us][WARN ] bus[0] payload 34 > MTU 8 (dropped)
[   9133112 us][WARN ] bus[0] payload 34 > MTU 8 (dropped)
[   9183210 us][WARN ] bus[0] payload 34 > MTU 8 (dropped)
[   9233336 us][WARN ] bus[0] payload 34 > MTU 8 (dropped)
[   9283469 us][WARN ] bus[0] payload 34 > MTU 8 (dropped)
[   9333639 us][WARN ] bus[0] payload 34 > MTU 8 (dropped)
[   9383730 us][WARN ] bus[0] payload 34 > MTU 8 (dropped)
[   9433858 us][WARN ] bus[0] payload 34 > MTU 8 (dropped)
[   9483995 us][WARN ] bus[0] payload 34 > MTU 8 (dropped)
[   9534127 us][WARN ] bus[0] payload 34 > MTU 8 (dropped)
[   9584254 us][WARN ] bus[0] payload 34 > MTU 8 (dropped)
[   9634398 us][WARN ] bus[0] payload 34 > MTU 8 (dropped)
[   9684514 us][WARN ] bus[0] payload 34 > MTU 8 (dropped)
[   9734708 us][WARN ] bus[0] payload 34 > MTU 8 (dropped)
[   9784878 us][WARN ] bus[0] payload 34 > MTU 8 (dropped)
[   9835040 us][WARN ] bus[0] payload 34 > MTU 8 (dropped)
[   9885203 us][WARN ] bus[0] payload 34 > MTU 8 (dropped)
[   9935338 us][WARN ] bus[0] payload 34 > MTU 8 (dropped)
[   9985478 us][WARN ] bus[0] payload 34 > MTU 8 (dropped)
[  10035729 us][INFO ] bus[3] kind=3 bitrate=100000000 MTU=1500 ber=0.00e+00 prop_ns=1000
[  10035745 us][INFO ] ecu[tx-dl] stack initialised (protection=1)
[  10035746 us][INFO ] ecu[rx-dl] stack initialised (protection=1)
[  10177375 us][INFO ] deadline_tight   D1 miss=200 / 200
[  10177391 us][INFO ] deadline_relaxed D4 miss=0 / 200
[  10177701 us][INFO ] =========== deadline_tight summary ===========
[  10177704 us][INFO ] messages   success=0  verify_fail=0  drop=0
[  10177737 us][INFO ] e2e latency p50/p95/p99 = 50152.7 / 50226.5 / 50319.5 us
[  10177739 us][INFO ] SecOC auth   mean=22.6 us  verify mean=0.0 us
[  10177741 us][INFO ] deadline D1 miss 200/200 (100.00%)
[  10178078 us][INFO ] =========== deadline_relaxed summary ===========
[  10178098 us][INFO ] messages   success=200  verify_fail=0  drop=0
[  10178164 us][INFO ] e2e latency p50/p95/p99 = 686.2 / 810.0 / 858.0 us
[  10178167 us][INFO ] SecOC auth   mean=2.3 us  verify mean=6.4 us
[  10178169 us][INFO ] deadline D4 miss 0/200 (0.00%)
