[        79 us][INFO ] logger initialised: scenario=keymismatch seed=12648430 out=/home/user/computer_engineering_project/integrated_simulation_env/results/20260502T170046Z/raw git=ise
[       103 us][INFO ] running scenario 'keymismatch' (Wrong-key rejection (SWS_SecOC_00046))
[      1089 us][INFO ] bus[0] kind=1 bitrate=5000000 MTU=64 ber=0.00e+00 prop_ns=3000
[      1105 us][INFO ] ecu[tx-keymm] stack initialised (protection=1)
[      1108 us][INFO ] ecu[rx-keymm] stack initialised (protection=1)
[    152205 us][INFO ] =========== keymismatch_shared summary ===========
[    152213 us][INFO ] messages   success=200  verify_fail=0  drop=0
[    152246 us][INFO ] e2e latency p50/p95/p99 = 738.5 / 827.3 / 866.8 us
[    152248 us][INFO ] SecOC auth   mean=8.7 us  verify mean=5.4 us
[    152250 us][INFO ] [shared] attempted=200 accepted=200 rejected=0 (expected accepted = 100%)
[    152554 us][INFO ] bus[0] kind=1 bitrate=5000000 MTU=64 ber=0.00e+00 prop_ns=3000
[    152562 us][INFO ] ecu[tx-keymm] stack initialised (protection=1)
[    152563 us][INFO ] ecu[rx-keymm] stack initialised (protection=1)
[    312895 us][INFO ] =========== keymismatch_mismatch summary ===========
[    312902 us][INFO ] messages   success=0  verify_fail=200  drop=0
[    312905 us][INFO ] SecOC auth   mean=2.3 us  verify mean=8.9 us
[    312906 us][INFO ] attacks injected=200 detected=200 delivered=0
[    312908 us][INFO ] [mismatch] attempted=200 accepted=0 rejected=200 (expected accepted = 0%)
[    313234 us][INFO ] =========== keymismatch_aggregate summary ===========
[    313239 us][INFO ] messages   success=200  verify_fail=200  drop=0
[    313241 us][INFO ] attacks injected=200 detected=200 delivered=0
[    313242 us][INFO ] keymismatch summary: shared=success, mismatch=100% rejection (SWS_SecOC_00046 binding proven)
