[       122 us][INFO ] logger initialised: scenario=keymismatch seed=12648430 out=/home/user/computer_engineering_project/integrated_simulation_env/results/20260502T170046Z/raw git=ise
[       149 us][INFO ] running scenario 'keymismatch' (Wrong-key rejection (SWS_SecOC_00046))
[      1138 us][INFO ] bus[0] kind=1 bitrate=5000000 MTU=64 ber=0.00e+00 prop_ns=3000
[      2790 us][INFO ] ecu[tx-keymm] stack initialised (protection=2)
[      2827 us][INFO ] ecu[rx-keymm] stack initialised (protection=2)
[      3056 us][INFO ] PQC handshake complete: keygen+encaps+decaps+HKDF = 224.5 us
[    197658 us][INFO ] =========== keymismatch_shared summary ===========
[    197665 us][INFO ] messages   success=200  verify_fail=0  drop=0
[    197696 us][INFO ] e2e latency p50/p95/p99 = 962.3 / 1125.2 / 1236.0 us
[    197698 us][INFO ] SecOC auth   mean=105.4 us  verify mean=37.0 us
[    197700 us][INFO ] [shared] attempted=200 accepted=200 rejected=0 (expected accepted = 100%)
[    201249 us][INFO ] bus[0] kind=1 bitrate=5000000 MTU=64 ber=0.00e+00 prop_ns=3000
[    201306 us][INFO ] ecu[tx-keymm] stack initialised (protection=2)
[    201342 us][INFO ] ecu[rx-keymm] stack initialised (protection=2)
[    396109 us][INFO ] =========== keymismatch_mismatch summary ===========
[    396116 us][INFO ] messages   success=0  verify_fail=200  drop=0
[    396119 us][INFO ] SecOC auth   mean=111.5 us  verify mean=35.1 us
[    396121 us][INFO ] attacks injected=200 detected=200 delivered=0
[    396122 us][INFO ] [mismatch] attempted=200 accepted=0 rejected=200 (expected accepted = 0%)
[    399205 us][INFO ] =========== keymismatch_aggregate summary ===========
[    399212 us][INFO ] messages   success=200  verify_fail=200  drop=0
[    399214 us][INFO ] attacks injected=200 detected=200 delivered=0
[    399215 us][INFO ] keymismatch summary: shared=success, mismatch=100% rejection (SWS_SecOC_00046 binding proven)
