[       705 us][INFO ] logger initialised: scenario=attacks seed=12648430 out=/home/user/computer_engineering_project/integrated_simulation_env/results/20260418T090020Z/raw git=ise
[       835 us][INFO ] running scenario 'attacks' (All 10 attack scenarios, sequential)
[      1904 us][INFO ] bus[0] kind=1 bitrate=5000000 MTU=64 ber=0.00e+00 prop_ns=3000
[      1991 us][INFO ] attacker[replay] attached to bus
[      4260 us][INFO ] ecu[tx-atk] stack initialised (protection=2)
[      4362 us][INFO ] ecu[rx-atk] stack initialised (protection=2)
[      4670 us][INFO ] PQC handshake complete: keygen+encaps+decaps+HKDF = 262.6 us
[    404433 us][INFO ] attack[replay]  injected=208 detected=197 delivered=3  rate=94.71%
[    405184 us][INFO ] =========== attacks_replay_pqc summary ===========
[    405215 us][INFO ] messages   success=3  verify_fail=197  drop=0
[    405267 us][INFO ] e2e latency p50/p95/p99 = 2167.5 / 2566.6 / 3244.7 us
[    405332 us][INFO ] SecOC auth   mean=174.5 us  verify mean=104.4 us
[    405361 us][INFO ] attacks injected=208 detected=197 delivered=3
[    407154 us][INFO ] bus[0] kind=1 bitrate=5000000 MTU=64 ber=0.00e+00 prop_ns=3000
[    407345 us][INFO ] attacker[tamper_payload] attached to bus
[    407517 us][INFO ] ecu[tx-atk] stack initialised (protection=2)
[    407685 us][INFO ] ecu[rx-atk] stack initialised (protection=2)
[    407908 us][INFO ] PQC handshake complete: keygen+encaps+decaps+HKDF = 184.3 us
[    836022 us][INFO ] attack[tamper_payload]  injected=10400 detected=200 delivered=0  rate=1.92%
[    836719 us][INFO ] =========== attacks_tamper_payload_pqc summary ===========
[    836761 us][INFO ] messages   success=0  verify_fail=200  drop=0
[    836800 us][INFO ] e2e latency p50/p95/p99 = 2177.7 / 2573.2 / 3204.2 us
[    836827 us][INFO ] SecOC auth   mean=173.1 us  verify mean=93.9 us
[    836842 us][INFO ] attacks injected=10400 detected=200 delivered=0
[    838552 us][INFO ] bus[0] kind=1 bitrate=5000000 MTU=64 ber=0.00e+00 prop_ns=3000
[    838666 us][INFO ] attacker[tamper_auth] attached to bus
[    838879 us][INFO ] ecu[tx-atk] stack initialised (protection=2)
[    838982 us][INFO ] ecu[rx-atk] stack initialised (protection=2)
[    839102 us][INFO ] PQC handshake complete: keygen+encaps+decaps+HKDF = 82.5 us
[   1252621 us][INFO ] attack[tamper_auth]  injected=10400 detected=200 delivered=0  rate=1.92%
[   1253242 us][INFO ] =========== attacks_tamper_auth_pqc summary ===========
[   1253267 us][INFO ] messages   success=0  verify_fail=200  drop=0
[   1253320 us][INFO ] e2e latency p50/p95/p99 = 2172.0 / 2584.1 / 3253.5 us
[   1253371 us][INFO ] SecOC auth   mean=187.3 us  verify mean=80.7 us
[   1253384 us][INFO ] attacks injected=10400 detected=200 delivered=0
[   1255074 us][INFO ] bus[0] kind=1 bitrate=5000000 MTU=64 ber=0.00e+00 prop_ns=3000
[   1255133 us][INFO ] attacker[freshness_rollback] attached to bus
[   1255196 us][INFO ] ecu[tx-atk] stack initialised (protection=2)
[   1255278 us][INFO ] ecu[rx-atk] stack initialised (protection=2)
[   1255407 us][INFO ] PQC handshake complete: keygen+encaps+decaps+HKDF = 82.7 us
[   1692638 us][INFO ] attack[freshness_rollback]  injected=10400 detected=200 delivered=0  rate=1.92%
[   1693307 us][INFO ] =========== attacks_freshness_rollback_pqc summary ===========
[   1693344 us][INFO ] messages   success=0  verify_fail=200  drop=0
[   1693402 us][INFO ] e2e latency p50/p95/p99 = 2188.3 / 2624.4 / 3274.0 us
[   1693446 us][INFO ] SecOC auth   mean=247.9 us  verify mean=0.0 us
[   1693460 us][INFO ] attacks injected=10400 detected=200 delivered=0
[   1695153 us][INFO ] bus[0] kind=1 bitrate=5000000 MTU=64 ber=0.00e+00 prop_ns=3000
[   1695210 us][INFO ] attacker[mitm_key_confuse] attached to bus
[   1695343 us][INFO ] ecu[tx-atk] stack initialised (protection=2)
[   1695437 us][INFO ] ecu[rx-atk] stack initialised (protection=2)
[   1695548 us][INFO ] PQC handshake complete: keygen+encaps+decaps+HKDF = 77.8 us
[   2115563 us][INFO ] attack[mitm_key_confuse]  injected=10400 detected=200 delivered=0  rate=1.92%
[   2116358 us][INFO ] =========== attacks_mitm_key_confuse_pqc summary ===========
[   2116397 us][INFO ] messages   success=0  verify_fail=200  drop=0
[   2116437 us][INFO ] e2e latency p50/p95/p99 = 2171.5 / 2600.4 / 3241.3 us
[   2116474 us][INFO ] SecOC auth   mean=201.4 us  verify mean=42.3 us
[   2116507 us][INFO ] attacks injected=10400 detected=200 delivered=0
[   2118294 us][INFO ] bus[0] kind=1 bitrate=5000000 MTU=64 ber=0.00e+00 prop_ns=3000
[   2118350 us][INFO ] attacker[sig_fuzz] attached to bus
[   2118440 us][INFO ] ecu[tx-atk] stack initialised (protection=2)
[   2118506 us][INFO ] ecu[rx-atk] stack initialised (protection=2)
[   2118661 us][INFO ] PQC handshake complete: keygen+encaps+decaps+HKDF = 103.9 us
[   2548045 us][INFO ] attack[sig_fuzz]  injected=10400 detected=200 delivered=0  rate=1.92%
[   2548716 us][INFO ] =========== attacks_sig_fuzz_pqc summary ===========
[   2548746 us][INFO ] messages   success=0  verify_fail=200  drop=0
[   2548794 us][INFO ] e2e latency p50/p95/p99 = 2178.0 / 2611.4 / 3280.7 us
[   2548830 us][INFO ] SecOC auth   mean=212.7 us  verify mean=44.6 us
[   2548854 us][INFO ] attacks injected=10400 detected=200 delivered=0
[   2550612 us][INFO ] bus[0] kind=1 bitrate=5000000 MTU=64 ber=0.00e+00 prop_ns=3000
[   2550682 us][INFO ] attacker[downgrade_hmac] attached to bus
[   2550796 us][INFO ] ecu[tx-atk] stack initialised (protection=2)
[   2550872 us][INFO ] ecu[rx-atk] stack initialised (protection=2)
[   2550982 us][INFO ] PQC handshake complete: keygen+encaps+decaps+HKDF = 81.6 us
[   2981284 us][INFO ] attack[downgrade_hmac]  injected=10400 detected=200 delivered=0  rate=1.92%
[   2981966 us][INFO ] =========== attacks_downgrade_hmac_pqc summary ===========
[   2981997 us][INFO ] messages   success=0  verify_fail=200  drop=0
[   2982050 us][INFO ] e2e latency p50/p95/p99 = 2181.3 / 2584.4 / 3239.1 us
[   2982088 us][INFO ] SecOC auth   mean=162.4 us  verify mean=110.0 us
[   2982115 us][INFO ] attacks injected=10400 detected=200 delivered=0
[   2986095 us][INFO ] =========== attacks_aggregate_pqc summary ===========
[   2986115 us][INFO ] messages   success=3  verify_fail=1397  drop=0
[   2986478 us][INFO ] e2e latency p50/p95/p99 = 2177.7 / 2587.0 / 3256.2 us
[   2986520 us][INFO ] SecOC auth   mean=194.2 us  verify mean=68.0 us
[   2986534 us][INFO ] attacks injected=62608 detected=1397 delivered=3
