[       695 us][INFO ] logger initialised: scenario=attacks seed=12648430 out=/home/user/computer_engineering_project/integrated_simulation_env/results/20260418T090020Z/raw git=ise
[       899 us][INFO ] running scenario 'attacks' (All 10 attack scenarios, sequential)
[      1847 us][INFO ] bus[0] kind=1 bitrate=5000000 MTU=64 ber=0.00e+00 prop_ns=3000
[      1952 us][INFO ] attacker[replay] attached to bus
[      1997 us][INFO ] ecu[tx-atk] stack initialised (protection=1)
[      2021 us][INFO ] ecu[rx-atk] stack initialised (protection=1)
[    438348 us][INFO ] attack[replay]  injected=197 detected=3 delivered=197  rate=1.52%
[    439101 us][INFO ] =========== attacks_replay_hmac summary ===========
[    439145 us][INFO ] messages   success=197  verify_fail=3  drop=0
[    439213 us][INFO ] e2e latency p50/p95/p99 = 2267.3 / 2320.3 / 2515.6 us
[    439261 us][INFO ] SecOC auth   mean=12.6 us  verify mean=11.3 us
[    439279 us][INFO ] attacks injected=197 detected=3 delivered=197
[    439738 us][INFO ] bus[0] kind=1 bitrate=5000000 MTU=64 ber=0.00e+00 prop_ns=3000
[    439903 us][INFO ] attacker[tamper_payload] attached to bus
[    439942 us][INFO ] ecu[tx-atk] stack initialised (protection=1)
[    439981 us][INFO ] ecu[rx-atk] stack initialised (protection=1)
[    875993 us][INFO ] attack[tamper_payload]  injected=200 detected=200 delivered=0  rate=100.00%
[    876806 us][INFO ] =========== attacks_tamper_payload_hmac summary ===========
[    876850 us][INFO ] messages   success=0  verify_fail=200  drop=0
[    876920 us][INFO ] e2e latency p50/p95/p99 = 2262.5 / 2336.4 / 2391.5 us
[    876969 us][INFO ] SecOC auth   mean=5.1 us  verify mean=12.4 us
[    876984 us][INFO ] attacks injected=200 detected=200 delivered=0
[    877355 us][INFO ] bus[0] kind=1 bitrate=5000000 MTU=64 ber=0.00e+00 prop_ns=3000
[    877445 us][INFO ] attacker[tamper_auth] attached to bus
[    877479 us][INFO ] ecu[tx-atk] stack initialised (protection=1)
[    877492 us][INFO ] ecu[rx-atk] stack initialised (protection=1)
[   1294119 us][INFO ] attack[tamper_auth]  injected=200 detected=200 delivered=0  rate=100.00%
[   1294798 us][INFO ] =========== attacks_tamper_auth_hmac summary ===========
[   1294833 us][INFO ] messages   success=0  verify_fail=200  drop=0
[   1294897 us][INFO ] e2e latency p50/p95/p99 = 2249.8 / 2318.1 / 2427.9 us
[   1294931 us][INFO ] SecOC auth   mean=4.8 us  verify mean=11.0 us
[   1294957 us][INFO ] attacks injected=200 detected=200 delivered=0
[   1295367 us][INFO ] bus[0] kind=1 bitrate=5000000 MTU=64 ber=0.00e+00 prop_ns=3000
[   1295431 us][INFO ] attacker[freshness_rollback] attached to bus
[   1295485 us][INFO ] ecu[tx-atk] stack initialised (protection=1)
[   1295495 us][INFO ] ecu[rx-atk] stack initialised (protection=1)
[   1735638 us][INFO ] attack[freshness_rollback]  injected=200 detected=200 delivered=0  rate=100.00%
[   1736269 us][INFO ] =========== attacks_freshness_rollback_hmac summary ===========
[   1736302 us][INFO ] messages   success=0  verify_fail=200  drop=0
[   1736357 us][INFO ] e2e latency p50/p95/p99 = 2255.4 / 2311.1 / 2349.3 us
[   1736392 us][INFO ] SecOC auth   mean=11.0 us  verify mean=0.0 us
[   1736417 us][INFO ] attacks injected=200 detected=200 delivered=0
[   1736762 us][INFO ] bus[0] kind=1 bitrate=5000000 MTU=64 ber=0.00e+00 prop_ns=3000
[   1736810 us][INFO ] attacker[mitm_key_confuse] attached to bus
[   1736850 us][INFO ] ecu[tx-atk] stack initialised (protection=1)
[   1736873 us][INFO ] ecu[rx-atk] stack initialised (protection=1)
[   2169678 us][INFO ] attack[mitm_key_confuse]  injected=200 detected=200 delivered=0  rate=100.00%
[   2170319 us][INFO ] =========== attacks_mitm_key_confuse_hmac summary ===========
[   2170346 us][INFO ] messages   success=0  verify_fail=200  drop=0
[   2170395 us][INFO ] e2e latency p50/p95/p99 = 2262.9 / 2322.7 / 2359.3 us
[   2170431 us][INFO ] SecOC auth   mean=5.0 us  verify mean=10.8 us
[   2170456 us][INFO ] attacks injected=200 detected=200 delivered=0
[   2170820 us][INFO ] bus[0] kind=1 bitrate=5000000 MTU=64 ber=0.00e+00 prop_ns=3000
[   2170895 us][INFO ] attacker[sig_fuzz] attached to bus
[   2170971 us][INFO ] ecu[tx-atk] stack initialised (protection=1)
[   2170990 us][INFO ] ecu[rx-atk] stack initialised (protection=1)
[   2584917 us][INFO ] attack[sig_fuzz]  injected=200 detected=200 delivered=0  rate=100.00%
[   2585645 us][INFO ] =========== attacks_sig_fuzz_hmac summary ===========
[   2585697 us][INFO ] messages   success=0  verify_fail=200  drop=0
[   2585774 us][INFO ] e2e latency p50/p95/p99 = 2258.0 / 2310.4 / 2400.6 us
[   2585821 us][INFO ] SecOC auth   mean=4.8 us  verify mean=11.3 us
[   2585837 us][INFO ] attacks injected=200 detected=200 delivered=0
[   2586186 us][INFO ] bus[0] kind=1 bitrate=5000000 MTU=64 ber=0.00e+00 prop_ns=3000
[   2586237 us][INFO ] attacker[downgrade_hmac] attached to bus
[   2586253 us][INFO ] ecu[tx-atk] stack initialised (protection=1)
[   2586270 us][INFO ] ecu[rx-atk] stack initialised (protection=1)
[   3017054 us][INFO ] attack[downgrade_hmac]  injected=200 detected=0 delivered=200  rate=0.00%
[   3017834 us][INFO ] =========== attacks_downgrade_hmac_hmac summary ===========
[   3017873 us][INFO ] messages   success=200  verify_fail=0  drop=0
[   3017956 us][INFO ] e2e latency p50/p95/p99 = 2262.5 / 2331.2 / 2452.9 us
[   3018009 us][INFO ] SecOC auth   mean=4.8 us  verify mean=10.8 us
[   3018032 us][INFO ] attacks injected=200 detected=0 delivered=200
[   3020771 us][INFO ] =========== attacks_aggregate_hmac summary ===========
[   3020806 us][INFO ] messages   success=397  verify_fail=1003  drop=0
[   3021235 us][INFO ] e2e latency p50/p95/p99 = 2259.9 / 2322.4 / 2405.0 us
[   3021280 us][INFO ] SecOC auth   mean=6.9 us  verify mean=9.7 us
[   3021303 us][INFO ] attacks injected=1397 detected=1003 delivered=397
