[       780 us][INFO ] logger initialised: scenario=baseline seed=12648430 out=/home/user/computer_engineering_project/integrated_simulation_env/results/20260418T090020Z/raw git=ise
[       961 us][INFO ] running scenario 'baseline' (Baseline per-signal latency & overhead)
[      1532 us][INFO ] bus[1] kind=1 bitrate=5000000 MTU=64 ber=0.00e+00 prop_ns=3000
[      1658 us][INFO ] bus[0] kind=0 bitrate=1000000 MTU=8 ber=0.00e+00 prop_ns=5000
[      1747 us][INFO ] bus[2] kind=2 bitrate=10000000 MTU=254 ber=0.00e+00 prop_ns=2000
[      1815 us][INFO ] bus[3] kind=3 bitrate=100000000 MTU=1500 ber=0.00e+00 prop_ns=1000
[      1881 us][INFO ] bus[4] kind=4 bitrate=1000000000 MTU=1500 ber=0.00e+00 prop_ns=500
[      4295 us][INFO ] ecu[tx-ecu] stack initialised (protection=3)
[      4379 us][INFO ] ecu[rx-ecu] stack initialised (protection=3)
[      4668 us][INFO ] PQC handshake complete: keygen+encaps+decaps+HKDF = 260.7 us
[      4713 us][INFO ] signal 0x01 (BrakeCmd): 200 iterations on bus_kind=1
[    423021 us][INFO ] ecu[tx-ecu] stack initialised (protection=3)
[    423143 us][INFO ] ecu[rx-ecu] stack initialised (protection=3)
[    423292 us][INFO ] PQC handshake complete: keygen+encaps+decaps+HKDF = 89.9 us
[    423342 us][INFO ] signal 0x02 (SteeringTorque): 200 iterations on bus_kind=1
[    871756 us][INFO ] ecu[tx-ecu] stack initialised (protection=3)
[    871851 us][INFO ] ecu[rx-ecu] stack initialised (protection=3)
[    871963 us][INFO ] PQC handshake complete: keygen+encaps+decaps+HKDF = 73.0 us
[    872002 us][INFO ] signal 0x03 (AirbagTrigger): 200 iterations on bus_kind=0
[   1217232 us][INFO ] ecu[tx-ecu] stack initialised (protection=3)
[   1217377 us][INFO ] ecu[rx-ecu] stack initialised (protection=3)
[   1217494 us][INFO ] PQC handshake complete: keygen+encaps+decaps+HKDF = 71.1 us
[   1217521 us][INFO ] signal 0x04 (Throttle): 200 iterations on bus_kind=1
[   1671936 us][INFO ] ecu[tx-ecu] stack initialised (protection=3)
[   1672026 us][INFO ] ecu[rx-ecu] stack initialised (protection=3)
[   1672147 us][INFO ] PQC handshake complete: keygen+encaps+decaps+HKDF = 69.3 us
[   1672183 us][INFO ] signal 0x05 (AbsWheelSpeed): 200 iterations on bus_kind=1
[   2123137 us][INFO ] ecu[tx-ecu] stack initialised (protection=3)
[   2123359 us][INFO ] ecu[rx-ecu] stack initialised (protection=3)
[   2123613 us][INFO ] PQC handshake complete: keygen+encaps+decaps+HKDF = 159.2 us
[   2123670 us][INFO ] signal 0x06 (InverterTorque): 200 iterations on bus_kind=2
[   2550748 us][INFO ] ecu[tx-ecu] stack initialised (protection=3)
[   2550962 us][INFO ] ecu[rx-ecu] stack initialised (protection=3)
[   2551221 us][INFO ] PQC handshake complete: keygen+encaps+decaps+HKDF = 210.5 us
[   2551278 us][INFO ] signal 0x07 (BodyMotion): 200 iterations on bus_kind=1
[   2996560 us][INFO ] ecu[tx-ecu] stack initialised (protection=3)
[   2996654 us][INFO ] ecu[rx-ecu] stack initialised (protection=3)
[   2996764 us][INFO ] PQC handshake complete: keygen+encaps+decaps+HKDF = 69.7 us
[   2996800 us][INFO ] signal 0x08 (DoorLockState): 200 iterations on bus_kind=0
[   3419203 us][INFO ] ecu[tx-ecu] stack initialised (protection=3)
[   3419410 us][INFO ] ecu[rx-ecu] stack initialised (protection=3)
[   3419558 us][INFO ] PQC handshake complete: keygen+encaps+decaps+HKDF = 82.2 us
[   3419600 us][INFO ] signal 0x09 (Speedometer): 200 iterations on bus_kind=1
[   3870443 us][INFO ] ecu[tx-ecu] stack initialised (protection=3)
[   3870651 us][INFO ] ecu[rx-ecu] stack initialised (protection=3)
[   3870769 us][INFO ] PQC handshake complete: keygen+encaps+decaps+HKDF = 73.3 us
[   3870822 us][INFO ] signal 0x0A (HVAC): 200 iterations on bus_kind=0
[   4265216 us][INFO ] ecu[tx-ecu] stack initialised (protection=3)
[   4265415 us][INFO ] ecu[rx-ecu] stack initialised (protection=3)
[   4265556 us][INFO ] PQC handshake complete: keygen+encaps+decaps+HKDF = 82.9 us
[   4265592 us][INFO ] signal 0x0B (InfotainmentGateway): 200 iterations on bus_kind=3
[   4712531 us][INFO ] ecu[tx-ecu] stack initialised (protection=3)
[   4712758 us][INFO ] ecu[rx-ecu] stack initialised (protection=3)
[   4712932 us][INFO ] PQC handshake complete: keygen+encaps+decaps+HKDF = 110.6 us
[   4712982 us][INFO ] signal 0x0C (ADAS_Camera_Meta): 200 iterations on bus_kind=3
[   5150366 us][INFO ] ecu[tx-ecu] stack initialised (protection=3)
[   5150451 us][INFO ] ecu[rx-ecu] stack initialised (protection=3)
[   5150602 us][INFO ] PQC handshake complete: keygen+encaps+decaps+HKDF = 93.6 us
[   5150630 us][INFO ] signal 0x0D (V2X_AuthenticatedMsg): 200 iterations on bus_kind=4
[   5426667 us][INFO ] ecu[tx-ecu] stack initialised (protection=3)
[   5426936 us][INFO ] ecu[rx-ecu] stack initialised (protection=3)
[   5427151 us][INFO ] PQC handshake complete: keygen+encaps+decaps+HKDF = 144.1 us
[   5427221 us][INFO ] signal 0x0E (OBD_Diagnostic): 200 iterations on bus_kind=3
[   5885278 us][INFO ] =========== baseline summary ===========
[   5885320 us][INFO ] messages   success=2800  verify_fail=0  drop=0
[   5886216 us][INFO ] e2e latency p50/p95/p99 = 2188.4 / 2549.4 / 3191.8 us
[   5886271 us][INFO ] SecOC auth   mean=165.5 us  verify mean=118.5 us
[   5886286 us][INFO ] deadline D1 miss 0/600 (0.00%)
[   5886305 us][INFO ] deadline D2 miss 0/600 (0.00%)
[   5886316 us][INFO ] deadline D3 miss 0/600 (0.00%)
[   5886329 us][INFO ] deadline D4 miss 0/400 (0.00%)
[   5886343 us][INFO ] deadline D5 miss 0/400 (0.00%)
[   5886361 us][INFO ] deadline D6 miss 0/200 (0.00%)
