[       121 us][INFO ] logger initialised: scenario=attacks seed=12648430 out=/home/user/computer_engineering_project/integrated_simulation_env/results/20260502T172827Z/raw git=ise
[       149 us][INFO ] running scenario 'attacks' (All 10 attack scenarios, sequential)
[      1185 us][INFO ] bus[0] kind=1 bitrate=5000000 MTU=64 ber=0.00e+00 prop_ns=3000
[      1195 us][INFO ] attacker[replay] attached to bus
[      2868 us][INFO ] ecu[tx-atk] stack initialised (protection=3)
[      2905 us][INFO ] ecu[rx-atk] stack initialised (protection=3)
[      3140 us][INFO ] PQC handshake complete: keygen+encaps+decaps+HKDF = 231.5 us
[    191133 us][INFO ] attack[replay]  injected=200 detected=197 delivered=3  rate=98.50%
[    191519 us][INFO ] =========== attacks_replay_hybrid summary ===========
[    191523 us][INFO ] messages   success=3  verify_fail=197  drop=0
[    191555 us][INFO ] e2e latency p50/p95/p99 = 905.0 / 1116.2 / 1197.8 us
[    191557 us][INFO ] SecOC auth   mean=119.6 us  verify mean=0.9 us
[    191559 us][INFO ] attacks injected=200 detected=197 delivered=3
[    194865 us][INFO ] bus[0] kind=1 bitrate=5000000 MTU=64 ber=0.00e+00 prop_ns=3000
[    194902 us][INFO ] attacker[tamper_payload] attached to bus
[    194954 us][INFO ] ecu[tx-atk] stack initialised (protection=3)
[    194986 us][INFO ] ecu[rx-atk] stack initialised (protection=3)
[    195053 us][INFO ] PQC handshake complete: keygen+encaps+decaps+HKDF = 65.2 us
[    380014 us][INFO ] attack[tamper_payload]  injected=10600 detected=200 delivered=0  rate=1.89%
[    380392 us][INFO ] =========== attacks_tamper_payload_hybrid summary ===========
[    380396 us][INFO ] messages   success=0  verify_fail=200  drop=0
[    380426 us][INFO ] e2e latency p50/p95/p99 = 903.7 / 1057.4 / 1143.6 us
[    380428 us][INFO ] SecOC auth   mean=100.6 us  verify mean=17.3 us
[    380430 us][INFO ] attacks injected=10600 detected=200 delivered=0
[    383416 us][INFO ] bus[0] kind=1 bitrate=5000000 MTU=64 ber=0.00e+00 prop_ns=3000
[    383456 us][INFO ] attacker[tamper_auth] attached to bus
[    383510 us][INFO ] ecu[tx-atk] stack initialised (protection=3)
[    383542 us][INFO ] ecu[rx-atk] stack initialised (protection=3)
[    383607 us][INFO ] PQC handshake complete: keygen+encaps+decaps+HKDF = 62.9 us
[    571731 us][INFO ] attack[tamper_auth]  injected=10600 detected=200 delivered=0  rate=1.89%
[    572049 us][INFO ] =========== attacks_tamper_auth_hybrid summary ===========
[    572053 us][INFO ] messages   success=0  verify_fail=200  drop=0
[    572147 us][INFO ] e2e latency p50/p95/p99 = 919.9 / 1071.7 / 1170.6 us
[    572151 us][INFO ] SecOC auth   mean=109.1 us  verify mean=30.2 us
[    572153 us][INFO ] attacks injected=10600 detected=200 delivered=0
[    574983 us][INFO ] bus[0] kind=1 bitrate=5000000 MTU=64 ber=0.00e+00 prop_ns=3000
[    575001 us][INFO ] attacker[freshness_rollback] attached to bus
[    575049 us][INFO ] ecu[tx-atk] stack initialised (protection=3)
[    575106 us][INFO ] ecu[rx-atk] stack initialised (protection=3)
[    575172 us][INFO ] PQC handshake complete: keygen+encaps+decaps+HKDF = 63.1 us
[    771655 us][INFO ] attack[freshness_rollback]  injected=10600 detected=200 delivered=0  rate=1.89%
[    772029 us][INFO ] =========== attacks_freshness_rollback_hybrid summary ===========
[    772034 us][INFO ] messages   success=0  verify_fail=200  drop=0
[    772179 us][INFO ] e2e latency p50/p95/p99 = 941.6 / 1165.2 / 2000.5 us
[    772185 us][INFO ] SecOC auth   mean=114.4 us  verify mean=0.0 us
[    772187 us][INFO ] attacks injected=10600 detected=200 delivered=0
[    775812 us][INFO ] bus[0] kind=1 bitrate=5000000 MTU=64 ber=0.00e+00 prop_ns=3000
[    775833 us][INFO ] attacker[mitm_key_confuse] attached to bus
[    775882 us][INFO ] ecu[tx-atk] stack initialised (protection=3)
[    775914 us][INFO ] ecu[rx-atk] stack initialised (protection=3)
[    775981 us][INFO ] PQC handshake complete: keygen+encaps+decaps+HKDF = 64.0 us
[    969536 us][INFO ] attack[mitm_key_confuse]  injected=10600 detected=200 delivered=0  rate=1.89%
[    969845 us][INFO ] =========== attacks_mitm_key_confuse_hybrid summary ===========
[    969852 us][INFO ] messages   success=0  verify_fail=200  drop=0
[    969882 us][INFO ] e2e latency p50/p95/p99 = 937.0 / 1167.0 / 1890.6 us
[    969883 us][INFO ] SecOC auth   mean=105.3 us  verify mean=5.4 us
[    969885 us][INFO ] attacks injected=10600 detected=200 delivered=0
[    973549 us][INFO ] bus[0] kind=1 bitrate=5000000 MTU=64 ber=0.00e+00 prop_ns=3000
[    973570 us][INFO ] attacker[sig_fuzz] attached to bus
[    973619 us][INFO ] ecu[tx-atk] stack initialised (protection=3)
[    973650 us][INFO ] ecu[rx-atk] stack initialised (protection=3)
[    973714 us][INFO ] PQC handshake complete: keygen+encaps+decaps+HKDF = 61.5 us
[   1167867 us][INFO ] attack[sig_fuzz]  injected=10600 detected=200 delivered=0  rate=1.89%
[   1168328 us][INFO ] =========== attacks_sig_fuzz_hybrid summary ===========
[   1168334 us][INFO ] messages   success=0  verify_fail=200  drop=0
[   1168382 us][INFO ] e2e latency p50/p95/p99 = 950.8 / 1110.0 / 1260.4 us
[   1168390 us][INFO ] SecOC auth   mean=103.7 us  verify mean=22.6 us
[   1168394 us][INFO ] attacks injected=10600 detected=200 delivered=0
[   1173213 us][INFO ] bus[0] kind=1 bitrate=5000000 MTU=64 ber=0.00e+00 prop_ns=3000
[   1173239 us][INFO ] attacker[downgrade_hmac] attached to bus
[   1173312 us][INFO ] ecu[tx-atk] stack initialised (protection=3)
[   1173357 us][INFO ] ecu[rx-atk] stack initialised (protection=3)
[   1173447 us][INFO ] PQC handshake complete: keygen+encaps+decaps+HKDF = 85.8 us
[   1360855 us][INFO ] attack[downgrade_hmac]  injected=10600 detected=200 delivered=0  rate=1.89%
[   1361206 us][INFO ] =========== attacks_downgrade_hmac_hybrid summary ===========
[   1361210 us][INFO ] messages   success=0  verify_fail=200  drop=0
[   1361243 us][INFO ] e2e latency p50/p95/p99 = 903.5 / 1110.2 / 1272.6 us
[   1361245 us][INFO ] SecOC auth   mean=106.8 us  verify mean=6.8 us
[   1361247 us][INFO ] attacks injected=10600 detected=200 delivered=0
[   1366480 us][INFO ] =========== attacks_aggregate_hybrid summary ===========
[   1366488 us][INFO ] messages   success=3  verify_fail=1397  drop=0
[   1366874 us][INFO ] e2e latency p50/p95/p99 = 924.1 / 1113.8 / 1411.9 us
[   1366876 us][INFO ] SecOC auth   mean=108.5 us  verify mean=11.9 us
[   1366878 us][INFO ] attacks injected=63800 detected=1397 delivered=3
