[        75 us][INFO ] logger initialised: scenario=bus_failure seed=12648430 out=/home/user/computer_engineering_project/integrated_simulation_env/results/20260502T172827Z/raw git=ise
[       102 us][INFO ] running scenario 'bus_failure' (Physical-layer BER / bus-error handling)
[      1069 us][INFO ] bus[0] kind=1 bitrate=5000000 MTU=64 ber=0.00e+00 prop_ns=3000
[      1080 us][INFO ] ecu[tx-ber] stack initialised (protection=1)
[      1081 us][INFO ] ecu[rx-ber] stack initialised (protection=1)
[    154860 us][INFO ] bus_failure[clean] BER=0.00e+00  tx=200 rx=200 ber_flipped=0 queue_drops=0  success=200 verify_fail=0
[    155288 us][INFO ] =========== bus_failure_clean summary ===========
[    155292 us][INFO ] messages   success=200  verify_fail=0  drop=0
[    155332 us][INFO ] e2e latency p50/p95/p99 = 746.8 / 876.9 / 908.6 us
[    155334 us][INFO ] SecOC auth   mean=8.0 us  verify mean=6.6 us
[    155659 us][INFO ] bus[0] kind=1 bitrate=5000000 MTU=64 ber=1.00e-06 prop_ns=3000
[    155665 us][INFO ] ecu[tx-ber] stack initialised (protection=1)
[    155666 us][INFO ] ecu[rx-ber] stack initialised (protection=1)
[    313016 us][INFO ] bus_failure[noisy] BER=1.00e-06  tx=200 rx=200 ber_flipped=0 queue_drops=0  success=200 verify_fail=0
[    313410 us][INFO ] =========== bus_failure_noisy summary ===========
[    313414 us][INFO ] messages   success=200  verify_fail=0  drop=0
[    313450 us][INFO ] e2e latency p50/p95/p99 = 758.4 / 888.0 / 935.4 us
[    313452 us][INFO ] SecOC auth   mean=2.2 us  verify mean=7.5 us
[    313780 us][INFO ] bus[0] kind=1 bitrate=5000000 MTU=64 ber=1.00e-04 prop_ns=3000
[    313788 us][INFO ] ecu[tx-ber] stack initialised (protection=1)
[    313790 us][INFO ] ecu[rx-ber] stack initialised (protection=1)
[    465857 us][INFO ] bus_failure[heavy] BER=1.00e-04  tx=200 rx=200 ber_flipped=5 queue_drops=0  success=195 verify_fail=5
[    466220 us][INFO ] =========== bus_failure_heavy summary ===========
[    466224 us][INFO ] messages   success=195  verify_fail=5  drop=0
[    466257 us][INFO ] e2e latency p50/p95/p99 = 746.8 / 848.9 / 931.4 us
[    466259 us][INFO ] SecOC auth   mean=2.1 us  verify mean=5.3 us
[    466549 us][INFO ] =========== bus_failure_aggregate summary ===========
[    466553 us][INFO ] messages   success=595  verify_fail=5  drop=0
