[        75 us][INFO ] logger initialised: scenario=deadline_stress seed=12648430 out=/home/user/computer_engineering_project/integrated_simulation_env/results/20260502T172827Z/raw git=ise
[       101 us][INFO ] running scenario 'deadline_stress' (Deadline miss per ASIL class)
[      1135 us][INFO ] bus[0] kind=0 bitrate=1000000 MTU=8 ber=0.00e+00 prop_ns=5000
[      3001 us][INFO ] ecu[tx-dl] stack initialised (protection=2)
[      3043 us][INFO ] ecu[rx-dl] stack initialised (protection=2)
[      3258 us][INFO ] PQC handshake complete: keygen+encaps+decaps+HKDF = 211.0 us
[      3441 us][WARN ] bus[0] payload 64 > MTU 8 (dropped)
[     53717 us][WARN ] bus[0] payload 64 > MTU 8 (dropped)
[    103976 us][WARN ] bus[0] payload 64 > MTU 8 (dropped)
[    154217 us][WARN ] bus[0] payload 64 > MTU 8 (dropped)
[    204482 us][WARN ] bus[0] payload 64 > MTU 8 (dropped)
[    254707 us][WARN ] bus[0] payload 64 > MTU 8 (dropped)
[    305064 us][WARN ] bus[0] payload 64 > MTU 8 (dropped)
[    355335 us][WARN ] bus[0] payload 64 > MTU 8 (dropped)
[    405649 us][WARN ] bus[0] payload 64 > MTU 8 (dropped)
[    455912 us][WARN ] bus[0] payload 64 > MTU 8 (dropped)
[    506177 us][WARN ] bus[0] payload 64 > MTU 8 (dropped)
[    556445 us][WARN ] bus[0] payload 64 > MTU 8 (dropped)
[    606717 us][WARN ] bus[0] payload 64 > MTU 8 (dropped)
[    656966 us][WARN ] bus[0] payload 64 > MTU 8 (dropped)
[    707285 us][WARN ] bus[0] payload 64 > MTU 8 (dropped)
[    757631 us][WARN ] bus[0] payload 64 > MTU 8 (dropped)
[    807854 us][WARN ] bus[0] payload 64 > MTU 8 (dropped)
[    858023 us][WARN ] bus[0] payload 64 > MTU 8 (dropped)
[    908229 us][WARN ] bus[0] payload 64 > MTU 8 (dropped)
[    958443 us][WARN ] bus[0] payload 64 > MTU 8 (dropped)
[   1008660 us][WARN ] bus[0] payload 64 > MTU 8 (dropped)
[   1058988 us][WARN ] bus[0] payload 64 > MTU 8 (dropped)
[   1109169 us][WARN ] bus[0] payload 64 > MTU 8 (dropped)
[   1159360 us][WARN ] bus[0] payload 64 > MTU 8 (dropped)
[   1209734 us][WARN ] bus[0] payload 64 > MTU 8 (dropped)
[   1260047 us][WARN ] bus[0] payload 64 > MTU 8 (dropped)
[   1310258 us][WARN ] bus[0] payload 64 > MTU 8 (dropped)
[   1360447 us][WARN ] bus[0] payload 64 > MTU 8 (dropped)
[   1410849 us][WARN ] bus[0] payload 64 > MTU 8 (dropped)
[   1461082 us][WARN ] bus[0] payload 64 > MTU 8 (dropped)
[   1511417 us][WARN ] bus[0] payload 64 > MTU 8 (dropped)
[   1561808 us][WARN ] bus[0] payload 64 > MTU 8 (dropped)
[   1612103 us][WARN ] bus[0] payload 64 > MTU 8 (dropped)
[   1662372 us][WARN ] bus[0] payload 64 > MTU 8 (dropped)
[   1712648 us][WARN ] bus[0] payload 64 > MTU 8 (dropped)
[   1762963 us][WARN ] bus[0] payload 64 > MTU 8 (dropped)
[   1813203 us][WARN ] bus[0] payload 64 > MTU 8 (dropped)
[   1863675 us][WARN ] bus[0] payload 64 > MTU 8 (dropped)
[   1914143 us][WARN ] bus[0] payload 64 > MTU 8 (dropped)
[   1964396 us][WARN ] bus[0] payload 64 > MTU 8 (dropped)
[   2014612 us][WARN ] bus[0] payload 64 > MTU 8 (dropped)
[   2064823 us][WARN ] bus[0] payload 64 > MTU 8 (dropped)
[   2115338 us][WARN ] bus[0] payload 64 > MTU 8 (dropped)
[   2165766 us][WARN ] bus[0] payload 64 > MTU 8 (dropped)
[   2215959 us][WARN ] bus[0] payload 64 > MTU 8 (dropped)
[   2266173 us][WARN ] bus[0] payload 64 > MTU 8 (dropped)
[   2316424 us][WARN ] bus[0] payload 64 > MTU 8 (dropped)
[   2366639 us][WARN ] bus[0] payload 64 > MTU 8 (dropped)
[   2416897 us][WARN ] bus[0] payload 64 > MTU 8 (dropped)
[   2467129 us][WARN ] bus[0] payload 64 > MTU 8 (dropped)
[   2517396 us][WARN ] bus[0] payload 64 > MTU 8 (dropped)
[   2567715 us][WARN ] bus[0] payload 64 > MTU 8 (dropped)
[   2617942 us][WARN ] bus[0] payload 64 > MTU 8 (dropped)
[   2668303 us][WARN ] bus[0] payload 64 > MTU 8 (dropped)
[   2718505 us][WARN ] bus[0] payload 64 > MTU 8 (dropped)
[   2768820 us][WARN ] bus[0] payload 64 > MTU 8 (dropped)
[   2819385 us][WARN ] bus[0] payload 64 > MTU 8 (dropped)
[   2869650 us][WARN ] bus[0] payload 64 > MTU 8 (dropped)
[   2919948 us][WARN ] bus[0] payload 64 > MTU 8 (dropped)
[   2970250 us][WARN ] bus[0] payload 64 > MTU 8 (dropped)
[   3020517 us][WARN ] bus[0] payload 64 > MTU 8 (dropped)
[   3070856 us][WARN ] bus[0] payload 64 > MTU 8 (dropped)
[   3121098 us][WARN ] bus[0] payload 64 > MTU 8 (dropped)
[   3171418 us][WARN ] bus[0] payload 64 > MTU 8 (dropped)
[   3221676 us][WARN ] bus[0] payload 64 > MTU 8 (dropped)
[   3271987 us][WARN ] bus[0] payload 64 > MTU 8 (dropped)
[   3322207 us][WARN ] bus[0] payload 64 > MTU 8 (dropped)
[   3372590 us][WARN ] bus[0] payload 64 > MTU 8 (dropped)
[   3423052 us][WARN ] bus[0] payload 64 > MTU 8 (dropped)
[   3473350 us][WARN ] bus[0] payload 64 > MTU 8 (dropped)
[   3523549 us][WARN ] bus[0] payload 64 > MTU 8 (dropped)
[   3573902 us][WARN ] bus[0] payload 64 > MTU 8 (dropped)
[   3624148 us][WARN ] bus[0] payload 64 > MTU 8 (dropped)
[   3674513 us][WARN ] bus[0] payload 64 > MTU 8 (dropped)
[   3724705 us][WARN ] bus[0] payload 64 > MTU 8 (dropped)
[   3774978 us][WARN ] bus[0] payload 64 > MTU 8 (dropped)
[   3825169 us][WARN ] bus[0] payload 64 > MTU 8 (dropped)
[   3875500 us][WARN ] bus[0] payload 64 > MTU 8 (dropped)
[   3925779 us][WARN ] bus[0] payload 64 > MTU 8 (dropped)
[   3976171 us][WARN ] bus[0] payload 64 > MTU 8 (dropped)
[   4026380 us][WARN ] bus[0] payload 64 > MTU 8 (dropped)
[   4076650 us][WARN ] bus[0] payload 64 > MTU 8 (dropped)
[   4126837 us][WARN ] bus[0] payload 64 > MTU 8 (dropped)
[   4177036 us][WARN ] bus[0] payload 64 > MTU 8 (dropped)
[   4227291 us][WARN ] bus[0] payload 64 > MTU 8 (dropped)
[   4277475 us][WARN ] bus[0] payload 64 > MTU 8 (dropped)
[   4327679 us][WARN ] bus[0] payload 64 > MTU 8 (dropped)
[   4377873 us][WARN ] bus[0] payload 64 > MTU 8 (dropped)
[   4428184 us][WARN ] bus[0] payload 64 > MTU 8 (dropped)
[   4478430 us][WARN ] bus[0] payload 64 > MTU 8 (dropped)
[   4528661 us][WARN ] bus[0] payload 64 > MTU 8 (dropped)
[   4578849 us][WARN ] bus[0] payload 64 > MTU 8 (dropped)
[   4629038 us][WARN ] bus[0] payload 64 > MTU 8 (dropped)
[   4679242 us][WARN ] bus[0] payload 64 > MTU 8 (dropped)
[   4729696 us][WARN ] bus[0] payload 64 > MTU 8 (dropped)
[   4779965 us][WARN ] bus[0] payload 64 > MTU 8 (dropped)
[   4830132 us][WARN ] bus[0] payload 64 > MTU 8 (dropped)
[   4880450 us][WARN ] bus[0] payload 64 > MTU 8 (dropped)
[   4930924 us][WARN ] bus[0] payload 64 > MTU 8 (dropped)
[   4981164 us][WARN ] bus[0] payload 64 > MTU 8 (dropped)
[   5031397 us][WARN ] bus[0] payload 64 > MTU 8 (dropped)
[   5081679 us][WARN ] bus[0] payload 64 > MTU 8 (dropped)
[   5132205 us][WARN ] bus[0] payload 64 > MTU 8 (dropped)
[   5182433 us][WARN ] bus[0] payload 64 > MTU 8 (dropped)
[   5232931 us][WARN ] bus[0] payload 64 > MTU 8 (dropped)
[   5283269 us][WARN ] bus[0] payload 64 > MTU 8 (dropped)
[   5333950 us][WARN ] bus[0] payload 64 > MTU 8 (dropped)
[   5384194 us][WARN ] bus[0] payload 64 > MTU 8 (dropped)
[   5434455 us][WARN ] bus[0] payload 64 > MTU 8 (dropped)
[   5484682 us][WARN ] bus[0] payload 64 > MTU 8 (dropped)
[   5534868 us][WARN ] bus[0] payload 64 > MTU 8 (dropped)
[   5585200 us][WARN ] bus[0] payload 64 > MTU 8 (dropped)
[   5635600 us][WARN ] bus[0] payload 64 > MTU 8 (dropped)
[   5685912 us][WARN ] bus[0] payload 64 > MTU 8 (dropped)
[   5736238 us][WARN ] bus[0] payload 64 > MTU 8 (dropped)
[   5786445 us][WARN ] bus[0] payload 64 > MTU 8 (dropped)
[   5843117 us][WARN ] bus[0] payload 64 > MTU 8 (dropped)
[   5893450 us][WARN ] bus[0] payload 64 > MTU 8 (dropped)
[   5943738 us][WARN ] bus[0] payload 64 > MTU 8 (dropped)
[   5993986 us][WARN ] bus[0] payload 64 > MTU 8 (dropped)
[   6044223 us][WARN ] bus[0] payload 64 > MTU 8 (dropped)
[   6094466 us][WARN ] bus[0] payload 64 > MTU 8 (dropped)
[   6144967 us][WARN ] bus[0] payload 64 > MTU 8 (dropped)
[   6195204 us][WARN ] bus[0] payload 64 > MTU 8 (dropped)
[   6245470 us][WARN ] bus[0] payload 64 > MTU 8 (dropped)
[   6295821 us][WARN ] bus[0] payload 64 > MTU 8 (dropped)
[   6346128 us][WARN ] bus[0] payload 64 > MTU 8 (dropped)
[   6396361 us][WARN ] bus[0] payload 64 > MTU 8 (dropped)
[   6446619 us][WARN ] bus[0] payload 64 > MTU 8 (dropped)
[   6496903 us][WARN ] bus[0] payload 64 > MTU 8 (dropped)
[   6547154 us][WARN ] bus[0] payload 64 > MTU 8 (dropped)
[   6597367 us][WARN ] bus[0] payload 64 > MTU 8 (dropped)
[   6647707 us][WARN ] bus[0] payload 64 > MTU 8 (dropped)
[   6697996 us][WARN ] bus[0] payload 64 > MTU 8 (dropped)
[   6748250 us][WARN ] bus[0] payload 64 > MTU 8 (dropped)
[   6798533 us][WARN ] bus[0] payload 64 > MTU 8 (dropped)
[   6848930 us][WARN ] bus[0] payload 64 > MTU 8 (dropped)
[   6899192 us][WARN ] bus[0] payload 64 > MTU 8 (dropped)
[   6949376 us][WARN ] bus[0] payload 64 > MTU 8 (dropped)
[   6999551 us][WARN ] bus[0] payload 64 > MTU 8 (dropped)
[   7049779 us][WARN ] bus[0] payload 64 > MTU 8 (dropped)
[   7099950 us][WARN ] bus[0] payload 64 > MTU 8 (dropped)
[   7150203 us][WARN ] bus[0] payload 64 > MTU 8 (dropped)
[   7200496 us][WARN ] bus[0] payload 64 > MTU 8 (dropped)
[   7250824 us][WARN ] bus[0] payload 64 > MTU 8 (dropped)
[   7301077 us][WARN ] bus[0] payload 64 > MTU 8 (dropped)
[   7351357 us][WARN ] bus[0] payload 64 > MTU 8 (dropped)
[   7401738 us][WARN ] bus[0] payload 64 > MTU 8 (dropped)
[   7451925 us][WARN ] bus[0] payload 64 > MTU 8 (dropped)
[   7502188 us][WARN ] bus[0] payload 64 > MTU 8 (dropped)
[   7552453 us][WARN ] bus[0] payload 64 > MTU 8 (dropped)
[   7602738 us][WARN ] bus[0] payload 64 > MTU 8 (dropped)
[   7653175 us][WARN ] bus[0] payload 64 > MTU 8 (dropped)
[   7703519 us][WARN ] bus[0] payload 64 > MTU 8 (dropped)
[   7753761 us][WARN ] bus[0] payload 64 > MTU 8 (dropped)
[   7804099 us][WARN ] bus[0] payload 64 > MTU 8 (dropped)
[   7854328 us][WARN ] bus[0] payload 64 > MTU 8 (dropped)
[   7904768 us][WARN ] bus[0] payload 64 > MTU 8 (dropped)
[   7955096 us][WARN ] bus[0] payload 64 > MTU 8 (dropped)
[   8005454 us][WARN ] bus[0] payload 64 > MTU 8 (dropped)
[   8055810 us][WARN ] bus[0] payload 64 > MTU 8 (dropped)
[   8106123 us][WARN ] bus[0] payload 64 > MTU 8 (dropped)
[   8156438 us][WARN ] bus[0] payload 64 > MTU 8 (dropped)
[   8206781 us][WARN ] bus[0] payload 64 > MTU 8 (dropped)
[   8257078 us][WARN ] bus[0] payload 64 > MTU 8 (dropped)
[   8307546 us][WARN ] bus[0] payload 64 > MTU 8 (dropped)
[   8357943 us][WARN ] bus[0] payload 64 > MTU 8 (dropped)
[   8408264 us][WARN ] bus[0] payload 64 > MTU 8 (dropped)
[   8458737 us][WARN ] bus[0] payload 64 > MTU 8 (dropped)
[   8509233 us][WARN ] bus[0] payload 64 > MTU 8 (dropped)
[   8559507 us][WARN ] bus[0] payload 64 > MTU 8 (dropped)
[   8609807 us][WARN ] bus[0] payload 64 > MTU 8 (dropped)
[   8660096 us][WARN ] bus[0] payload 64 > MTU 8 (dropped)
[   8710421 us][WARN ] bus[0] payload 64 > MTU 8 (dropped)
[   8760718 us][WARN ] bus[0] payload 64 > MTU 8 (dropped)
[   8811093 us][WARN ] bus[0] payload 64 > MTU 8 (dropped)
[   8861553 us][WARN ] bus[0] payload 64 > MTU 8 (dropped)
[   8911984 us][WARN ] bus[0] payload 64 > MTU 8 (dropped)
[   8962213 us][WARN ] bus[0] payload 64 > MTU 8 (dropped)
[   9012462 us][WARN ] bus[0] payload 64 > MTU 8 (dropped)
[   9062716 us][WARN ] bus[0] payload 64 > MTU 8 (dropped)
[   9112956 us][WARN ] bus[0] payload 64 > MTU 8 (dropped)
[   9163233 us][WARN ] bus[0] payload 64 > MTU 8 (dropped)
[   9213438 us][WARN ] bus[0] payload 64 > MTU 8 (dropped)
[   9263745 us][WARN ] bus[0] payload 64 > MTU 8 (dropped)
[   9313984 us][WARN ] bus[0] payload 64 > MTU 8 (dropped)
[   9364271 us][WARN ] bus[0] payload 64 > MTU 8 (dropped)
[   9414559 us][WARN ] bus[0] payload 64 > MTU 8 (dropped)
[   9464848 us][WARN ] bus[0] payload 64 > MTU 8 (dropped)
[   9515117 us][WARN ] bus[0] payload 64 > MTU 8 (dropped)
[   9565347 us][WARN ] bus[0] payload 64 > MTU 8 (dropped)
[   9615620 us][WARN ] bus[0] payload 64 > MTU 8 (dropped)
[   9665847 us][WARN ] bus[0] payload 64 > MTU 8 (dropped)
[   9716342 us][WARN ] bus[0] payload 64 > MTU 8 (dropped)
[   9766634 us][WARN ] bus[0] payload 64 > MTU 8 (dropped)
[   9816842 us][WARN ] bus[0] payload 64 > MTU 8 (dropped)
[   9867076 us][WARN ] bus[0] payload 64 > MTU 8 (dropped)
[   9917558 us][WARN ] bus[0] payload 64 > MTU 8 (dropped)
[   9967903 us][WARN ] bus[0] payload 64 > MTU 8 (dropped)
[  10018297 us][WARN ] bus[0] payload 64 > MTU 8 (dropped)
[  10068655 us][INFO ] bus[3] kind=3 bitrate=100000000 MTU=1500 ber=0.00e+00 prop_ns=1000
[  10068722 us][INFO ] ecu[tx-dl] stack initialised (protection=2)
[  10068775 us][INFO ] ecu[rx-dl] stack initialised (protection=2)
[  10068871 us][INFO ] PQC handshake complete: keygen+encaps+decaps+HKDF = 90.8 us
[  10227654 us][INFO ] deadline_tight   D1 miss=200 / 200
[  10227667 us][INFO ] deadline_relaxed D4 miss=0 / 200
[  10227942 us][INFO ] =========== deadline_tight summary ===========
[  10227945 us][INFO ] messages   success=0  verify_fail=0  drop=0
[  10227972 us][INFO ] e2e latency p50/p95/p99 = 50274.0 / 50477.6 / 50585.4 us
[  10227974 us][INFO ] SecOC auth   mean=136.0 us  verify mean=0.0 us
[  10227977 us][INFO ] deadline D1 miss 200/200 (100.00%)
[  10228230 us][INFO ] =========== deadline_relaxed summary ===========
[  10228233 us][INFO ] messages   success=200  verify_fail=0  drop=0
[  10228266 us][INFO ] e2e latency p50/p95/p99 = 762.5 / 903.0 / 1023.8 us
[  10228268 us][INFO ] SecOC auth   mean=101.5 us  verify mean=32.3 us
[  10228270 us][INFO ] deadline D4 miss 0/200 (0.00%)
