[        77 us][INFO ] logger initialised: scenario=deadline_stress seed=12648430 out=/home/user/computer_engineering_project/integrated_simulation_env/results/20260502T172827Z/raw git=ise
[       105 us][INFO ] running scenario 'deadline_stress' (Deadline miss per ASIL class)
[      1078 us][INFO ] bus[0] kind=0 bitrate=1000000 MTU=8 ber=0.00e+00 prop_ns=5000
[      1089 us][INFO ] ecu[tx-dl] stack initialised (protection=1)
[      1091 us][INFO ] ecu[rx-dl] stack initialised (protection=1)
[      2197 us][WARN ] bus[0] payload 34 > MTU 8 (dropped)
[     52329 us][WARN ] bus[0] payload 34 > MTU 8 (dropped)
[    102481 us][WARN ] bus[0] payload 34 > MTU 8 (dropped)
[    152708 us][WARN ] bus[0] payload 34 > MTU 8 (dropped)
[    202868 us][WARN ] bus[0] payload 34 > MTU 8 (dropped)
[    253027 us][WARN ] bus[0] payload 34 > MTU 8 (dropped)
[    303190 us][WARN ] bus[0] payload 34 > MTU 8 (dropped)
[    353367 us][WARN ] bus[0] payload 34 > MTU 8 (dropped)
[    403523 us][WARN ] bus[0] payload 34 > MTU 8 (dropped)
[    453714 us][WARN ] bus[0] payload 34 > MTU 8 (dropped)
[    503877 us][WARN ] bus[0] payload 34 > MTU 8 (dropped)
[    554071 us][WARN ] bus[0] payload 34 > MTU 8 (dropped)
[    604211 us][WARN ] bus[0] payload 34 > MTU 8 (dropped)
[    654404 us][WARN ] bus[0] payload 34 > MTU 8 (dropped)
[    704596 us][WARN ] bus[0] payload 34 > MTU 8 (dropped)
[    754825 us][WARN ] bus[0] payload 34 > MTU 8 (dropped)
[    805016 us][WARN ] bus[0] payload 34 > MTU 8 (dropped)
[    855151 us][WARN ] bus[0] payload 34 > MTU 8 (dropped)
[    905296 us][WARN ] bus[0] payload 34 > MTU 8 (dropped)
[    955424 us][WARN ] bus[0] payload 34 > MTU 8 (dropped)
[   1005555 us][WARN ] bus[0] payload 34 > MTU 8 (dropped)
[   1055721 us][WARN ] bus[0] payload 34 > MTU 8 (dropped)
[   1105935 us][WARN ] bus[0] payload 34 > MTU 8 (dropped)
[   1156078 us][WARN ] bus[0] payload 34 > MTU 8 (dropped)
[   1206277 us][WARN ] bus[0] payload 34 > MTU 8 (dropped)
[   1256440 us][WARN ] bus[0] payload 34 > MTU 8 (dropped)
[   1306574 us][WARN ] bus[0] payload 34 > MTU 8 (dropped)
[   1356717 us][WARN ] bus[0] payload 34 > MTU 8 (dropped)
[   1406866 us][WARN ] bus[0] payload 34 > MTU 8 (dropped)
[   1457036 us][WARN ] bus[0] payload 34 > MTU 8 (dropped)
[   1507167 us][WARN ] bus[0] payload 34 > MTU 8 (dropped)
[   1557305 us][WARN ] bus[0] payload 34 > MTU 8 (dropped)
[   1607439 us][WARN ] bus[0] payload 34 > MTU 8 (dropped)
[   1657653 us][WARN ] bus[0] payload 34 > MTU 8 (dropped)
[   1707795 us][WARN ] bus[0] payload 34 > MTU 8 (dropped)
[   1757990 us][WARN ] bus[0] payload 34 > MTU 8 (dropped)
[   1808130 us][WARN ] bus[0] payload 34 > MTU 8 (dropped)
[   1858265 us][WARN ] bus[0] payload 34 > MTU 8 (dropped)
[   1908533 us][WARN ] bus[0] payload 34 > MTU 8 (dropped)
[   1958683 us][WARN ] bus[0] payload 34 > MTU 8 (dropped)
[   2008807 us][WARN ] bus[0] payload 34 > MTU 8 (dropped)
[   2058952 us][WARN ] bus[0] payload 34 > MTU 8 (dropped)
[   2109076 us][WARN ] bus[0] payload 34 > MTU 8 (dropped)
[   2159192 us][WARN ] bus[0] payload 34 > MTU 8 (dropped)
[   2209327 us][WARN ] bus[0] payload 34 > MTU 8 (dropped)
[   2259533 us][WARN ] bus[0] payload 34 > MTU 8 (dropped)
[   2309693 us][WARN ] bus[0] payload 34 > MTU 8 (dropped)
[   2359841 us][WARN ] bus[0] payload 34 > MTU 8 (dropped)
[   2410010 us][WARN ] bus[0] payload 34 > MTU 8 (dropped)
[   2460195 us][WARN ] bus[0] payload 34 > MTU 8 (dropped)
[   2510333 us][WARN ] bus[0] payload 34 > MTU 8 (dropped)
[   2560467 us][WARN ] bus[0] payload 34 > MTU 8 (dropped)
[   2610656 us][WARN ] bus[0] payload 34 > MTU 8 (dropped)
[   2660797 us][WARN ] bus[0] payload 34 > MTU 8 (dropped)
[   2710978 us][WARN ] bus[0] payload 34 > MTU 8 (dropped)
[   2761110 us][WARN ] bus[0] payload 34 > MTU 8 (dropped)
[   2811326 us][WARN ] bus[0] payload 34 > MTU 8 (dropped)
[   2861479 us][WARN ] bus[0] payload 34 > MTU 8 (dropped)
[   2911644 us][WARN ] bus[0] payload 34 > MTU 8 (dropped)
[   2961830 us][WARN ] bus[0] payload 34 > MTU 8 (dropped)
[   3011991 us][WARN ] bus[0] payload 34 > MTU 8 (dropped)
[   3062120 us][WARN ] bus[0] payload 34 > MTU 8 (dropped)
[   3112281 us][WARN ] bus[0] payload 34 > MTU 8 (dropped)
[   3162433 us][WARN ] bus[0] payload 34 > MTU 8 (dropped)
[   3212582 us][WARN ] bus[0] payload 34 > MTU 8 (dropped)
[   3262718 us][WARN ] bus[0] payload 34 > MTU 8 (dropped)
[   3312915 us][WARN ] bus[0] payload 34 > MTU 8 (dropped)
[   3363076 us][WARN ] bus[0] payload 34 > MTU 8 (dropped)
[   3413264 us][WARN ] bus[0] payload 34 > MTU 8 (dropped)
[   3463464 us][WARN ] bus[0] payload 34 > MTU 8 (dropped)
[   3513608 us][WARN ] bus[0] payload 34 > MTU 8 (dropped)
[   3563753 us][WARN ] bus[0] payload 34 > MTU 8 (dropped)
[   3613972 us][WARN ] bus[0] payload 34 > MTU 8 (dropped)
[   3664135 us][WARN ] bus[0] payload 34 > MTU 8 (dropped)
[   3714312 us][WARN ] bus[0] payload 34 > MTU 8 (dropped)
[   3764434 us][WARN ] bus[0] payload 34 > MTU 8 (dropped)
[   3814586 us][WARN ] bus[0] payload 34 > MTU 8 (dropped)
[   3864764 us][WARN ] bus[0] payload 34 > MTU 8 (dropped)
[   3914962 us][WARN ] bus[0] payload 34 > MTU 8 (dropped)
[   3965101 us][WARN ] bus[0] payload 34 > MTU 8 (dropped)
[   4015242 us][WARN ] bus[0] payload 34 > MTU 8 (dropped)
[   4065394 us][WARN ] bus[0] payload 34 > MTU 8 (dropped)
[   4115585 us][WARN ] bus[0] payload 34 > MTU 8 (dropped)
[   4165720 us][WARN ] bus[0] payload 34 > MTU 8 (dropped)
[   4215974 us][WARN ] bus[0] payload 34 > MTU 8 (dropped)
[   4266112 us][WARN ] bus[0] payload 34 > MTU 8 (dropped)
[   4316320 us][WARN ] bus[0] payload 34 > MTU 8 (dropped)
[   4366449 us][WARN ] bus[0] payload 34 > MTU 8 (dropped)
[   4416595 us][WARN ] bus[0] payload 34 > MTU 8 (dropped)
[   4466798 us][WARN ] bus[0] payload 34 > MTU 8 (dropped)
[   4516954 us][WARN ] bus[0] payload 34 > MTU 8 (dropped)
[   4567095 us][WARN ] bus[0] payload 34 > MTU 8 (dropped)
[   4617263 us][WARN ] bus[0] payload 34 > MTU 8 (dropped)
[   4667398 us][WARN ] bus[0] payload 34 > MTU 8 (dropped)
[   4717533 us][WARN ] bus[0] payload 34 > MTU 8 (dropped)
[   4767662 us][WARN ] bus[0] payload 34 > MTU 8 (dropped)
[   4817791 us][WARN ] bus[0] payload 34 > MTU 8 (dropped)
[   4867911 us][WARN ] bus[0] payload 34 > MTU 8 (dropped)
[   4918130 us][WARN ] bus[0] payload 34 > MTU 8 (dropped)
[   4968266 us][WARN ] bus[0] payload 34 > MTU 8 (dropped)
[   5018400 us][WARN ] bus[0] payload 34 > MTU 8 (dropped)
[   5068521 us][WARN ] bus[0] payload 34 > MTU 8 (dropped)
[   5118643 us][WARN ] bus[0] payload 34 > MTU 8 (dropped)
[   5168789 us][WARN ] bus[0] payload 34 > MTU 8 (dropped)
[   5218976 us][WARN ] bus[0] payload 34 > MTU 8 (dropped)
[   5269116 us][WARN ] bus[0] payload 34 > MTU 8 (dropped)
[   5319272 us][WARN ] bus[0] payload 34 > MTU 8 (dropped)
[   5369418 us][WARN ] bus[0] payload 34 > MTU 8 (dropped)
[   5419569 us][WARN ] bus[0] payload 34 > MTU 8 (dropped)
[   5469747 us][WARN ] bus[0] payload 34 > MTU 8 (dropped)
[   5519886 us][WARN ] bus[0] payload 34 > MTU 8 (dropped)
[   5570028 us][WARN ] bus[0] payload 34 > MTU 8 (dropped)
[   5620188 us][WARN ] bus[0] payload 34 > MTU 8 (dropped)
[   5670440 us][WARN ] bus[0] payload 34 > MTU 8 (dropped)
[   5720641 us][WARN ] bus[0] payload 34 > MTU 8 (dropped)
[   5770876 us][WARN ] bus[0] payload 34 > MTU 8 (dropped)
[   5821016 us][WARN ] bus[0] payload 34 > MTU 8 (dropped)
[   5871201 us][WARN ] bus[0] payload 34 > MTU 8 (dropped)
[   5921388 us][WARN ] bus[0] payload 34 > MTU 8 (dropped)
[   5971512 us][WARN ] bus[0] payload 34 > MTU 8 (dropped)
[   6021771 us][WARN ] bus[0] payload 34 > MTU 8 (dropped)
[   6071900 us][WARN ] bus[0] payload 34 > MTU 8 (dropped)
[   6122220 us][WARN ] bus[0] payload 34 > MTU 8 (dropped)
[   6172360 us][WARN ] bus[0] payload 34 > MTU 8 (dropped)
[   6222506 us][WARN ] bus[0] payload 34 > MTU 8 (dropped)
[   6272657 us][WARN ] bus[0] payload 34 > MTU 8 (dropped)
[   6322814 us][WARN ] bus[0] payload 34 > MTU 8 (dropped)
[   6373007 us][WARN ] bus[0] payload 34 > MTU 8 (dropped)
[   6423234 us][WARN ] bus[0] payload 34 > MTU 8 (dropped)
[   6473395 us][WARN ] bus[0] payload 34 > MTU 8 (dropped)
[   6523589 us][WARN ] bus[0] payload 34 > MTU 8 (dropped)
[   6573803 us][WARN ] bus[0] payload 34 > MTU 8 (dropped)
[   6624007 us][WARN ] bus[0] payload 34 > MTU 8 (dropped)
[   6674135 us][WARN ] bus[0] payload 34 > MTU 8 (dropped)
[   6724284 us][WARN ] bus[0] payload 34 > MTU 8 (dropped)
[   6774446 us][WARN ] bus[0] payload 34 > MTU 8 (dropped)
[   6824602 us][WARN ] bus[0] payload 34 > MTU 8 (dropped)
[   6874803 us][WARN ] bus[0] payload 34 > MTU 8 (dropped)
[   6924940 us][WARN ] bus[0] payload 34 > MTU 8 (dropped)
[   6975123 us][WARN ] bus[0] payload 34 > MTU 8 (dropped)
[   7025319 us][WARN ] bus[0] payload 34 > MTU 8 (dropped)
[   7075458 us][WARN ] bus[0] payload 34 > MTU 8 (dropped)
[   7125612 us][WARN ] bus[0] payload 34 > MTU 8 (dropped)
[   7175870 us][WARN ] bus[0] payload 34 > MTU 8 (dropped)
[   7226029 us][WARN ] bus[0] payload 34 > MTU 8 (dropped)
[   7276184 us][WARN ] bus[0] payload 34 > MTU 8 (dropped)
[   7326383 us][WARN ] bus[0] payload 34 > MTU 8 (dropped)
[   7376589 us][WARN ] bus[0] payload 34 > MTU 8 (dropped)
[   7426790 us][WARN ] bus[0] payload 34 > MTU 8 (dropped)
[   7477129 us][WARN ] bus[0] payload 34 > MTU 8 (dropped)
[   7527257 us][WARN ] bus[0] payload 34 > MTU 8 (dropped)
[   7577404 us][WARN ] bus[0] payload 34 > MTU 8 (dropped)
[   7627550 us][WARN ] bus[0] payload 34 > MTU 8 (dropped)
[   7677782 us][WARN ] bus[0] payload 34 > MTU 8 (dropped)
[   7727933 us][WARN ] bus[0] payload 34 > MTU 8 (dropped)
[   7778138 us][WARN ] bus[0] payload 34 > MTU 8 (dropped)
[   7828287 us][WARN ] bus[0] payload 34 > MTU 8 (dropped)
[   7878429 us][WARN ] bus[0] payload 34 > MTU 8 (dropped)
[   7928602 us][WARN ] bus[0] payload 34 > MTU 8 (dropped)
[   7978832 us][WARN ] bus[0] payload 34 > MTU 8 (dropped)
[   8029026 us][WARN ] bus[0] payload 34 > MTU 8 (dropped)
[   8079200 us][WARN ] bus[0] payload 34 > MTU 8 (dropped)
[   8129373 us][WARN ] bus[0] payload 34 > MTU 8 (dropped)
[   8179514 us][WARN ] bus[0] payload 34 > MTU 8 (dropped)
[   8229766 us][WARN ] bus[0] payload 34 > MTU 8 (dropped)
[   8279924 us][WARN ] bus[0] payload 34 > MTU 8 (dropped)
[   8330060 us][WARN ] bus[0] payload 34 > MTU 8 (dropped)
[   8380232 us][WARN ] bus[0] payload 34 > MTU 8 (dropped)
[   8430435 us][WARN ] bus[0] payload 34 > MTU 8 (dropped)
[   8480626 us][WARN ] bus[0] payload 34 > MTU 8 (dropped)
[   8530781 us][WARN ] bus[0] payload 34 > MTU 8 (dropped)
[   8580931 us][WARN ] bus[0] payload 34 > MTU 8 (dropped)
[   8631085 us][WARN ] bus[0] payload 34 > MTU 8 (dropped)
[   8681289 us][WARN ] bus[0] payload 34 > MTU 8 (dropped)
[   8731443 us][WARN ] bus[0] payload 34 > MTU 8 (dropped)
[   8781640 us][WARN ] bus[0] payload 34 > MTU 8 (dropped)
[   8831838 us][WARN ] bus[0] payload 34 > MTU 8 (dropped)
[   8881980 us][WARN ] bus[0] payload 34 > MTU 8 (dropped)
[   8932124 us][WARN ] bus[0] payload 34 > MTU 8 (dropped)
[   8982273 us][WARN ] bus[0] payload 34 > MTU 8 (dropped)
[   9032417 us][WARN ] bus[0] payload 34 > MTU 8 (dropped)
[   9082561 us][WARN ] bus[0] payload 34 > MTU 8 (dropped)
[   9132716 us][WARN ] bus[0] payload 34 > MTU 8 (dropped)
[   9182893 us][WARN ] bus[0] payload 34 > MTU 8 (dropped)
[   9233063 us][WARN ] bus[0] payload 34 > MTU 8 (dropped)
[   9283220 us][WARN ] bus[0] payload 34 > MTU 8 (dropped)
[   9333388 us][WARN ] bus[0] payload 34 > MTU 8 (dropped)
[   9383530 us][WARN ] bus[0] payload 34 > MTU 8 (dropped)
[   9433717 us][WARN ] bus[0] payload 34 > MTU 8 (dropped)
[   9483900 us][WARN ] bus[0] payload 34 > MTU 8 (dropped)
[   9534074 us][WARN ] bus[0] payload 34 > MTU 8 (dropped)
[   9584233 us][WARN ] bus[0] payload 34 > MTU 8 (dropped)
[   9634430 us][WARN ] bus[0] payload 34 > MTU 8 (dropped)
[   9684606 us][WARN ] bus[0] payload 34 > MTU 8 (dropped)
[   9734816 us][WARN ] bus[0] payload 34 > MTU 8 (dropped)
[   9784961 us][WARN ] bus[0] payload 34 > MTU 8 (dropped)
[   9835130 us][WARN ] bus[0] payload 34 > MTU 8 (dropped)
[   9885338 us][WARN ] bus[0] payload 34 > MTU 8 (dropped)
[   9935501 us][WARN ] bus[0] payload 34 > MTU 8 (dropped)
[   9985656 us][WARN ] bus[0] payload 34 > MTU 8 (dropped)
[  10035885 us][INFO ] bus[3] kind=3 bitrate=100000000 MTU=1500 ber=0.00e+00 prop_ns=1000
[  10035901 us][INFO ] ecu[tx-dl] stack initialised (protection=1)
[  10035902 us][INFO ] ecu[rx-dl] stack initialised (protection=1)
[  10182164 us][INFO ] deadline_tight   D1 miss=200 / 200
[  10182177 us][INFO ] deadline_relaxed D4 miss=0 / 200
[  10182481 us][INFO ] =========== deadline_tight summary ===========
[  10182485 us][INFO ] messages   success=0  verify_fail=0  drop=0
[  10182515 us][INFO ] e2e latency p50/p95/p99 = 50156.4 / 50228.3 / 50318.9 us
[  10182517 us][INFO ] SecOC auth   mean=21.4 us  verify mean=0.0 us
[  10182520 us][INFO ] deadline D1 miss 200/200 (100.00%)
[  10182872 us][INFO ] =========== deadline_relaxed summary ===========
[  10182875 us][INFO ] messages   success=200  verify_fail=0  drop=0
[  10182907 us][INFO ] e2e latency p50/p95/p99 = 705.8 / 842.7 / 880.8 us
[  10182910 us][INFO ] SecOC auth   mean=2.4 us  verify mean=8.3 us
[  10182912 us][INFO ] deadline D4 miss 0/200 (0.00%)
