[       127 us][INFO ] logger initialised: scenario=keymismatch seed=12648430 out=/home/user/computer_engineering_project/integrated_simulation_env/results/20260502T172827Z/raw git=ise
[       153 us][INFO ] running scenario 'keymismatch' (Wrong-key rejection (SWS_SecOC_00046))
[      1123 us][INFO ] bus[0] kind=1 bitrate=5000000 MTU=64 ber=0.00e+00 prop_ns=3000
[      1136 us][INFO ] ecu[tx-keymm] stack initialised (protection=1)
[      1138 us][INFO ] ecu[rx-keymm] stack initialised (protection=1)
[    154703 us][INFO ] =========== keymismatch_shared summary ===========
[    154711 us][INFO ] messages   success=200  verify_fail=0  drop=0
[    154747 us][INFO ] e2e latency p50/p95/p99 = 753.7 / 840.6 / 885.0 us
[    154749 us][INFO ] SecOC auth   mean=8.3 us  verify mean=6.2 us
[    154751 us][INFO ] [shared] attempted=200 accepted=200 rejected=0 (expected accepted = 100%)
[    155047 us][INFO ] bus[0] kind=1 bitrate=5000000 MTU=64 ber=0.00e+00 prop_ns=3000
[    155053 us][INFO ] ecu[tx-keymm] stack initialised (protection=1)
[    155054 us][INFO ] ecu[rx-keymm] stack initialised (protection=1)
[    312135 us][INFO ] =========== keymismatch_mismatch summary ===========
[    312144 us][INFO ] messages   success=0  verify_fail=200  drop=0
[    312146 us][INFO ] SecOC auth   mean=2.3 us  verify mean=7.4 us
[    312148 us][INFO ] attacks injected=200 detected=200 delivered=0
[    312150 us][INFO ] [mismatch] attempted=200 accepted=0 rejected=200 (expected accepted = 0%)
[    312572 us][INFO ] =========== keymismatch_aggregate summary ===========
[    312576 us][INFO ] messages   success=200  verify_fail=200  drop=0
[    312578 us][INFO ] attacks injected=200 detected=200 delivered=0
[    312580 us][INFO ] keymismatch summary: shared=success, mismatch=100% rejection (SWS_SecOC_00046 binding proven)
