[       147 us][INFO ] logger initialised: scenario=keymismatch seed=12648430 out=/home/user/computer_engineering_project/integrated_simulation_env/results/20260502T172827Z/raw git=ise
[       175 us][INFO ] running scenario 'keymismatch' (Wrong-key rejection (SWS_SecOC_00046))
[      1233 us][INFO ] bus[0] kind=1 bitrate=5000000 MTU=64 ber=0.00e+00 prop_ns=3000
[      2905 us][INFO ] ecu[tx-keymm] stack initialised (protection=2)
[      2941 us][INFO ] ecu[rx-keymm] stack initialised (protection=2)
[      3174 us][INFO ] PQC handshake complete: keygen+encaps+decaps+HKDF = 228.2 us
[    202994 us][INFO ] =========== keymismatch_shared summary ===========
[    203003 us][INFO ] messages   success=200  verify_fail=0  drop=0
[    203034 us][INFO ] e2e latency p50/p95/p99 = 975.0 / 1248.1 / 1470.5 us
[    203036 us][INFO ] SecOC auth   mean=114.8 us  verify mean=41.1 us
[    203038 us][INFO ] [shared] attempted=200 accepted=200 rejected=0 (expected accepted = 100%)
[    206378 us][INFO ] bus[0] kind=1 bitrate=5000000 MTU=64 ber=0.00e+00 prop_ns=3000
[    206433 us][INFO ] ecu[tx-keymm] stack initialised (protection=2)
[    206469 us][INFO ] ecu[rx-keymm] stack initialised (protection=2)
[    396127 us][INFO ] =========== keymismatch_mismatch summary ===========
[    396135 us][INFO ] messages   success=0  verify_fail=200  drop=0
[    396137 us][INFO ] SecOC auth   mean=105.8 us  verify mean=33.5 us
[    396139 us][INFO ] attacks injected=200 detected=200 delivered=0
[    396141 us][INFO ] [mismatch] attempted=200 accepted=0 rejected=200 (expected accepted = 0%)
[    399734 us][INFO ] =========== keymismatch_aggregate summary ===========
[    399740 us][INFO ] messages   success=200  verify_fail=200  drop=0
[    399741 us][INFO ] attacks injected=200 detected=200 delivered=0
[    399743 us][INFO ] keymismatch summary: shared=success, mismatch=100% rejection (SWS_SecOC_00046 binding proven)
